This file contains any messages produced by compilers while
running configure, to aid debugging if configure makes a mistake.

It was created by zlib configure 1.1.4, which was
generated by GNU Autoconf 2.69.  Invocation command line was

  $ /root/hxz/binutils_for_android/binutils-2.33.1/zlib/configure --srcdir=.././zlib --cache-file=./config.cache --with-gnu-as --with-gnu-ld --prefix=/root/hxz/binutils_for_android/binutils-2.33.1/install --program-transform-name=s,y,y, --disable-option-checking --build=x86_64-pc-linux-gnu --host=aarch64-linux-android --target=aarch64-linux-android

## --------- ##
## Platform. ##
## --------- ##

hostname = r0env
uname -m = x86_64
uname -r = 6.6.9-amd64
uname -s = Linux
uname -v = #1 SMP PREEMPT_DYNAMIC Kali 6.6.9-1kali1 (2024-01-08)

/usr/bin/uname -p = unknown
/bin/uname -X     = unknown

/bin/arch              = x86_64
/usr/bin/arch -k       = unknown
/usr/convex/getsysinfo = unknown
/usr/bin/hostinfo      = unknown
/bin/machine           = unknown
/usr/bin/oslevel       = unknown
/bin/universe          = unknown

PATH: /usr/local/go/bin
PATH: .
PATH: /root/.pyenv/shims
PATH: /root/.pyenv/bin
PATH: /usr/local/sbin
PATH: /usr/local/bin
PATH: /usr/sbin
PATH: /usr/bin
PATH: /sbin
PATH: /bin
PATH: /usr/local/games
PATH: /usr/games
PATH: /opt/010editor
PATH: /root/Android/Sdk/platform-tools
PATH: /root/Documents/idea-IC-231.9011.34/bin
PATH: /root/go/bin
PATH: /root/Desktop/androidfile/binutils/aarch64-linux-android-4.9/bin/
PATH: /root/hxz/binutils_for_android/aarch64-linux-android-toolchain/bin


## ----------- ##
## Core tests. ##
## ----------- ##

configure:2151: creating cache ./config.cache
configure:2305: checking build system type
configure:2319: result: x86_64-pc-linux-gnu
configure:2339: checking host system type
configure:2352: result: aarch64-unknown-linux-android
configure:2372: checking target system type
configure:2385: result: aarch64-unknown-linux-android
configure:2433: checking for a BSD-compatible install
configure:2501: result: /usr/bin/install -c
configure:2512: checking whether build environment is sane
configure:2567: result: yes
configure:2626: checking for aarch64-linux-android-strip
configure:2653: result: aarch64-linux-android-strip
configure:2718: checking for a thread-safe mkdir -p
configure:2757: result: /usr/bin/mkdir -p
configure:2764: checking for gawk
configure:2791: result: gawk
configure:2802: checking whether make sets $(MAKE)
configure:2824: result: yes
configure:2853: checking whether make supports nested variables
configure:2870: result: yes
configure:2998: checking whether to enable maintainer-specific portions of Makefiles
configure:3007: result: no
configure:3078: checking for aarch64-linux-android-gcc
configure:3105: result: aarch64-linux-android-clang
configure:3374: checking for C compiler version
configure:3383: aarch64-linux-android-clang --version >&5
Android (9352603, based on r450784d1) clang version 14.0.7 (https://android.googlesource.com/toolchain/llvm-project 4c603efb0cca074e9238af8b4106c30add4418f6)
Target: aarch64-unknown-linux-android26
Thread model: posix
InstalledDir: /root/hxz/binutils_for_android/aarch64-linux-android-toolchain/bin
configure:3394: $? = 0
configure:3383: aarch64-linux-android-clang -v >&5
Android (9352603, based on r450784d1) clang version 14.0.7 (https://android.googlesource.com/toolchain/llvm-project 4c603efb0cca074e9238af8b4106c30add4418f6)
Target: aarch64-unknown-linux-android26
Thread model: posix
InstalledDir: /root/hxz/binutils_for_android/aarch64-linux-android-toolchain/bin
configure:3394: $? = 0
configure:3383: aarch64-linux-android-clang -V >&5
clang140: error: argument to '-V' is missing (expected 1 value)
clang140: error: no input files
configure:3394: $? = 1
configure:3383: aarch64-linux-android-clang -qversion >&5
clang140: error: unknown argument '-qversion'; did you mean '--version'?
clang140: error: no input files
configure:3394: $? = 1
configure:3410: aarch64-linux-android-clang -o conftest -fPIE -fPIC -Wno-error -Wno-null-pointer-arithmetic   -pie conftest.c  >&5
configure:3413: $? = 0
configure:3442: checking whether the C compiler works
configure:3464: aarch64-linux-android-clang -fPIE -fPIC -Wno-error -Wno-null-pointer-arithmetic   -pie conftest.c  >&5
configure:3468: $? = 0
configure:3516: result: yes
configure:3519: checking for C compiler default output file name
configure:3521: result: a.out
configure:3527: checking for suffix of executables
configure:3534: aarch64-linux-android-clang -o conftest -fPIE -fPIC -Wno-error -Wno-null-pointer-arithmetic   -pie conftest.c  >&5
configure:3538: $? = 0
configure:3560: result: 
configure:3582: checking whether we are cross compiling
configure:3620: result: yes
configure:3626: checking for suffix of object files
configure:3648: aarch64-linux-android-clang -c -fPIE -fPIC -Wno-error -Wno-null-pointer-arithmetic  conftest.c >&5
configure:3652: $? = 0
configure:3673: result: o
configure:3677: checking whether we are using the GNU C compiler
configure:3696: aarch64-linux-android-clang -c -fPIE -fPIC -Wno-error -Wno-null-pointer-arithmetic  conftest.c >&5
configure:3696: $? = 0
configure:3705: result: yes
configure:3714: checking whether aarch64-linux-android-clang accepts -g
configure:3734: aarch64-linux-android-clang -c -g  conftest.c >&5
configure:3734: $? = 0
configure:3775: result: yes
configure:3792: checking for aarch64-linux-android-clang option to accept ISO C89
configure:3855: aarch64-linux-android-clang  -c -fPIE -fPIC -Wno-error -Wno-null-pointer-arithmetic  conftest.c >&5
configure:3855: $? = 0
configure:3868: result: none needed
configure:3893: checking whether aarch64-linux-android-clang understands -c and -o together
configure:3915: aarch64-linux-android-clang -c conftest.c -o conftest2.o
configure:3918: $? = 0
configure:3915: aarch64-linux-android-clang -c conftest.c -o conftest2.o
configure:3918: $? = 0
configure:3930: result: yes
configure:3958: checking for style of include used by make
configure:3986: result: GNU
configure:4012: checking dependency style of aarch64-linux-android-clang
configure:4123: result: gcc3
configure:4188: checking how to print strings
configure:4215: result: printf
configure:4236: checking for a sed that does not truncate output
configure:4300: result: /usr/bin/sed
configure:4318: checking for grep that handles long lines and -e
configure:4376: result: /usr/bin/grep
configure:4381: checking for egrep
configure:4443: result: /usr/bin/grep -E
configure:4448: checking for fgrep
configure:4510: result: /usr/bin/grep -F
configure:4545: checking for ld used by aarch64-linux-android-clang
configure:4612: result: aarch64-linux-android-ld
configure:4619: checking if the linker (aarch64-linux-android-ld) is GNU ld
configure:4634: result: no
configure:4646: checking for BSD- or MS-compatible name lister (nm)
configure:4695: result: aarch64-linux-android-nm
configure:4825: checking the name lister (aarch64-linux-android-nm) interface
configure:4832: aarch64-linux-android-clang -c -fPIE -fPIC -Wno-error -Wno-null-pointer-arithmetic  conftest.c >&5
configure:4835: aarch64-linux-android-nm "conftest.o"
/root/hxz/binutils_for_android/binutils-2.33.1/zlib/configure: line 4836: aarch64-linux-android-nm: command not found
configure:4838: output
configure:4845: result: BSD nm
configure:4848: checking whether ln -s works
configure:4852: result: yes
configure:4860: checking the maximum length of command line arguments
configure:4985: result: 1572864
configure:5002: checking whether the shell understands some XSI constructs
configure:5012: result: yes
configure:5016: checking whether the shell understands "+="
configure:5022: result: yes
configure:5057: checking for aarch64-linux-android-ld option to reload object files
configure:5064: result: -r
configure:5093: checking for aarch64-linux-android-objdump
configure:5120: result: aarch64-linux-android-objdump
configure:5192: checking how to recognize dependent libraries
configure:5393: result: pass_all
configure:5413: checking for aarch64-linux-android-ar
configure:5440: result: aarch64-linux-android-ar
configure:5518: checking for aarch64-linux-android-strip
configure:5545: result: aarch64-linux-android-strip
configure:5617: checking for aarch64-linux-android-ranlib
configure:5644: result: true
configure:5786: checking command to parse aarch64-linux-android-nm output from aarch64-linux-android-clang object
configure:5904: aarch64-linux-android-clang -c -fPIE -fPIC -Wno-error -Wno-null-pointer-arithmetic  conftest.c >&5
configure:5907: $? = 0
configure:5911: aarch64-linux-android-nm conftest.o \| sed -n -e 's/^.*[ ]\([BCDEGRST][BCDEGRST]*\)[ ][ ]*\([_A-Za-z][_A-Za-z0-9]*\)$/\1 \2 \2/p' \> conftest.nm
/root/hxz/binutils_for_android/binutils-2.33.1/zlib/configure: line 5912: aarch64-linux-android-nm: command not found
configure:5914: $? = 0
cannot run sed -n -e 's/^.*[	 ]\([BCDEGRST][BCDEGRST]*\)[	 ][	 ]*\([_A-Za-z][_A-Za-z0-9]*\)$/\1 \2 \2/p'
configure:5904: aarch64-linux-android-clang -c -fPIE -fPIC -Wno-error -Wno-null-pointer-arithmetic  conftest.c >&5
configure:5907: $? = 0
configure:5911: aarch64-linux-android-nm conftest.o \| sed -n -e 's/^.*[ ]\([BCDEGRST][BCDEGRST]*\)[ ][ ]*_\([_A-Za-z][_A-Za-z0-9]*\)$/\1 _\2 \2/p' \> conftest.nm
/root/hxz/binutils_for_android/binutils-2.33.1/zlib/configure: line 5912: aarch64-linux-android-nm: command not found
configure:5914: $? = 0
cannot run sed -n -e 's/^.*[	 ]\([BCDEGRST][BCDEGRST]*\)[	 ][	 ]*_\([_A-Za-z][_A-Za-z0-9]*\)$/\1 _\2 \2/p'
configure:6006: result: failed
configure:6867: checking how to run the C preprocessor
configure:6898: aarch64-linux-android-clang -E  conftest.c
configure:6898: $? = 0
configure:6912: aarch64-linux-android-clang -E  conftest.c
conftest.c:11:10: fatal error: 'ac_nonexistent.h' file not found
#include <ac_nonexistent.h>
         ^~~~~~~~~~~~~~~~~~
1 error generated.
configure:6912: $? = 1
configure: failed program was:
| /* confdefs.h */
| #define PACKAGE_NAME "zlib"
| #define PACKAGE_TARNAME "zlib"
| #define PACKAGE_VERSION "1.1.4"
| #define PACKAGE_STRING "zlib 1.1.4"
| #define PACKAGE_BUGREPORT ""
| #define PACKAGE_URL ""
| #define PACKAGE "zlib"
| #define VERSION "1.1.4"
| /* end confdefs.h.  */
| #include <ac_nonexistent.h>
configure:6937: result: aarch64-linux-android-clang -E
configure:6957: aarch64-linux-android-clang -E  conftest.c
configure:6957: $? = 0
configure:6971: aarch64-linux-android-clang -E  conftest.c
conftest.c:11:10: fatal error: 'ac_nonexistent.h' file not found
#include <ac_nonexistent.h>
         ^~~~~~~~~~~~~~~~~~
1 error generated.
configure:6971: $? = 1
configure: failed program was:
| /* confdefs.h */
| #define PACKAGE_NAME "zlib"
| #define PACKAGE_TARNAME "zlib"
| #define PACKAGE_VERSION "1.1.4"
| #define PACKAGE_STRING "zlib 1.1.4"
| #define PACKAGE_BUGREPORT ""
| #define PACKAGE_URL ""
| #define PACKAGE "zlib"
| #define VERSION "1.1.4"
| /* end confdefs.h.  */
| #include <ac_nonexistent.h>
configure:7000: checking for ANSI C header files
configure:7020: aarch64-linux-android-clang -c -fPIE -fPIC -Wno-error -Wno-null-pointer-arithmetic  conftest.c >&5
configure:7020: $? = 0
configure:7104: result: yes
configure:7117: checking for sys/types.h
configure:7117: aarch64-linux-android-clang -c -fPIE -fPIC -Wno-error -Wno-null-pointer-arithmetic  conftest.c >&5
configure:7117: $? = 0
configure:7117: result: yes
configure:7117: checking for sys/stat.h
configure:7117: aarch64-linux-android-clang -c -fPIE -fPIC -Wno-error -Wno-null-pointer-arithmetic  conftest.c >&5
configure:7117: $? = 0
configure:7117: result: yes
configure:7117: checking for stdlib.h
configure:7117: aarch64-linux-android-clang -c -fPIE -fPIC -Wno-error -Wno-null-pointer-arithmetic  conftest.c >&5
configure:7117: $? = 0
configure:7117: result: yes
configure:7117: checking for string.h
configure:7117: aarch64-linux-android-clang -c -fPIE -fPIC -Wno-error -Wno-null-pointer-arithmetic  conftest.c >&5
configure:7117: $? = 0
configure:7117: result: yes
configure:7117: checking for memory.h
configure:7117: aarch64-linux-android-clang -c -fPIE -fPIC -Wno-error -Wno-null-pointer-arithmetic  conftest.c >&5
configure:7117: $? = 0
configure:7117: result: yes
configure:7117: checking for strings.h
configure:7117: aarch64-linux-android-clang -c -fPIE -fPIC -Wno-error -Wno-null-pointer-arithmetic  conftest.c >&5
configure:7117: $? = 0
configure:7117: result: yes
configure:7117: checking for inttypes.h
configure:7117: aarch64-linux-android-clang -c -fPIE -fPIC -Wno-error -Wno-null-pointer-arithmetic  conftest.c >&5
configure:7117: $? = 0
configure:7117: result: yes
configure:7117: checking for stdint.h
configure:7117: aarch64-linux-android-clang -c -fPIE -fPIC -Wno-error -Wno-null-pointer-arithmetic  conftest.c >&5
configure:7117: $? = 0
configure:7117: result: yes
configure:7117: checking for unistd.h
configure:7117: aarch64-linux-android-clang -c -fPIE -fPIC -Wno-error -Wno-null-pointer-arithmetic  conftest.c >&5
configure:7117: $? = 0
configure:7117: result: yes
configure:7131: checking for dlfcn.h
configure:7131: aarch64-linux-android-clang -c -fPIE -fPIC -Wno-error -Wno-null-pointer-arithmetic  conftest.c >&5
configure:7131: $? = 0
configure:7131: result: yes
configure:7318: checking for objdir
configure:7333: result: .libs
configure:7604: checking if aarch64-linux-android-clang supports -fno-rtti -fno-exceptions
configure:7622: aarch64-linux-android-clang -c -fPIE -fPIC -Wno-error -Wno-null-pointer-arithmetic  -fno-rtti -fno-exceptions conftest.c >&5
configure:7626: $? = 0
configure:7639: result: yes
configure:7659: checking for aarch64-linux-android-clang option to produce PIC
configure:7945: result: -fPIC -DPIC
configure:7957: checking if aarch64-linux-android-clang PIC flag -fPIC -DPIC works
configure:7975: aarch64-linux-android-clang -c -fPIE -fPIC -Wno-error -Wno-null-pointer-arithmetic  -fPIC -DPIC -DPIC conftest.c >&5
configure:7979: $? = 0
configure:7992: result: yes
configure:8016: checking if aarch64-linux-android-clang static flag -static works
clang140: warning: argument unused during compilation: '-pie' [-Wunused-command-line-argument]
configure:8044: result: no
configure:8059: checking if aarch64-linux-android-clang supports -c -o file.o
configure:8080: aarch64-linux-android-clang -c -fPIE -fPIC -Wno-error -Wno-null-pointer-arithmetic  -o out/conftest2.o conftest.c >&5
configure:8084: $? = 0
configure:8106: result: yes
configure:8114: checking if aarch64-linux-android-clang supports -c -o file.o
configure:8161: result: yes
configure:8194: checking whether the aarch64-linux-android-clang linker (aarch64-linux-android-ld) supports shared libraries
configure:9274: result: no
configure:9519: checking dynamic linker characteristics
configure:9973: aarch64-linux-android-clang -o conftest -fPIE -fPIC -Wno-error -Wno-null-pointer-arithmetic   -pie  conftest.c  >&5
configure:9973: $? = 0
configure:10195: result: GNU/Linux ld.so
configure:10302: checking how to hardcode library paths into programs
configure:10327: result: unsupported
configure:10882: checking whether stripping libraries is possible
configure:10904: result: no
configure:10922: checking if libtool supports shared libraries
configure:10924: result: no
configure:10927: checking whether to build shared libraries
configure:10948: result: no
configure:10951: checking whether to build static libraries
configure:10955: result: yes
configure:10998: checking how to run the C preprocessor
configure:11068: result: aarch64-linux-android-clang -E
configure:11088: aarch64-linux-android-clang -E  conftest.c
configure:11088: $? = 0
configure:11102: aarch64-linux-android-clang -E  conftest.c
conftest.c:23:10: fatal error: 'ac_nonexistent.h' file not found
#include <ac_nonexistent.h>
         ^~~~~~~~~~~~~~~~~~
1 error generated.
configure:11102: $? = 1
configure: failed program was:
| /* confdefs.h */
| #define PACKAGE_NAME "zlib"
| #define PACKAGE_TARNAME "zlib"
| #define PACKAGE_VERSION "1.1.4"
| #define PACKAGE_STRING "zlib 1.1.4"
| #define PACKAGE_BUGREPORT ""
| #define PACKAGE_URL ""
| #define PACKAGE "zlib"
| #define VERSION "1.1.4"
| #define STDC_HEADERS 1
| #define HAVE_SYS_TYPES_H 1
| #define HAVE_SYS_STAT_H 1
| #define HAVE_STDLIB_H 1
| #define HAVE_STRING_H 1
| #define HAVE_MEMORY_H 1
| #define HAVE_STRINGS_H 1
| #define HAVE_INTTYPES_H 1
| #define HAVE_STDINT_H 1
| #define HAVE_UNISTD_H 1
| #define HAVE_DLFCN_H 1
| #define LT_OBJDIR ".libs/"
| /* end confdefs.h.  */
| #include <ac_nonexistent.h>
configure:11158: checking for stdlib.h
configure:11158: result: yes
configure:11158: checking for unistd.h
configure:11158: result: yes
configure:11158: checking for sys/param.h
configure:11158: aarch64-linux-android-clang -c -fPIE -fPIC -Wno-error -Wno-null-pointer-arithmetic  conftest.c >&5
configure:11158: $? = 0
configure:11158: result: yes
configure:11178: checking for getpagesize
configure:11178: aarch64-linux-android-clang -o conftest -fPIE -fPIC -Wno-error -Wno-null-pointer-arithmetic   -pie conftest.c  >&5
configure:11178: $? = 0
configure:11178: result: yes
configure:11187: checking for working mmap
configure:11344: result: no
configure:11357: checking for memcpy
configure:11357: aarch64-linux-android-clang -o conftest -fPIE -fPIC -Wno-error -Wno-null-pointer-arithmetic   -pie conftest.c  >&5
conftest.c:50:6: warning: incompatible redeclaration of library function 'memcpy' [-Wincompatible-library-redeclaration]
char memcpy ();
     ^
conftest.c:50:6: note: 'memcpy' is a builtin with type 'void *(void *, const void *, unsigned long)'
1 warning generated.
configure:11357: $? = 0
configure:11357: result: yes
configure:11357: checking for strerror
configure:11357: aarch64-linux-android-clang -o conftest -fPIE -fPIC -Wno-error -Wno-null-pointer-arithmetic   -pie conftest.c  >&5
conftest.c:51:6: warning: incompatible redeclaration of library function 'strerror' [-Wincompatible-library-redeclaration]
char strerror ();
     ^
conftest.c:51:6: note: 'strerror' is a builtin with type 'char *(int)'
1 warning generated.
configure:11357: $? = 0
configure:11357: result: yes
configure:11422: checking for unistd.h
configure:11422: result: yes
configure:11536: updating cache ./config.cache
configure:11616: checking that generated files are newer than configure
configure:11622: result: done
configure:11653: creating ./config.status

## ---------------------- ##
## Running config.status. ##
## ---------------------- ##

This file was extended by zlib config.status 1.1.4, which was
generated by GNU Autoconf 2.69.  Invocation command line was

  CONFIG_FILES    = 
  CONFIG_HEADERS  = 
  CONFIG_LINKS    = 
  CONFIG_COMMANDS = 
  $ ./config.status 

on r0env

config.status:1018: creating Makefile
config.status:1190: executing depfiles commands
config.status:1190: executing libtool commands

## ---------------- ##
## Cache variables. ##
## ---------------- ##

ac_cv_build=x86_64-pc-linux-gnu
ac_cv_c_compiler_gnu=yes
ac_cv_env_CPPFLAGS_set=
ac_cv_env_CPPFLAGS_value=
ac_cv_env_CPP_set=
ac_cv_env_CPP_value=
ac_cv_env_build_alias_set=set
ac_cv_env_build_alias_value=x86_64-pc-linux-gnu
ac_cv_env_host_alias_set=set
ac_cv_env_host_alias_value=aarch64-linux-android
ac_cv_env_target_alias_set=set
ac_cv_env_target_alias_value=aarch64-linux-android
ac_cv_func_getpagesize=yes
ac_cv_func_memcpy=yes
ac_cv_func_mmap_fixed_mapped=no
ac_cv_func_strerror=yes
ac_cv_header_dlfcn_h=yes
ac_cv_header_inttypes_h=yes
ac_cv_header_memory_h=yes
ac_cv_header_stdc=yes
ac_cv_header_stdint_h=yes
ac_cv_header_stdlib_h=yes
ac_cv_header_string_h=yes
ac_cv_header_strings_h=yes
ac_cv_header_sys_param_h=yes
ac_cv_header_sys_stat_h=yes
ac_cv_header_sys_types_h=yes
ac_cv_header_unistd_h=yes
ac_cv_host=aarch64-unknown-linux-android
ac_cv_objext=o
ac_cv_path_EGREP='/usr/bin/grep -E'
ac_cv_path_FGREP='/usr/bin/grep -F'
ac_cv_path_GREP=/usr/bin/grep
ac_cv_path_SED=/usr/bin/sed
ac_cv_path_mkdir=/usr/bin/mkdir
ac_cv_prog_AR=aarch64-linux-android-ar
ac_cv_prog_AWK=gawk
ac_cv_prog_CC=aarch64-linux-android-clang
ac_cv_prog_CPP='aarch64-linux-android-clang -E'
ac_cv_prog_OBJDUMP=aarch64-linux-android-objdump
ac_cv_prog_RANLIB=true
ac_cv_prog_STRIP=aarch64-linux-android-strip
ac_cv_prog_cc_c89=
ac_cv_prog_cc_g=yes
ac_cv_prog_make_make_set=yes
ac_cv_target=aarch64-unknown-linux-android
am_cv_CC_dependencies_compiler_type=gcc3
am_cv_make_support_nested_variables=yes
am_cv_prog_cc_c_o=yes
lt_cv_deplibs_check_method=pass_all
lt_cv_file_magic_cmd='$MAGIC_CMD'
lt_cv_file_magic_test_file=
lt_cv_ld_reload_flag=-r
lt_cv_nm_interface='BSD nm'
lt_cv_objdir=.libs
lt_cv_path_LD=aarch64-linux-android-ld
lt_cv_path_NM=aarch64-linux-android-nm
lt_cv_prog_compiler_c_o=yes
lt_cv_prog_compiler_pic_works=yes
lt_cv_prog_compiler_rtti_exceptions=yes
lt_cv_prog_compiler_static_works=no
lt_cv_prog_gnu_ld=no
lt_cv_shlibpath_overrides_runpath=no
lt_cv_sys_global_symbol_pipe=
lt_cv_sys_global_symbol_to_c_name_address='sed -n -e '\''s/^: \([^ ]*\) $/  {\"\1\", (void *) 0},/p'\'' -e '\''s/^[BCDEGRST]* \([^ ]*\) \([^ ]*\)$/  {"\2", (void *) \&\2},/p'\'''
lt_cv_sys_global_symbol_to_c_name_address_lib_prefix='sed -n -e '\''s/^: \([^ ]*\) $/  {\"\1\", (void *) 0},/p'\'' -e '\''s/^[BCDEGRST]* \([^ ]*\) \(lib[^ ]*\)$/  {"\2", (void *) \&\2},/p'\'' -e '\''s/^[BCDEGRST]* \([^ ]*\) \([^ ]*\)$/  {"lib\2", (void *) \&\2},/p'\'''
lt_cv_sys_global_symbol_to_cdecl=
lt_cv_sys_max_cmd_len=1572864

## ----------------- ##
## Output variables. ##
## ----------------- ##

ACLOCAL='${SHELL} /root/hxz/binutils_for_android/binutils-2.33.1/missing aclocal-1.15'
AMDEPBACKSLASH='\'
AMDEP_FALSE='#'
AMDEP_TRUE=''
AMTAR='$${TAR-tar}'
AM_BACKSLASH='\'
AM_DEFAULT_V='$(AM_DEFAULT_VERBOSITY)'
AM_DEFAULT_VERBOSITY='1'
AM_V='$(V)'
AR='aarch64-linux-android-ar'
AUTOCONF='${SHELL} /root/hxz/binutils_for_android/binutils-2.33.1/missing autoconf'
AUTOHEADER='${SHELL} /root/hxz/binutils_for_android/binutils-2.33.1/missing autoheader'
AUTOMAKE='${SHELL} /root/hxz/binutils_for_android/binutils-2.33.1/missing automake-1.15'
AWK='gawk'
CC='aarch64-linux-android-clang'
CCDEPMODE='depmode=gcc3'
CFLAGS='-fPIE -fPIC -Wno-error -Wno-null-pointer-arithmetic'
COMPPATH='.'
CPP='aarch64-linux-android-clang -E'
CPPFLAGS=''
CYGPATH_W='echo'
DEFS='-DPACKAGE_NAME=\"zlib\" -DPACKAGE_TARNAME=\"zlib\" -DPACKAGE_VERSION=\"1.1.4\" -DPACKAGE_STRING=\"zlib\ 1.1.4\" -DPACKAGE_BUGREPORT=\"\" -DPACKAGE_URL=\"\" -DPACKAGE=\"zlib\" -DVERSION=\"1.1.4\" -DSTDC_HEADERS=1 -DHAVE_SYS_TYPES_H=1 -DHAVE_SYS_STAT_H=1 -DHAVE_STDLIB_H=1 -DHAVE_STRING_H=1 -DHAVE_MEMORY_H=1 -DHAVE_STRINGS_H=1 -DHAVE_INTTYPES_H=1 -DHAVE_STDINT_H=1 -DHAVE_UNISTD_H=1 -DHAVE_DLFCN_H=1 -DLT_OBJDIR=\".libs/\" -DHAVE_STDLIB_H=1 -DHAVE_UNISTD_H=1 -DHAVE_SYS_PARAM_H=1 -DHAVE_GETPAGESIZE=1 -DHAVE_MEMCPY=1 -DHAVE_STRERROR=1 -DHAVE_UNISTD_H=1'
DEPDIR='.deps'
DSYMUTIL=''
DUMPBIN=''
ECHO_C=''
ECHO_N='-n'
ECHO_T=''
EGREP='/usr/bin/grep -E'
EXEEXT=''
FGREP='/usr/bin/grep -F'
GREP='/usr/bin/grep'
INSTALL_DATA='/usr/bin/install -c -m 644'
INSTALL_PROGRAM='/usr/bin/install -c'
INSTALL_SCRIPT='/usr/bin/install -c'
INSTALL_STRIP_PROGRAM='$(install_sh) -c -s'
LD='aarch64-linux-android-ld'
LDFLAGS=' -pie'
LIBOBJS=''
LIBS=''
LIBTOOL='$(SHELL) $(top_builddir)/libtool'
LIPO=''
LN_S='ln -s'
LTLIBOBJS=''
MAINT='#'
MAINTAINER_MODE_FALSE=''
MAINTAINER_MODE_TRUE='#'
MAKEINFO='/root/hxz/binutils_for_android/binutils-2.33.1/missing makeinfo --split-size=5000000'
MKDIR_P='/usr/bin/mkdir -p'
NM='aarch64-linux-android-nm'
NMEDIT=''
OBJDUMP='aarch64-linux-android-objdump'
OBJEXT='o'
OTOOL64=''
OTOOL=''
PACKAGE='zlib'
PACKAGE_BUGREPORT=''
PACKAGE_NAME='zlib'
PACKAGE_STRING='zlib 1.1.4'
PACKAGE_TARNAME='zlib'
PACKAGE_URL=''
PACKAGE_VERSION='1.1.4'
PATH_SEPARATOR=':'
PICFLAG=''
RANLIB='true'
SED='/usr/bin/sed'
SET_MAKE=''
SHELL='/bin/bash'
STRIP='aarch64-linux-android-strip'
TARGET_LIBRARY_FALSE=''
TARGET_LIBRARY_TRUE='#'
VERSION='1.1.4'
ac_ct_CC=''
ac_ct_DUMPBIN=''
am__EXEEXT_FALSE=''
am__EXEEXT_TRUE='#'
am__fastdepCC_FALSE='#'
am__fastdepCC_TRUE=''
am__include='include'
am__isrc=''
am__leading_dot='.'
am__nodep='_no'
am__quote=''
am__tar='$${TAR-tar} chof - "$$tardir"'
am__untar='$${TAR-tar} xf -'
bindir='${exec_prefix}/bin'
build='x86_64-pc-linux-gnu'
build_alias='x86_64-pc-linux-gnu'
build_cpu='x86_64'
build_os='linux-gnu'
build_vendor='pc'
datadir='${datarootdir}'
datarootdir='${prefix}/share'
docdir='${datarootdir}/doc/${PACKAGE_TARNAME}'
dvidir='${docdir}'
exec_prefix='${prefix}'
host='aarch64-unknown-linux-android'
host_alias='aarch64-linux-android'
host_cpu='aarch64'
host_os='linux-android'
host_vendor='unknown'
htmldir='${docdir}'
includedir='${prefix}/include'
infodir='${datarootdir}/info'
install_sh='${SHELL} /root/hxz/binutils_for_android/binutils-2.33.1/install-sh'
libdir='${exec_prefix}/lib'
libexecdir='${exec_prefix}/libexec'
localedir='${datarootdir}/locale'
localstatedir='${prefix}/var'
mandir='${datarootdir}/man'
mkdir_p='$(MKDIR_P)'
mkinstalldirs='/root/hxz/binutils_for_android/binutils-2.33.1/mkinstalldirs'
multi_basedir=''
oldincludedir='/usr/include'
pdfdir='${docdir}'
prefix='/root/hxz/binutils_for_android/binutils-2.33.1/install'
program_transform_name='s,y,y,'
psdir='${docdir}'
sbindir='${exec_prefix}/sbin'
sharedstatedir='${prefix}/com'
sysconfdir='${prefix}/etc'
target='aarch64-unknown-linux-android'
target_alias='aarch64-linux-android'
target_all='libzgcj.la'
target_cpu='aarch64'
target_os='linux-android'
target_vendor='unknown'
toolexecdir='$(libdir)/gcc-lib/$(target_alias)'
toolexeclibdir='$(libdir)'

## ----------- ##
## confdefs.h. ##
## ----------- ##

/* confdefs.h */
#define PACKAGE_NAME "zlib"
#define PACKAGE_TARNAME "zlib"
#define PACKAGE_VERSION "1.1.4"
#define PACKAGE_STRING "zlib 1.1.4"
#define PACKAGE_BUGREPORT ""
#define PACKAGE_URL ""
#define PACKAGE "zlib"
#define VERSION "1.1.4"
#define STDC_HEADERS 1
#define HAVE_SYS_TYPES_H 1
#define HAVE_SYS_STAT_H 1
#define HAVE_STDLIB_H 1
#define HAVE_STRING_H 1
#define HAVE_MEMORY_H 1
#define HAVE_STRINGS_H 1
#define HAVE_INTTYPES_H 1
#define HAVE_STDINT_H 1
#define HAVE_UNISTD_H 1
#define HAVE_DLFCN_H 1
#define LT_OBJDIR ".libs/"
#define HAVE_STDLIB_H 1
#define HAVE_UNISTD_H 1
#define HAVE_SYS_PARAM_H 1
#define HAVE_GETPAGESIZE 1
#define HAVE_MEMCPY 1
#define HAVE_STRERROR 1
#define HAVE_UNISTD_H 1

configure: exit 0
