This file contains any messages produced by compilers while
running configure, to aid debugging if configure makes a mistake.

It was created by gprof configure 2.33.1, which was
generated by GNU Autoconf 2.69.  Invocation command line was

  $ /root/hxz/binutils_for_android/binutils-2.33.1/gprof/configure --srcdir=.././gprof --cache-file=./config.cache --with-gnu-as --with-gnu-ld --prefix=/root/hxz/binutils_for_android/binutils-2.33.1/install --program-transform-name=s,y,y, --disable-option-checking --build=x86_64-pc-linux-gnu --host=aarch64-linux-android --target=aarch64-linux-android

## --------- ##
## Platform. ##
## --------- ##

hostname = r0env
uname -m = x86_64
uname -r = 6.6.9-amd64
uname -s = Linux
uname -v = #1 SMP PREEMPT_DYNAMIC Kali 6.6.9-1kali1 (2024-01-08)

/usr/bin/uname -p = unknown
/bin/uname -X     = unknown

/bin/arch              = x86_64
/usr/bin/arch -k       = unknown
/usr/convex/getsysinfo = unknown
/usr/bin/hostinfo      = unknown
/bin/machine           = unknown
/usr/bin/oslevel       = unknown
/bin/universe          = unknown

PATH: /usr/local/go/bin
PATH: .
PATH: /root/.pyenv/shims
PATH: /root/.pyenv/bin
PATH: /usr/local/sbin
PATH: /usr/local/bin
PATH: /usr/sbin
PATH: /usr/bin
PATH: /sbin
PATH: /bin
PATH: /usr/local/games
PATH: /usr/games
PATH: /opt/010editor
PATH: /root/Android/Sdk/platform-tools
PATH: /root/Documents/idea-IC-231.9011.34/bin
PATH: /root/go/bin
PATH: /root/Desktop/androidfile/binutils/aarch64-linux-android-4.9/bin/
PATH: /root/hxz/binutils_for_android/aarch64-linux-android-toolchain/bin


## ----------- ##
## Core tests. ##
## ----------- ##

configure:2162: creating cache ./config.cache
configure:2273: checking build system type
configure:2287: result: x86_64-pc-linux-gnu
configure:2307: checking host system type
configure:2320: result: aarch64-unknown-linux-android
configure:2340: checking target system type
configure:2353: result: aarch64-unknown-linux-android
configure:2390: checking for aarch64-linux-android-gcc
configure:2417: result: aarch64-linux-android-clang
configure:2686: checking for C compiler version
configure:2695: aarch64-linux-android-clang --version >&5
Android (9352603, based on r450784d1) clang version 14.0.7 (https://android.googlesource.com/toolchain/llvm-project 4c603efb0cca074e9238af8b4106c30add4418f6)
Target: aarch64-unknown-linux-android26
Thread model: posix
InstalledDir: /root/hxz/binutils_for_android/aarch64-linux-android-toolchain/bin
configure:2706: $? = 0
configure:2695: aarch64-linux-android-clang -v >&5
Android (9352603, based on r450784d1) clang version 14.0.7 (https://android.googlesource.com/toolchain/llvm-project 4c603efb0cca074e9238af8b4106c30add4418f6)
Target: aarch64-unknown-linux-android26
Thread model: posix
InstalledDir: /root/hxz/binutils_for_android/aarch64-linux-android-toolchain/bin
configure:2706: $? = 0
configure:2695: aarch64-linux-android-clang -V >&5
clang140: error: argument to '-V' is missing (expected 1 value)
clang140: error: no input files
configure:2706: $? = 1
configure:2695: aarch64-linux-android-clang -qversion >&5
clang140: error: unknown argument '-qversion'; did you mean '--version'?
clang140: error: no input files
configure:2706: $? = 1
configure:2726: checking whether the C compiler works
configure:2748: aarch64-linux-android-clang -fPIE -fPIC -Wno-error -Wno-null-pointer-arithmetic   -pie conftest.c  >&5
configure:2752: $? = 0
configure:2800: result: yes
configure:2803: checking for C compiler default output file name
configure:2805: result: a.out
configure:2811: checking for suffix of executables
configure:2818: aarch64-linux-android-clang -o conftest -fPIE -fPIC -Wno-error -Wno-null-pointer-arithmetic   -pie conftest.c  >&5
configure:2822: $? = 0
configure:2844: result: 
configure:2866: checking whether we are cross compiling
configure:2904: result: yes
configure:2909: checking for suffix of object files
configure:2931: aarch64-linux-android-clang -c -fPIE -fPIC -Wno-error -Wno-null-pointer-arithmetic  conftest.c >&5
configure:2935: $? = 0
configure:2956: result: o
configure:2960: checking whether we are using the GNU C compiler
configure:2979: aarch64-linux-android-clang -c -fPIE -fPIC -Wno-error -Wno-null-pointer-arithmetic  conftest.c >&5
configure:2979: $? = 0
configure:2988: result: yes
configure:2997: checking whether aarch64-linux-android-clang accepts -g
configure:3017: aarch64-linux-android-clang -c -g  conftest.c >&5
configure:3017: $? = 0
configure:3058: result: yes
configure:3075: checking for aarch64-linux-android-clang option to accept ISO C89
configure:3138: aarch64-linux-android-clang  -c -fPIE -fPIC -Wno-error -Wno-null-pointer-arithmetic  conftest.c >&5
configure:3138: $? = 0
configure:3151: result: none needed
configure:3176: checking whether aarch64-linux-android-clang understands -c and -o together
configure:3198: aarch64-linux-android-clang -c conftest.c -o conftest2.o
configure:3201: $? = 0
configure:3198: aarch64-linux-android-clang -c conftest.c -o conftest2.o
configure:3201: $? = 0
configure:3213: result: yes
configure:3231: checking for library containing strerror
configure:3262: aarch64-linux-android-clang -o conftest -fPIE -fPIC -Wno-error -Wno-null-pointer-arithmetic   -pie conftest.c  >&5
conftest.c:16:6: warning: incompatible redeclaration of library function 'strerror' [-Wincompatible-library-redeclaration]
char strerror ();
     ^
conftest.c:16:6: note: 'strerror' is a builtin with type 'char *(int)'
1 warning generated.
configure:3262: $? = 0
configure:3279: result: none required
configure:3304: checking for a BSD-compatible install
configure:3372: result: /usr/bin/install -c
configure:3383: checking whether build environment is sane
configure:3438: result: yes
configure:3494: checking for aarch64-linux-android-strip
configure:3521: result: aarch64-linux-android-strip
configure:3586: checking for a thread-safe mkdir -p
configure:3625: result: /usr/bin/mkdir -p
configure:3632: checking for gawk
configure:3659: result: gawk
configure:3670: checking whether make sets $(MAKE)
configure:3692: result: yes
configure:3722: checking for style of include used by make
configure:3750: result: GNU
configure:3784: checking whether make supports nested variables
configure:3801: result: yes
configure:3886: checking dependency style of aarch64-linux-android-clang
configure:3997: result: gcc3
configure:4067: checking for aarch64-linux-android-gcc
configure:4094: result: aarch64-linux-android-clang
configure:4363: checking for C compiler version
configure:4372: aarch64-linux-android-clang --version >&5
Android (9352603, based on r450784d1) clang version 14.0.7 (https://android.googlesource.com/toolchain/llvm-project 4c603efb0cca074e9238af8b4106c30add4418f6)
Target: aarch64-unknown-linux-android26
Thread model: posix
InstalledDir: /root/hxz/binutils_for_android/aarch64-linux-android-toolchain/bin
configure:4383: $? = 0
configure:4372: aarch64-linux-android-clang -v >&5
Android (9352603, based on r450784d1) clang version 14.0.7 (https://android.googlesource.com/toolchain/llvm-project 4c603efb0cca074e9238af8b4106c30add4418f6)
Target: aarch64-unknown-linux-android26
Thread model: posix
InstalledDir: /root/hxz/binutils_for_android/aarch64-linux-android-toolchain/bin
configure:4383: $? = 0
configure:4372: aarch64-linux-android-clang -V >&5
clang140: error: argument to '-V' is missing (expected 1 value)
clang140: error: no input files
configure:4383: $? = 1
configure:4372: aarch64-linux-android-clang -qversion >&5
clang140: error: unknown argument '-qversion'; did you mean '--version'?
clang140: error: no input files
configure:4383: $? = 1
configure:4387: checking whether we are using the GNU C compiler
configure:4415: result: yes
configure:4424: checking whether aarch64-linux-android-clang accepts -g
configure:4485: result: yes
configure:4502: checking for aarch64-linux-android-clang option to accept ISO C89
configure:4578: result: none needed
configure:4603: checking whether aarch64-linux-android-clang understands -c and -o together
configure:4640: result: yes
configure:4662: checking how to run the C preprocessor
configure:4693: aarch64-linux-android-clang -E  conftest.c
configure:4693: $? = 0
configure:4707: aarch64-linux-android-clang -E  conftest.c
conftest.c:11:10: fatal error: 'ac_nonexistent.h' file not found
#include <ac_nonexistent.h>
         ^~~~~~~~~~~~~~~~~~
1 error generated.
configure:4707: $? = 1
configure: failed program was:
| /* confdefs.h */
| #define PACKAGE_NAME "gprof"
| #define PACKAGE_TARNAME "gprof"
| #define PACKAGE_VERSION "2.33.1"
| #define PACKAGE_STRING "gprof 2.33.1"
| #define PACKAGE_BUGREPORT ""
| #define PACKAGE_URL ""
| #define PACKAGE "gprof"
| #define VERSION "2.33.1"
| /* end confdefs.h.  */
| #include <ac_nonexistent.h>
configure:4732: result: aarch64-linux-android-clang -E
configure:4752: aarch64-linux-android-clang -E  conftest.c
configure:4752: $? = 0
configure:4766: aarch64-linux-android-clang -E  conftest.c
conftest.c:11:10: fatal error: 'ac_nonexistent.h' file not found
#include <ac_nonexistent.h>
         ^~~~~~~~~~~~~~~~~~
1 error generated.
configure:4766: $? = 1
configure: failed program was:
| /* confdefs.h */
| #define PACKAGE_NAME "gprof"
| #define PACKAGE_TARNAME "gprof"
| #define PACKAGE_VERSION "2.33.1"
| #define PACKAGE_STRING "gprof 2.33.1"
| #define PACKAGE_BUGREPORT ""
| #define PACKAGE_URL ""
| #define PACKAGE "gprof"
| #define VERSION "2.33.1"
| /* end confdefs.h.  */
| #include <ac_nonexistent.h>
configure:4795: checking for grep that handles long lines and -e
configure:4853: result: /usr/bin/grep
configure:4858: checking for egrep
configure:4920: result: /usr/bin/grep -E
configure:4925: checking for ANSI C header files
configure:4945: aarch64-linux-android-clang -c -fPIE -fPIC -Wno-error -Wno-null-pointer-arithmetic  conftest.c >&5
configure:4945: $? = 0
configure:5029: result: yes
configure:5042: checking for sys/types.h
configure:5042: aarch64-linux-android-clang -c -fPIE -fPIC -Wno-error -Wno-null-pointer-arithmetic  conftest.c >&5
configure:5042: $? = 0
configure:5042: result: yes
configure:5042: checking for sys/stat.h
configure:5042: aarch64-linux-android-clang -c -fPIE -fPIC -Wno-error -Wno-null-pointer-arithmetic  conftest.c >&5
configure:5042: $? = 0
configure:5042: result: yes
configure:5042: checking for stdlib.h
configure:5042: aarch64-linux-android-clang -c -fPIE -fPIC -Wno-error -Wno-null-pointer-arithmetic  conftest.c >&5
configure:5042: $? = 0
configure:5042: result: yes
configure:5042: checking for string.h
configure:5042: aarch64-linux-android-clang -c -fPIE -fPIC -Wno-error -Wno-null-pointer-arithmetic  conftest.c >&5
configure:5042: $? = 0
configure:5042: result: yes
configure:5042: checking for memory.h
configure:5042: aarch64-linux-android-clang -c -fPIE -fPIC -Wno-error -Wno-null-pointer-arithmetic  conftest.c >&5
configure:5042: $? = 0
configure:5042: result: yes
configure:5042: checking for strings.h
configure:5042: aarch64-linux-android-clang -c -fPIE -fPIC -Wno-error -Wno-null-pointer-arithmetic  conftest.c >&5
configure:5042: $? = 0
configure:5042: result: yes
configure:5042: checking for inttypes.h
configure:5042: aarch64-linux-android-clang -c -fPIE -fPIC -Wno-error -Wno-null-pointer-arithmetic  conftest.c >&5
configure:5042: $? = 0
configure:5042: result: yes
configure:5042: checking for stdint.h
configure:5042: aarch64-linux-android-clang -c -fPIE -fPIC -Wno-error -Wno-null-pointer-arithmetic  conftest.c >&5
configure:5042: $? = 0
configure:5042: result: yes
configure:5042: checking for unistd.h
configure:5042: aarch64-linux-android-clang -c -fPIE -fPIC -Wno-error -Wno-null-pointer-arithmetic  conftest.c >&5
configure:5042: $? = 0
configure:5042: result: yes
configure:5055: checking minix/config.h usability
configure:5055: aarch64-linux-android-clang -c -fPIE -fPIC -Wno-error -Wno-null-pointer-arithmetic  conftest.c >&5
conftest.c:54:10: fatal error: 'minix/config.h' file not found
#include <minix/config.h>
         ^~~~~~~~~~~~~~~~
1 error generated.
configure:5055: $? = 1
configure: failed program was:
| /* confdefs.h */
| #define PACKAGE_NAME "gprof"
| #define PACKAGE_TARNAME "gprof"
| #define PACKAGE_VERSION "2.33.1"
| #define PACKAGE_STRING "gprof 2.33.1"
| #define PACKAGE_BUGREPORT ""
| #define PACKAGE_URL ""
| #define PACKAGE "gprof"
| #define VERSION "2.33.1"
| #define STDC_HEADERS 1
| #define HAVE_SYS_TYPES_H 1
| #define HAVE_SYS_STAT_H 1
| #define HAVE_STDLIB_H 1
| #define HAVE_STRING_H 1
| #define HAVE_MEMORY_H 1
| #define HAVE_STRINGS_H 1
| #define HAVE_INTTYPES_H 1
| #define HAVE_STDINT_H 1
| #define HAVE_UNISTD_H 1
| /* end confdefs.h.  */
| #include <stdio.h>
| #ifdef HAVE_SYS_TYPES_H
| # include <sys/types.h>
| #endif
| #ifdef HAVE_SYS_STAT_H
| # include <sys/stat.h>
| #endif
| #ifdef STDC_HEADERS
| # include <stdlib.h>
| # include <stddef.h>
| #else
| # ifdef HAVE_STDLIB_H
| #  include <stdlib.h>
| # endif
| #endif
| #ifdef HAVE_STRING_H
| # if !defined STDC_HEADERS && defined HAVE_MEMORY_H
| #  include <memory.h>
| # endif
| # include <string.h>
| #endif
| #ifdef HAVE_STRINGS_H
| # include <strings.h>
| #endif
| #ifdef HAVE_INTTYPES_H
| # include <inttypes.h>
| #endif
| #ifdef HAVE_STDINT_H
| # include <stdint.h>
| #endif
| #ifdef HAVE_UNISTD_H
| # include <unistd.h>
| #endif
| #include <minix/config.h>
configure:5055: result: no
configure:5055: checking minix/config.h presence
configure:5055: aarch64-linux-android-clang -E  conftest.c
conftest.c:21:10: fatal error: 'minix/config.h' file not found
#include <minix/config.h>
         ^~~~~~~~~~~~~~~~
1 error generated.
configure:5055: $? = 1
configure: failed program was:
| /* confdefs.h */
| #define PACKAGE_NAME "gprof"
| #define PACKAGE_TARNAME "gprof"
| #define PACKAGE_VERSION "2.33.1"
| #define PACKAGE_STRING "gprof 2.33.1"
| #define PACKAGE_BUGREPORT ""
| #define PACKAGE_URL ""
| #define PACKAGE "gprof"
| #define VERSION "2.33.1"
| #define STDC_HEADERS 1
| #define HAVE_SYS_TYPES_H 1
| #define HAVE_SYS_STAT_H 1
| #define HAVE_STDLIB_H 1
| #define HAVE_STRING_H 1
| #define HAVE_MEMORY_H 1
| #define HAVE_STRINGS_H 1
| #define HAVE_INTTYPES_H 1
| #define HAVE_STDINT_H 1
| #define HAVE_UNISTD_H 1
| /* end confdefs.h.  */
| #include <minix/config.h>
configure:5055: result: no
configure:5055: checking for minix/config.h
configure:5055: result: no
configure:5076: checking whether it is safe to define __EXTENSIONS__
configure:5094: aarch64-linux-android-clang -c -fPIE -fPIC -Wno-error -Wno-null-pointer-arithmetic  conftest.c >&5
configure:5094: $? = 0
configure:5101: result: yes
configure:5165: checking how to print strings
configure:5192: result: printf
configure:5213: checking for a sed that does not truncate output
configure:5277: result: /usr/bin/sed
configure:5295: checking for fgrep
configure:5357: result: /usr/bin/grep -F
configure:5392: checking for ld used by aarch64-linux-android-clang
configure:5459: result: aarch64-linux-android-ld
configure:5466: checking if the linker (aarch64-linux-android-ld) is GNU ld
configure:5481: result: no
configure:5493: checking for BSD- or MS-compatible name lister (nm)
configure:5542: result: aarch64-linux-android-nm
configure:5672: checking the name lister (aarch64-linux-android-nm) interface
configure:5679: aarch64-linux-android-clang -c -fPIE -fPIC -Wno-error -Wno-null-pointer-arithmetic  conftest.c >&5
configure:5682: aarch64-linux-android-nm "conftest.o"
/root/hxz/binutils_for_android/binutils-2.33.1/gprof/configure: line 5683: aarch64-linux-android-nm: command not found
configure:5685: output
configure:5692: result: BSD nm
configure:5695: checking whether ln -s works
configure:5699: result: yes
configure:5707: checking the maximum length of command line arguments
configure:5832: result: 1572864
configure:5849: checking whether the shell understands some XSI constructs
configure:5859: result: yes
configure:5863: checking whether the shell understands "+="
configure:5869: result: yes
configure:5904: checking for aarch64-linux-android-ld option to reload object files
configure:5911: result: -r
configure:5940: checking for aarch64-linux-android-objdump
configure:5967: result: aarch64-linux-android-objdump
configure:6039: checking how to recognize dependent libraries
configure:6240: result: pass_all
configure:6260: checking for aarch64-linux-android-ar
configure:6287: result: aarch64-linux-android-ar
configure:6365: checking for aarch64-linux-android-strip
configure:6392: result: aarch64-linux-android-strip
configure:6464: checking for aarch64-linux-android-ranlib
configure:6491: result: true
configure:6633: checking command to parse aarch64-linux-android-nm output from aarch64-linux-android-clang object
configure:6751: aarch64-linux-android-clang -c -fPIE -fPIC -Wno-error -Wno-null-pointer-arithmetic  conftest.c >&5
configure:6754: $? = 0
configure:6758: aarch64-linux-android-nm conftest.o \| sed -n -e 's/^.*[ ]\([BCDEGRST][BCDEGRST]*\)[ ][ ]*\([_A-Za-z][_A-Za-z0-9]*\)$/\1 \2 \2/p' \> conftest.nm
/root/hxz/binutils_for_android/binutils-2.33.1/gprof/configure: line 6759: aarch64-linux-android-nm: command not found
configure:6761: $? = 0
cannot run sed -n -e 's/^.*[	 ]\([BCDEGRST][BCDEGRST]*\)[	 ][	 ]*\([_A-Za-z][_A-Za-z0-9]*\)$/\1 \2 \2/p'
configure:6751: aarch64-linux-android-clang -c -fPIE -fPIC -Wno-error -Wno-null-pointer-arithmetic  conftest.c >&5
configure:6754: $? = 0
configure:6758: aarch64-linux-android-nm conftest.o \| sed -n -e 's/^.*[ ]\([BCDEGRST][BCDEGRST]*\)[ ][ ]*_\([_A-Za-z][_A-Za-z0-9]*\)$/\1 _\2 \2/p' \> conftest.nm
/root/hxz/binutils_for_android/binutils-2.33.1/gprof/configure: line 6759: aarch64-linux-android-nm: command not found
configure:6761: $? = 0
cannot run sed -n -e 's/^.*[	 ]\([BCDEGRST][BCDEGRST]*\)[	 ][	 ]*_\([_A-Za-z][_A-Za-z0-9]*\)$/\1 _\2 \2/p'
configure:6853: result: failed
configure:7704: checking for dlfcn.h
configure:7704: aarch64-linux-android-clang -c -fPIE -fPIC -Wno-error -Wno-null-pointer-arithmetic  conftest.c >&5
configure:7704: $? = 0
configure:7704: result: yes
configure:7891: checking for objdir
configure:7906: result: .libs
configure:8177: checking if aarch64-linux-android-clang supports -fno-rtti -fno-exceptions
configure:8195: aarch64-linux-android-clang -c -fPIE -fPIC -Wno-error -Wno-null-pointer-arithmetic  -fno-rtti -fno-exceptions conftest.c >&5
configure:8199: $? = 0
configure:8212: result: yes
configure:8232: checking for aarch64-linux-android-clang option to produce PIC
configure:8518: result: -fPIC -DPIC
configure:8530: checking if aarch64-linux-android-clang PIC flag -fPIC -DPIC works
configure:8548: aarch64-linux-android-clang -c -fPIE -fPIC -Wno-error -Wno-null-pointer-arithmetic  -fPIC -DPIC -DPIC conftest.c >&5
configure:8552: $? = 0
configure:8565: result: yes
configure:8589: checking if aarch64-linux-android-clang static flag -static works
clang140: warning: argument unused during compilation: '-pie' [-Wunused-command-line-argument]
configure:8617: result: no
configure:8632: checking if aarch64-linux-android-clang supports -c -o file.o
configure:8653: aarch64-linux-android-clang -c -fPIE -fPIC -Wno-error -Wno-null-pointer-arithmetic  -o out/conftest2.o conftest.c >&5
configure:8657: $? = 0
configure:8679: result: yes
configure:8687: checking if aarch64-linux-android-clang supports -c -o file.o
configure:8734: result: yes
configure:8767: checking whether the aarch64-linux-android-clang linker (aarch64-linux-android-ld) supports shared libraries
configure:9838: result: no
configure:10083: checking dynamic linker characteristics
configure:10534: aarch64-linux-android-clang -o conftest -fPIE -fPIC -Wno-error -Wno-null-pointer-arithmetic   -pie  conftest.c  >&5
configure:10534: $? = 0
configure:10756: result: GNU/Linux ld.so
configure:10863: checking how to hardcode library paths into programs
configure:10888: result: unsupported
configure:11428: checking whether stripping libraries is possible
configure:11450: result: no
configure:11468: checking if libtool supports shared libraries
configure:11470: result: no
configure:11473: checking whether to build shared libraries
configure:11494: result: no
configure:11497: checking whether to build static libraries
configure:11501: result: yes
configure:11549: checking for dlfcn.h
configure:11549: result: yes
configure:11562: checking for windows.h
configure:11562: aarch64-linux-android-clang -c -fPIE -fPIC -Wno-error -Wno-null-pointer-arithmetic  conftest.c >&5
conftest.c:63:10: fatal error: 'windows.h' file not found
#include <windows.h>
         ^~~~~~~~~~~
1 error generated.
configure:11562: $? = 1
configure: failed program was:
| /* confdefs.h */
| #define PACKAGE_NAME "gprof"
| #define PACKAGE_TARNAME "gprof"
| #define PACKAGE_VERSION "2.33.1"
| #define PACKAGE_STRING "gprof 2.33.1"
| #define PACKAGE_BUGREPORT ""
| #define PACKAGE_URL ""
| #define PACKAGE "gprof"
| #define VERSION "2.33.1"
| #define STDC_HEADERS 1
| #define HAVE_SYS_TYPES_H 1
| #define HAVE_SYS_STAT_H 1
| #define HAVE_STDLIB_H 1
| #define HAVE_STRING_H 1
| #define HAVE_MEMORY_H 1
| #define HAVE_STRINGS_H 1
| #define HAVE_INTTYPES_H 1
| #define HAVE_STDINT_H 1
| #define HAVE_UNISTD_H 1
| #define __EXTENSIONS__ 1
| #define _ALL_SOURCE 1
| #define _GNU_SOURCE 1
| #define _POSIX_PTHREAD_SEMANTICS 1
| #define _TANDEM_SOURCE 1
| #define HAVE_DLFCN_H 1
| #define LT_OBJDIR ".libs/"
| #define HAVE_DLFCN_H 1
| /* end confdefs.h.  */
| #include <stdio.h>
| #ifdef HAVE_SYS_TYPES_H
| # include <sys/types.h>
| #endif
| #ifdef HAVE_SYS_STAT_H
| # include <sys/stat.h>
| #endif
| #ifdef STDC_HEADERS
| # include <stdlib.h>
| # include <stddef.h>
| #else
| # ifdef HAVE_STDLIB_H
| #  include <stdlib.h>
| # endif
| #endif
| #ifdef HAVE_STRING_H
| # if !defined STDC_HEADERS && defined HAVE_MEMORY_H
| #  include <memory.h>
| # endif
| # include <string.h>
| #endif
| #ifdef HAVE_STRINGS_H
| # include <strings.h>
| #endif
| #ifdef HAVE_INTTYPES_H
| # include <inttypes.h>
| #endif
| #ifdef HAVE_STDINT_H
| # include <stdint.h>
| #endif
| #ifdef HAVE_UNISTD_H
| # include <unistd.h>
| #endif
| 
| #include <windows.h>
configure:11562: result: no
configure:11589: checking for library containing dlsym
configure:11620: aarch64-linux-android-clang -o conftest -fPIE -fPIC -Wno-error -Wno-null-pointer-arithmetic   -pie conftest.c  >&5
configure:11620: $? = 0
configure:11637: result: none required
configure:11668: checking for special C compiler options needed for large files
configure:11713: result: no
configure:11719: checking for _FILE_OFFSET_BITS value needed for large files
configure:11744: aarch64-linux-android-clang -c -fPIE -fPIC -Wno-error -Wno-null-pointer-arithmetic  conftest.c >&5
configure:11744: $? = 0
configure:11776: result: no
configure:11865: checking for setmode
configure:11865: aarch64-linux-android-clang -o conftest -fPIE -fPIC -Wno-error -Wno-null-pointer-arithmetic   -pie conftest.c  >&5
ld: error: undefined symbol: setmode
>>> referenced by conftest.c
>>>               /tmp/conftest-abbf17.o:(main)
clang140: error: linker command failed with exit code 1 (use -v to see invocation)
configure:11865: $? = 1
configure: failed program was:
| /* confdefs.h */
| #define PACKAGE_NAME "gprof"
| #define PACKAGE_TARNAME "gprof"
| #define PACKAGE_VERSION "2.33.1"
| #define PACKAGE_STRING "gprof 2.33.1"
| #define PACKAGE_BUGREPORT ""
| #define PACKAGE_URL ""
| #define PACKAGE "gprof"
| #define VERSION "2.33.1"
| #define STDC_HEADERS 1
| #define HAVE_SYS_TYPES_H 1
| #define HAVE_SYS_STAT_H 1
| #define HAVE_STDLIB_H 1
| #define HAVE_STRING_H 1
| #define HAVE_MEMORY_H 1
| #define HAVE_STRINGS_H 1
| #define HAVE_INTTYPES_H 1
| #define HAVE_STDINT_H 1
| #define HAVE_UNISTD_H 1
| #define __EXTENSIONS__ 1
| #define _ALL_SOURCE 1
| #define _GNU_SOURCE 1
| #define _POSIX_PTHREAD_SEMANTICS 1
| #define _TANDEM_SOURCE 1
| #define HAVE_DLFCN_H 1
| #define LT_OBJDIR ".libs/"
| #define HAVE_DLFCN_H 1
| /* end confdefs.h.  */
| /* Define setmode to an innocuous variant, in case <limits.h> declares setmode.
|    For example, HP-UX 11i <limits.h> declares gettimeofday.  */
| #define setmode innocuous_setmode
| 
| /* System header to define __stub macros and hopefully few prototypes,
|     which can conflict with char setmode (); below.
|     Prefer <limits.h> to <assert.h> if __STDC__ is defined, since
|     <limits.h> exists even on freestanding compilers.  */
| 
| #ifdef __STDC__
| # include <limits.h>
| #else
| # include <assert.h>
| #endif
| 
| #undef setmode
| 
| /* Override any GCC internal prototype to avoid an error.
|    Use char because int might match the return type of a GCC
|    builtin and then its argument prototype would still apply.  */
| #ifdef __cplusplus
| extern "C"
| #endif
| char setmode ();
| /* The GNU C library defines this for functions which it implements
|     to always fail with ENOSYS.  Some functions are actually named
|     something starting with __ and the normal name is an alias.  */
| #if defined __stub_setmode || defined __stub___setmode
| choke me
| #endif
| 
| int
| main ()
| {
| return setmode ();
|   ;
|   return 0;
| }
configure:11865: result: no
configure:11889: checking whether NLS is requested
configure:11895: result: yes
configure:11901: checking for catalogs to be installed
configure:11933: result:  bg da de eo es fi fr ga hu id it ja ms nl pt_BR ro ru rw sr sv tr uk vi bg da de eo es fi fr ga hu id it ja ms nl pt_BR ro ru rw sr sv tr uk vi
configure:11960: checking whether NLS is requested
configure:11969: result: yes
configure:12007: checking for msgfmt
configure:12041: result: no
configure:12047: checking for gmsgfmt
configure:12078: result: :
configure:12118: checking for xgettext
configure:12152: result: no
configure:12189: checking for msgmerge
configure:12222: result: no
configure:12256: checking whether to enable maintainer-specific portions of Makefiles
configure:12265: result: no
configure:12290: checking sys/gmon_out.h usability
configure:12290: aarch64-linux-android-clang -c -fPIE -fPIC -Wno-error -Wno-null-pointer-arithmetic  conftest.c >&5
conftest.c:63:10: fatal error: 'sys/gmon_out.h' file not found
#include <sys/gmon_out.h>
         ^~~~~~~~~~~~~~~~
1 error generated.
configure:12290: $? = 1
configure: failed program was:
| /* confdefs.h */
| #define PACKAGE_NAME "gprof"
| #define PACKAGE_TARNAME "gprof"
| #define PACKAGE_VERSION "2.33.1"
| #define PACKAGE_STRING "gprof 2.33.1"
| #define PACKAGE_BUGREPORT ""
| #define PACKAGE_URL ""
| #define PACKAGE "gprof"
| #define VERSION "2.33.1"
| #define STDC_HEADERS 1
| #define HAVE_SYS_TYPES_H 1
| #define HAVE_SYS_STAT_H 1
| #define HAVE_STDLIB_H 1
| #define HAVE_STRING_H 1
| #define HAVE_MEMORY_H 1
| #define HAVE_STRINGS_H 1
| #define HAVE_INTTYPES_H 1
| #define HAVE_STDINT_H 1
| #define HAVE_UNISTD_H 1
| #define __EXTENSIONS__ 1
| #define _ALL_SOURCE 1
| #define _GNU_SOURCE 1
| #define _POSIX_PTHREAD_SEMANTICS 1
| #define _TANDEM_SOURCE 1
| #define HAVE_DLFCN_H 1
| #define LT_OBJDIR ".libs/"
| #define HAVE_DLFCN_H 1
| #define ENABLE_NLS 1
| /* end confdefs.h.  */
| #include <stdio.h>
| #ifdef HAVE_SYS_TYPES_H
| # include <sys/types.h>
| #endif
| #ifdef HAVE_SYS_STAT_H
| # include <sys/stat.h>
| #endif
| #ifdef STDC_HEADERS
| # include <stdlib.h>
| # include <stddef.h>
| #else
| # ifdef HAVE_STDLIB_H
| #  include <stdlib.h>
| # endif
| #endif
| #ifdef HAVE_STRING_H
| # if !defined STDC_HEADERS && defined HAVE_MEMORY_H
| #  include <memory.h>
| # endif
| # include <string.h>
| #endif
| #ifdef HAVE_STRINGS_H
| # include <strings.h>
| #endif
| #ifdef HAVE_INTTYPES_H
| # include <inttypes.h>
| #endif
| #ifdef HAVE_STDINT_H
| # include <stdint.h>
| #endif
| #ifdef HAVE_UNISTD_H
| # include <unistd.h>
| #endif
| #include <sys/gmon_out.h>
configure:12290: result: no
configure:12290: checking sys/gmon_out.h presence
configure:12290: aarch64-linux-android-clang -E  conftest.c
conftest.c:30:10: fatal error: 'sys/gmon_out.h' file not found
#include <sys/gmon_out.h>
         ^~~~~~~~~~~~~~~~
1 error generated.
configure:12290: $? = 1
configure: failed program was:
| /* confdefs.h */
| #define PACKAGE_NAME "gprof"
| #define PACKAGE_TARNAME "gprof"
| #define PACKAGE_VERSION "2.33.1"
| #define PACKAGE_STRING "gprof 2.33.1"
| #define PACKAGE_BUGREPORT ""
| #define PACKAGE_URL ""
| #define PACKAGE "gprof"
| #define VERSION "2.33.1"
| #define STDC_HEADERS 1
| #define HAVE_SYS_TYPES_H 1
| #define HAVE_SYS_STAT_H 1
| #define HAVE_STDLIB_H 1
| #define HAVE_STRING_H 1
| #define HAVE_MEMORY_H 1
| #define HAVE_STRINGS_H 1
| #define HAVE_INTTYPES_H 1
| #define HAVE_STDINT_H 1
| #define HAVE_UNISTD_H 1
| #define __EXTENSIONS__ 1
| #define _ALL_SOURCE 1
| #define _GNU_SOURCE 1
| #define _POSIX_PTHREAD_SEMANTICS 1
| #define _TANDEM_SOURCE 1
| #define HAVE_DLFCN_H 1
| #define LT_OBJDIR ".libs/"
| #define HAVE_DLFCN_H 1
| #define ENABLE_NLS 1
| /* end confdefs.h.  */
| #include <sys/gmon_out.h>
configure:12290: result: no
configure:12290: checking for sys/gmon_out.h
configure:12290: result: no
configure:12301: checking for a known getopt prototype in unistd.h
configure:12317: aarch64-linux-android-clang -c -fPIE -fPIC -Wno-error -Wno-null-pointer-arithmetic  conftest.c >&5
configure:12317: $? = 0
configure:12325: result: yes
configure:12334: checking for library containing fabs
configure:12365: aarch64-linux-android-clang -o conftest -fPIE -fPIC -Wno-error -Wno-null-pointer-arithmetic   -pie conftest.c  >&5
conftest.c:38:6: warning: incompatible redeclaration of library function 'fabs' [-Wincompatible-library-redeclaration]
char fabs ();
     ^
conftest.c:38:6: note: 'fabs' is a builtin with type 'double (double)'
1 warning generated.
ld: error: undefined symbol: fabs
>>> referenced by conftest.c
>>>               /tmp/conftest-2ce513.o:(main)
>>> did you mean: labs
>>> defined in: /root/hxz/binutils_for_android/aarch64-linux-android-toolchain/bin/../sysroot/usr/lib/aarch64-linux-android/26/libc.so
clang140: error: linker command failed with exit code 1 (use -v to see invocation)
configure:12365: $? = 1
configure: failed program was:
| /* confdefs.h */
| #define PACKAGE_NAME "gprof"
| #define PACKAGE_TARNAME "gprof"
| #define PACKAGE_VERSION "2.33.1"
| #define PACKAGE_STRING "gprof 2.33.1"
| #define PACKAGE_BUGREPORT ""
| #define PACKAGE_URL ""
| #define PACKAGE "gprof"
| #define VERSION "2.33.1"
| #define STDC_HEADERS 1
| #define HAVE_SYS_TYPES_H 1
| #define HAVE_SYS_STAT_H 1
| #define HAVE_STDLIB_H 1
| #define HAVE_STRING_H 1
| #define HAVE_MEMORY_H 1
| #define HAVE_STRINGS_H 1
| #define HAVE_INTTYPES_H 1
| #define HAVE_STDINT_H 1
| #define HAVE_UNISTD_H 1
| #define __EXTENSIONS__ 1
| #define _ALL_SOURCE 1
| #define _GNU_SOURCE 1
| #define _POSIX_PTHREAD_SEMANTICS 1
| #define _TANDEM_SOURCE 1
| #define HAVE_DLFCN_H 1
| #define LT_OBJDIR ".libs/"
| #define HAVE_DLFCN_H 1
| #define ENABLE_NLS 1
| #define HAVE_DECL_GETOPT 1
| /* end confdefs.h.  */
| 
| /* Override any GCC internal prototype to avoid an error.
|    Use char because int might match the return type of a GCC
|    builtin and then its argument prototype would still apply.  */
| #ifdef __cplusplus
| extern "C"
| #endif
| char fabs ();
| int
| main ()
| {
| return fabs ();
|   ;
|   return 0;
| }
configure:12365: aarch64-linux-android-clang -o conftest -fPIE -fPIC -Wno-error -Wno-null-pointer-arithmetic   -pie conftest.c -lm   >&5
conftest.c:38:6: warning: incompatible redeclaration of library function 'fabs' [-Wincompatible-library-redeclaration]
char fabs ();
     ^
conftest.c:38:6: note: 'fabs' is a builtin with type 'double (double)'
1 warning generated.
configure:12365: $? = 0
configure:12382: result: -lm
configure:12608: updating cache ./config.cache
configure:12652: checking that generated files are newer than configure
configure:12658: result: done
configure:12689: creating ./config.status

## ---------------------- ##
## Running config.status. ##
## ---------------------- ##

This file was extended by gprof config.status 2.33.1, which was
generated by GNU Autoconf 2.69.  Invocation command line was

  CONFIG_FILES    = 
  CONFIG_HEADERS  = 
  CONFIG_LINKS    = 
  CONFIG_COMMANDS = 
  $ ./config.status 

on r0env

config.status:1111: creating Makefile
config.status:1111: creating po/Makefile.in
config.status:1111: creating gconfig.h
config.status:1340: executing depfiles commands
config.status:1340: executing libtool commands
config.status:1340: executing default-1 commands

## ---------------- ##
## Cache variables. ##
## ---------------- ##

ac_cv_build=x86_64-pc-linux-gnu
ac_cv_c_compiler_gnu=yes
ac_cv_env_CC_set=set
ac_cv_env_CC_value=aarch64-linux-android-clang
ac_cv_env_CFLAGS_set=set
ac_cv_env_CFLAGS_value='-fPIE -fPIC -Wno-error -Wno-null-pointer-arithmetic'
ac_cv_env_CPPFLAGS_set=
ac_cv_env_CPPFLAGS_value=
ac_cv_env_CPP_set=
ac_cv_env_CPP_value=
ac_cv_env_LDFLAGS_set=set
ac_cv_env_LDFLAGS_value=' -pie'
ac_cv_env_LIBS_set=
ac_cv_env_LIBS_value=
ac_cv_env_build_alias_set=set
ac_cv_env_build_alias_value=x86_64-pc-linux-gnu
ac_cv_env_host_alias_set=set
ac_cv_env_host_alias_value=aarch64-linux-android
ac_cv_env_target_alias_set=set
ac_cv_env_target_alias_value=aarch64-linux-android
ac_cv_func_setmode=no
ac_cv_header_dlfcn_h=yes
ac_cv_header_inttypes_h=yes
ac_cv_header_memory_h=yes
ac_cv_header_minix_config_h=no
ac_cv_header_stdc=yes
ac_cv_header_stdint_h=yes
ac_cv_header_stdlib_h=yes
ac_cv_header_string_h=yes
ac_cv_header_strings_h=yes
ac_cv_header_sys_gmon_out_h=no
ac_cv_header_sys_stat_h=yes
ac_cv_header_sys_types_h=yes
ac_cv_header_unistd_h=yes
ac_cv_header_windows_h=no
ac_cv_host=aarch64-unknown-linux-android
ac_cv_objext=o
ac_cv_path_EGREP='/usr/bin/grep -E'
ac_cv_path_FGREP='/usr/bin/grep -F'
ac_cv_path_GMSGFMT=:
ac_cv_path_GREP=/usr/bin/grep
ac_cv_path_MSGFMT=:
ac_cv_path_MSGMERGE=:
ac_cv_path_SED=/usr/bin/sed
ac_cv_path_XGETTEXT=:
ac_cv_path_mkdir=/usr/bin/mkdir
ac_cv_prog_AR=aarch64-linux-android-ar
ac_cv_prog_AWK=gawk
ac_cv_prog_CC=aarch64-linux-android-clang
ac_cv_prog_CPP='aarch64-linux-android-clang -E'
ac_cv_prog_OBJDUMP=aarch64-linux-android-objdump
ac_cv_prog_RANLIB=true
ac_cv_prog_STRIP=aarch64-linux-android-strip
ac_cv_prog_cc_c89=
ac_cv_prog_cc_g=yes
ac_cv_prog_make_make_set=yes
ac_cv_safe_to_define___extensions__=yes
ac_cv_search_dlsym='none required'
ac_cv_search_fabs=-lm
ac_cv_search_strerror='none required'
ac_cv_sys_file_offset_bits=no
ac_cv_sys_largefile_CC=no
ac_cv_target=aarch64-unknown-linux-android
am_cv_CC_dependencies_compiler_type=gcc3
am_cv_make_support_nested_variables=yes
am_cv_prog_cc_c_o=yes
gprof_cv_decl_getopt_unistd_h=yes
lt_cv_deplibs_check_method=pass_all
lt_cv_file_magic_cmd='$MAGIC_CMD'
lt_cv_file_magic_test_file=
lt_cv_ld_reload_flag=-r
lt_cv_nm_interface='BSD nm'
lt_cv_objdir=.libs
lt_cv_path_LD=aarch64-linux-android-ld
lt_cv_path_NM=aarch64-linux-android-nm
lt_cv_prog_compiler_c_o=yes
lt_cv_prog_compiler_pic_works=yes
lt_cv_prog_compiler_rtti_exceptions=yes
lt_cv_prog_compiler_static_works=no
lt_cv_prog_gnu_ld=no
lt_cv_shlibpath_overrides_runpath=no
lt_cv_sys_global_symbol_pipe=
lt_cv_sys_global_symbol_to_c_name_address='sed -n -e '\''s/^: \([^ ]*\) $/  {\"\1\", (void *) 0},/p'\'' -e '\''s/^[BCDEGRST]* \([^ ]*\) \([^ ]*\)$/  {"\2", (void *) \&\2},/p'\'''
lt_cv_sys_global_symbol_to_c_name_address_lib_prefix='sed -n -e '\''s/^: \([^ ]*\) $/  {\"\1\", (void *) 0},/p'\'' -e '\''s/^[BCDEGRST]* \([^ ]*\) \(lib[^ ]*\)$/  {"\2", (void *) \&\2},/p'\'' -e '\''s/^[BCDEGRST]* \([^ ]*\) \([^ ]*\)$/  {"lib\2", (void *) \&\2},/p'\'''
lt_cv_sys_global_symbol_to_cdecl=
lt_cv_sys_max_cmd_len=1572864

## ----------------- ##
## Output variables. ##
## ----------------- ##

ACLOCAL='${SHELL} /root/hxz/binutils_for_android/binutils-2.33.1/missing aclocal-1.15'
AMDEPBACKSLASH='\'
AMDEP_FALSE='#'
AMDEP_TRUE=''
AMTAR='$${TAR-tar}'
AM_BACKSLASH='\'
AM_DEFAULT_V='$(AM_DEFAULT_VERBOSITY)'
AM_DEFAULT_VERBOSITY='1'
AM_V='$(V)'
AR='aarch64-linux-android-ar'
AUTOCONF='${SHELL} /root/hxz/binutils_for_android/binutils-2.33.1/missing autoconf'
AUTOHEADER='${SHELL} /root/hxz/binutils_for_android/binutils-2.33.1/missing autoheader'
AUTOMAKE='${SHELL} /root/hxz/binutils_for_android/binutils-2.33.1/missing automake-1.15'
AWK='gawk'
CATALOGS=' bg.gmo da.gmo de.gmo eo.gmo es.gmo fi.gmo fr.gmo ga.gmo hu.gmo id.gmo it.gmo ja.gmo ms.gmo nl.gmo pt_BR.gmo ro.gmo ru.gmo rw.gmo sr.gmo sv.gmo tr.gmo uk.gmo vi.gmo bg.gmo da.gmo de.gmo eo.gmo es.gmo fi.gmo fr.gmo ga.gmo hu.gmo id.gmo it.gmo ja.gmo ms.gmo nl.gmo pt_BR.gmo ro.gmo ru.gmo rw.gmo sr.gmo sv.gmo tr.gmo uk.gmo vi.gmo'
CATOBJEXT='.gmo'
CC='aarch64-linux-android-clang'
CCDEPMODE='depmode=gcc3'
CFLAGS='-fPIE -fPIC -Wno-error -Wno-null-pointer-arithmetic'
CPP='aarch64-linux-android-clang -E'
CPPFLAGS=''
CYGPATH_W='echo'
DATADIRNAME='share'
DEFS='-DHAVE_CONFIG_H'
DEPDIR='.deps'
DSYMUTIL=''
DUMPBIN=''
ECHO_C=''
ECHO_N='-n'
ECHO_T=''
EGREP='/usr/bin/grep -E'
EXEEXT=''
FGREP='/usr/bin/grep -F'
GENCAT='gencat'
GENINSRC_NEVER_FALSE=''
GENINSRC_NEVER_TRUE='#'
GMSGFMT=':'
GREP='/usr/bin/grep'
INCINTL='-I${top_builddir}/../intl'
INSTALL_DATA='/usr/bin/install -c -m 644'
INSTALL_PROGRAM='/usr/bin/install -c'
INSTALL_SCRIPT='/usr/bin/install -c'
INSTALL_STRIP_PROGRAM='$(install_sh) -c -s'
INSTOBJEXT='.mo'
LD='aarch64-linux-android-ld'
LDFLAGS=' -pie'
LIBINTL='${top_builddir}/../intl/libintl.a'
LIBINTL_DEP='${top_builddir}/../intl/libintl.a'
LIBOBJS=''
LIBS='-lm '
LIBTOOL='$(SHELL) $(top_builddir)/libtool'
LIPO=''
LN_S='ln -s'
LTLIBOBJS=''
MAINT='#'
MAINTAINER_MODE_FALSE=''
MAINTAINER_MODE_TRUE='#'
MAKEINFO='/root/hxz/binutils_for_android/binutils-2.33.1/missing makeinfo --split-size=5000000'
MKDIR_P='/usr/bin/mkdir -p'
MKINSTALLDIRS='$(top_builddir)/./../mkinstalldirs'
MSGFMT=':'
MSGMERGE=':'
NM='aarch64-linux-android-nm'
NMEDIT=''
NO_WERROR=''
OBJDUMP='aarch64-linux-android-objdump'
OBJEXT='o'
OTOOL64=''
OTOOL=''
PACKAGE='gprof'
PACKAGE_BUGREPORT=''
PACKAGE_NAME='gprof'
PACKAGE_STRING='gprof 2.33.1'
PACKAGE_TARNAME='gprof'
PACKAGE_URL=''
PACKAGE_VERSION='2.33.1'
PATH_SEPARATOR=':'
POSUB='po'
RANLIB='true'
SED='/usr/bin/sed'
SET_MAKE=''
SHELL='/bin/bash'
STRIP='aarch64-linux-android-strip'
USE_NLS='yes'
VERSION='2.33.1'
WARN_CFLAGS='-W -Wall -Wstrict-prototypes -Wmissing-prototypes -Wshadow'
WARN_CFLAGS_FOR_BUILD='-W -Wall -Wstrict-prototypes -Wmissing-prototypes -Wshadow -Wstack-usage=262144'
WARN_WRITE_STRINGS='-Wwrite-strings'
XGETTEXT=':'
ac_ct_CC=''
ac_ct_DUMPBIN=''
am__EXEEXT_FALSE=''
am__EXEEXT_TRUE='#'
am__fastdepCC_FALSE='#'
am__fastdepCC_TRUE=''
am__include='include'
am__isrc=''
am__leading_dot='.'
am__nodep='_no'
am__quote=''
am__tar='$${TAR-tar} chof - "$$tardir"'
am__untar='$${TAR-tar} xf -'
bindir='${exec_prefix}/bin'
build='x86_64-pc-linux-gnu'
build_alias='x86_64-pc-linux-gnu'
build_cpu='x86_64'
build_os='linux-gnu'
build_vendor='pc'
datadir='${datarootdir}'
datarootdir='${prefix}/share'
docdir='${datarootdir}/doc/${PACKAGE_TARNAME}'
dvidir='${docdir}'
exec_prefix='${prefix}'
host='aarch64-unknown-linux-android'
host_alias='aarch64-linux-android'
host_cpu='aarch64'
host_os='linux-android'
host_vendor='unknown'
htmldir='${docdir}'
includedir='${prefix}/include'
infodir='${datarootdir}/info'
install_sh='${SHELL} /root/hxz/binutils_for_android/binutils-2.33.1/install-sh'
libdir='${exec_prefix}/lib'
libexecdir='${exec_prefix}/libexec'
localedir='${datarootdir}/locale'
localstatedir='${prefix}/var'
mandir='${datarootdir}/man'
mkdir_p='$(MKDIR_P)'
oldincludedir='/usr/include'
pdfdir='${docdir}'
prefix='/root/hxz/binutils_for_android/binutils-2.33.1/install'
program_transform_name='s,y,y,'
psdir='${docdir}'
sbindir='${exec_prefix}/sbin'
sharedstatedir='${prefix}/com'
sysconfdir='${prefix}/etc'
target='aarch64-unknown-linux-android'
target_alias='aarch64-linux-android'
target_cpu='aarch64'
target_os='linux-android'
target_vendor='unknown'

## ----------- ##
## confdefs.h. ##
## ----------- ##

/* confdefs.h */
#define PACKAGE_NAME "gprof"
#define PACKAGE_TARNAME "gprof"
#define PACKAGE_VERSION "2.33.1"
#define PACKAGE_STRING "gprof 2.33.1"
#define PACKAGE_BUGREPORT ""
#define PACKAGE_URL ""
#define PACKAGE "gprof"
#define VERSION "2.33.1"
#define STDC_HEADERS 1
#define HAVE_SYS_TYPES_H 1
#define HAVE_SYS_STAT_H 1
#define HAVE_STDLIB_H 1
#define HAVE_STRING_H 1
#define HAVE_MEMORY_H 1
#define HAVE_STRINGS_H 1
#define HAVE_INTTYPES_H 1
#define HAVE_STDINT_H 1
#define HAVE_UNISTD_H 1
#define __EXTENSIONS__ 1
#define _ALL_SOURCE 1
#define _GNU_SOURCE 1
#define _POSIX_PTHREAD_SEMANTICS 1
#define _TANDEM_SOURCE 1
#define HAVE_DLFCN_H 1
#define LT_OBJDIR ".libs/"
#define HAVE_DLFCN_H 1
#define ENABLE_NLS 1
#define HAVE_DECL_GETOPT 1

configure: exit 0
