This file contains any messages produced by compilers while
running configure, to aid debugging if configure makes a mistake.

It was created by configure, which was
generated by GNU Autoconf 2.69.  Invocation command line was

  $ /root/hxz/binutils_for_android/binutils-2.33.1/intl/configure --srcdir=.././intl --cache-file=./config.cache --with-gnu-as --with-gnu-ld --prefix=/root/hxz/binutils_for_android/binutils-2.33.1/install --program-transform-name=s,y,y, --disable-option-checking --build=x86_64-pc-linux-gnu --host=aarch64-linux-android --target=aarch64-linux-android

## --------- ##
## Platform. ##
## --------- ##

hostname = r0env
uname -m = x86_64
uname -r = 6.6.9-amd64
uname -s = Linux
uname -v = #1 SMP PREEMPT_DYNAMIC Kali 6.6.9-1kali1 (2024-01-08)

/usr/bin/uname -p = unknown
/bin/uname -X     = unknown

/bin/arch              = x86_64
/usr/bin/arch -k       = unknown
/usr/convex/getsysinfo = unknown
/usr/bin/hostinfo      = unknown
/bin/machine           = unknown
/usr/bin/oslevel       = unknown
/bin/universe          = unknown

PATH: /usr/local/go/bin
PATH: .
PATH: /root/.pyenv/shims
PATH: /root/.pyenv/bin
PATH: /usr/local/sbin
PATH: /usr/local/bin
PATH: /usr/sbin
PATH: /usr/bin
PATH: /sbin
PATH: /bin
PATH: /usr/local/games
PATH: /usr/games
PATH: /opt/010editor
PATH: /root/Android/Sdk/platform-tools
PATH: /root/Documents/idea-IC-231.9011.34/bin
PATH: /root/go/bin
PATH: /root/Desktop/androidfile/binutils/aarch64-linux-android-4.9/bin/
PATH: /root/hxz/binutils_for_android/aarch64-linux-android-toolchain/bin


## ----------- ##
## Core tests. ##
## ----------- ##

configure:2130: creating cache ./config.cache
configure:2217: checking for aarch64-linux-android-gcc
configure:2244: result: aarch64-linux-android-clang
configure:2513: checking for C compiler version
configure:2522: aarch64-linux-android-clang --version >&5
Android (9352603, based on r450784d1) clang version 14.0.7 (https://android.googlesource.com/toolchain/llvm-project 4c603efb0cca074e9238af8b4106c30add4418f6)
Target: aarch64-unknown-linux-android26
Thread model: posix
InstalledDir: /root/hxz/binutils_for_android/aarch64-linux-android-toolchain/bin
configure:2533: $? = 0
configure:2522: aarch64-linux-android-clang -v >&5
Android (9352603, based on r450784d1) clang version 14.0.7 (https://android.googlesource.com/toolchain/llvm-project 4c603efb0cca074e9238af8b4106c30add4418f6)
Target: aarch64-unknown-linux-android26
Thread model: posix
InstalledDir: /root/hxz/binutils_for_android/aarch64-linux-android-toolchain/bin
configure:2533: $? = 0
configure:2522: aarch64-linux-android-clang -V >&5
clang140: error: argument to '-V' is missing (expected 1 value)
clang140: error: no input files
configure:2533: $? = 1
configure:2522: aarch64-linux-android-clang -qversion >&5
clang140: error: unknown argument '-qversion'; did you mean '--version'?
clang140: error: no input files
configure:2533: $? = 1
configure:2553: checking whether the C compiler works
configure:2575: aarch64-linux-android-clang -fPIE -fPIC -Wno-error -Wno-null-pointer-arithmetic   -pie conftest.c  >&5
configure:2579: $? = 0
configure:2627: result: yes
configure:2630: checking for C compiler default output file name
configure:2632: result: a.out
configure:2638: checking for suffix of executables
configure:2645: aarch64-linux-android-clang -o conftest -fPIE -fPIC -Wno-error -Wno-null-pointer-arithmetic   -pie conftest.c  >&5
configure:2649: $? = 0
configure:2671: result: 
configure:2693: checking whether we are cross compiling
configure:2731: result: yes
configure:2736: checking for suffix of object files
configure:2758: aarch64-linux-android-clang -c -fPIE -fPIC -Wno-error -Wno-null-pointer-arithmetic  conftest.c >&5
configure:2762: $? = 0
configure:2783: result: o
configure:2787: checking whether we are using the GNU C compiler
configure:2806: aarch64-linux-android-clang -c -fPIE -fPIC -Wno-error -Wno-null-pointer-arithmetic  conftest.c >&5
configure:2806: $? = 0
configure:2815: result: yes
configure:2824: checking whether aarch64-linux-android-clang accepts -g
configure:2844: aarch64-linux-android-clang -c -g  conftest.c >&5
configure:2844: $? = 0
configure:2885: result: yes
configure:2902: checking for aarch64-linux-android-clang option to accept ISO C89
configure:2965: aarch64-linux-android-clang  -c -fPIE -fPIC -Wno-error -Wno-null-pointer-arithmetic  conftest.c >&5
configure:2965: $? = 0
configure:2978: result: none needed
configure:3004: checking how to run the C preprocessor
configure:3035: aarch64-linux-android-clang -E  conftest.c
configure:3035: $? = 0
configure:3049: aarch64-linux-android-clang -E  conftest.c
conftest.c:9:10: fatal error: 'ac_nonexistent.h' file not found
#include <ac_nonexistent.h>
         ^~~~~~~~~~~~~~~~~~
1 error generated.
configure:3049: $? = 1
configure: failed program was:
| /* confdefs.h */
| #define PACKAGE_NAME ""
| #define PACKAGE_TARNAME ""
| #define PACKAGE_VERSION ""
| #define PACKAGE_STRING ""
| #define PACKAGE_BUGREPORT ""
| #define PACKAGE_URL ""
| /* end confdefs.h.  */
| #include <ac_nonexistent.h>
configure:3074: result: aarch64-linux-android-clang -E
configure:3094: aarch64-linux-android-clang -E  conftest.c
configure:3094: $? = 0
configure:3108: aarch64-linux-android-clang -E  conftest.c
conftest.c:9:10: fatal error: 'ac_nonexistent.h' file not found
#include <ac_nonexistent.h>
         ^~~~~~~~~~~~~~~~~~
1 error generated.
configure:3108: $? = 1
configure: failed program was:
| /* confdefs.h */
| #define PACKAGE_NAME ""
| #define PACKAGE_TARNAME ""
| #define PACKAGE_VERSION ""
| #define PACKAGE_STRING ""
| #define PACKAGE_BUGREPORT ""
| #define PACKAGE_URL ""
| /* end confdefs.h.  */
| #include <ac_nonexistent.h>
configure:3137: checking for grep that handles long lines and -e
configure:3195: result: /usr/bin/grep
configure:3200: checking for egrep
configure:3262: result: /usr/bin/grep -E
configure:3267: checking for ANSI C header files
configure:3287: aarch64-linux-android-clang -c -fPIE -fPIC -Wno-error -Wno-null-pointer-arithmetic  conftest.c >&5
configure:3287: $? = 0
configure:3371: result: yes
configure:3384: checking for sys/types.h
configure:3384: aarch64-linux-android-clang -c -fPIE -fPIC -Wno-error -Wno-null-pointer-arithmetic  conftest.c >&5
configure:3384: $? = 0
configure:3384: result: yes
configure:3384: checking for sys/stat.h
configure:3384: aarch64-linux-android-clang -c -fPIE -fPIC -Wno-error -Wno-null-pointer-arithmetic  conftest.c >&5
configure:3384: $? = 0
configure:3384: result: yes
configure:3384: checking for stdlib.h
configure:3384: aarch64-linux-android-clang -c -fPIE -fPIC -Wno-error -Wno-null-pointer-arithmetic  conftest.c >&5
configure:3384: $? = 0
configure:3384: result: yes
configure:3384: checking for string.h
configure:3384: aarch64-linux-android-clang -c -fPIE -fPIC -Wno-error -Wno-null-pointer-arithmetic  conftest.c >&5
configure:3384: $? = 0
configure:3384: result: yes
configure:3384: checking for memory.h
configure:3384: aarch64-linux-android-clang -c -fPIE -fPIC -Wno-error -Wno-null-pointer-arithmetic  conftest.c >&5
configure:3384: $? = 0
configure:3384: result: yes
configure:3384: checking for strings.h
configure:3384: aarch64-linux-android-clang -c -fPIE -fPIC -Wno-error -Wno-null-pointer-arithmetic  conftest.c >&5
configure:3384: $? = 0
configure:3384: result: yes
configure:3384: checking for inttypes.h
configure:3384: aarch64-linux-android-clang -c -fPIE -fPIC -Wno-error -Wno-null-pointer-arithmetic  conftest.c >&5
configure:3384: $? = 0
configure:3384: result: yes
configure:3384: checking for stdint.h
configure:3384: aarch64-linux-android-clang -c -fPIE -fPIC -Wno-error -Wno-null-pointer-arithmetic  conftest.c >&5
configure:3384: $? = 0
configure:3384: result: yes
configure:3384: checking for unistd.h
configure:3384: aarch64-linux-android-clang -c -fPIE -fPIC -Wno-error -Wno-null-pointer-arithmetic  conftest.c >&5
configure:3384: $? = 0
configure:3384: result: yes
configure:3397: checking minix/config.h usability
configure:3397: aarch64-linux-android-clang -c -fPIE -fPIC -Wno-error -Wno-null-pointer-arithmetic  conftest.c >&5
conftest.c:52:10: fatal error: 'minix/config.h' file not found
#include <minix/config.h>
         ^~~~~~~~~~~~~~~~
1 error generated.
configure:3397: $? = 1
configure: failed program was:
| /* confdefs.h */
| #define PACKAGE_NAME ""
| #define PACKAGE_TARNAME ""
| #define PACKAGE_VERSION ""
| #define PACKAGE_STRING ""
| #define PACKAGE_BUGREPORT ""
| #define PACKAGE_URL ""
| #define STDC_HEADERS 1
| #define HAVE_SYS_TYPES_H 1
| #define HAVE_SYS_STAT_H 1
| #define HAVE_STDLIB_H 1
| #define HAVE_STRING_H 1
| #define HAVE_MEMORY_H 1
| #define HAVE_STRINGS_H 1
| #define HAVE_INTTYPES_H 1
| #define HAVE_STDINT_H 1
| #define HAVE_UNISTD_H 1
| /* end confdefs.h.  */
| #include <stdio.h>
| #ifdef HAVE_SYS_TYPES_H
| # include <sys/types.h>
| #endif
| #ifdef HAVE_SYS_STAT_H
| # include <sys/stat.h>
| #endif
| #ifdef STDC_HEADERS
| # include <stdlib.h>
| # include <stddef.h>
| #else
| # ifdef HAVE_STDLIB_H
| #  include <stdlib.h>
| # endif
| #endif
| #ifdef HAVE_STRING_H
| # if !defined STDC_HEADERS && defined HAVE_MEMORY_H
| #  include <memory.h>
| # endif
| # include <string.h>
| #endif
| #ifdef HAVE_STRINGS_H
| # include <strings.h>
| #endif
| #ifdef HAVE_INTTYPES_H
| # include <inttypes.h>
| #endif
| #ifdef HAVE_STDINT_H
| # include <stdint.h>
| #endif
| #ifdef HAVE_UNISTD_H
| # include <unistd.h>
| #endif
| #include <minix/config.h>
configure:3397: result: no
configure:3397: checking minix/config.h presence
configure:3397: aarch64-linux-android-clang -E  conftest.c
conftest.c:19:10: fatal error: 'minix/config.h' file not found
#include <minix/config.h>
         ^~~~~~~~~~~~~~~~
1 error generated.
configure:3397: $? = 1
configure: failed program was:
| /* confdefs.h */
| #define PACKAGE_NAME ""
| #define PACKAGE_TARNAME ""
| #define PACKAGE_VERSION ""
| #define PACKAGE_STRING ""
| #define PACKAGE_BUGREPORT ""
| #define PACKAGE_URL ""
| #define STDC_HEADERS 1
| #define HAVE_SYS_TYPES_H 1
| #define HAVE_SYS_STAT_H 1
| #define HAVE_STDLIB_H 1
| #define HAVE_STRING_H 1
| #define HAVE_MEMORY_H 1
| #define HAVE_STRINGS_H 1
| #define HAVE_INTTYPES_H 1
| #define HAVE_STDINT_H 1
| #define HAVE_UNISTD_H 1
| /* end confdefs.h.  */
| #include <minix/config.h>
configure:3397: result: no
configure:3397: checking for minix/config.h
configure:3397: result: no
configure:3418: checking whether it is safe to define __EXTENSIONS__
configure:3436: aarch64-linux-android-clang -c -fPIE -fPIC -Wno-error -Wno-null-pointer-arithmetic  conftest.c >&5
configure:3436: $? = 0
configure:3443: result: yes
configure:3462: checking whether make sets $(MAKE)
configure:3484: result: yes
configure:3536: checking for a BSD-compatible install
configure:3604: result: /usr/bin/install -c
configure:3629: checking whether NLS is requested
configure:3638: result: yes
configure:3676: checking for msgfmt
configure:3710: result: no
configure:3716: checking for gmsgfmt
configure:3747: result: :
configure:3787: checking for xgettext
configure:3821: result: no
configure:3858: checking for msgmerge
configure:3891: result: no
configure:3927: checking build system type
configure:3941: result: x86_64-pc-linux-gnu
configure:3961: checking host system type
configure:3974: result: aarch64-unknown-linux-android
configure:3997: checking for aarch64-linux-android-ranlib
configure:4024: result: true
configure:4086: checking for library containing strerror
configure:4117: aarch64-linux-android-clang -o conftest -fPIE -fPIC -Wno-error -Wno-null-pointer-arithmetic   -pie conftest.c  >&5
conftest.c:31:6: warning: incompatible redeclaration of library function 'strerror' [-Wincompatible-library-redeclaration]
char strerror ();
     ^
conftest.c:31:6: note: 'strerror' is a builtin with type 'char *(int)'
1 warning generated.
configure:4117: $? = 0
configure:4134: result: none required
configure:4142: checking for an ANSI C-conforming const
configure:4208: aarch64-linux-android-clang -c -fPIE -fPIC -Wno-error -Wno-null-pointer-arithmetic  conftest.c >&5
configure:4208: $? = 0
configure:4215: result: yes
configure:4223: checking for inline
configure:4239: aarch64-linux-android-clang -c -fPIE -fPIC -Wno-error -Wno-null-pointer-arithmetic  conftest.c >&5
configure:4239: $? = 0
configure:4247: result: inline
configure:4265: checking for off_t
configure:4265: aarch64-linux-android-clang -c -fPIE -fPIC -Wno-error -Wno-null-pointer-arithmetic  conftest.c >&5
configure:4265: $? = 0
configure:4265: aarch64-linux-android-clang -c -fPIE -fPIC -Wno-error -Wno-null-pointer-arithmetic  conftest.c >&5
conftest.c:60:20: error: expected expression
if (sizeof ((off_t)))
                   ^
1 error generated.
configure:4265: $? = 1
configure: failed program was:
| /* confdefs.h */
| #define PACKAGE_NAME ""
| #define PACKAGE_TARNAME ""
| #define PACKAGE_VERSION ""
| #define PACKAGE_STRING ""
| #define PACKAGE_BUGREPORT ""
| #define PACKAGE_URL ""
| #define STDC_HEADERS 1
| #define HAVE_SYS_TYPES_H 1
| #define HAVE_SYS_STAT_H 1
| #define HAVE_STDLIB_H 1
| #define HAVE_STRING_H 1
| #define HAVE_MEMORY_H 1
| #define HAVE_STRINGS_H 1
| #define HAVE_INTTYPES_H 1
| #define HAVE_STDINT_H 1
| #define HAVE_UNISTD_H 1
| #define __EXTENSIONS__ 1
| #define _ALL_SOURCE 1
| #define _GNU_SOURCE 1
| #define _POSIX_PTHREAD_SEMANTICS 1
| #define _TANDEM_SOURCE 1
| /* end confdefs.h.  */
| #include <stdio.h>
| #ifdef HAVE_SYS_TYPES_H
| # include <sys/types.h>
| #endif
| #ifdef HAVE_SYS_STAT_H
| # include <sys/stat.h>
| #endif
| #ifdef STDC_HEADERS
| # include <stdlib.h>
| # include <stddef.h>
| #else
| # ifdef HAVE_STDLIB_H
| #  include <stdlib.h>
| # endif
| #endif
| #ifdef HAVE_STRING_H
| # if !defined STDC_HEADERS && defined HAVE_MEMORY_H
| #  include <memory.h>
| # endif
| # include <string.h>
| #endif
| #ifdef HAVE_STRINGS_H
| # include <strings.h>
| #endif
| #ifdef HAVE_INTTYPES_H
| # include <inttypes.h>
| #endif
| #ifdef HAVE_STDINT_H
| # include <stdint.h>
| #endif
| #ifdef HAVE_UNISTD_H
| # include <unistd.h>
| #endif
| int
| main ()
| {
| if (sizeof ((off_t)))
| 	    return 0;
|   ;
|   return 0;
| }
configure:4265: result: yes
configure:4276: checking for size_t
configure:4276: aarch64-linux-android-clang -c -fPIE -fPIC -Wno-error -Wno-null-pointer-arithmetic  conftest.c >&5
configure:4276: $? = 0
configure:4276: aarch64-linux-android-clang -c -fPIE -fPIC -Wno-error -Wno-null-pointer-arithmetic  conftest.c >&5
conftest.c:60:21: error: expected expression
if (sizeof ((size_t)))
                    ^
1 error generated.
configure:4276: $? = 1
configure: failed program was:
| /* confdefs.h */
| #define PACKAGE_NAME ""
| #define PACKAGE_TARNAME ""
| #define PACKAGE_VERSION ""
| #define PACKAGE_STRING ""
| #define PACKAGE_BUGREPORT ""
| #define PACKAGE_URL ""
| #define STDC_HEADERS 1
| #define HAVE_SYS_TYPES_H 1
| #define HAVE_SYS_STAT_H 1
| #define HAVE_STDLIB_H 1
| #define HAVE_STRING_H 1
| #define HAVE_MEMORY_H 1
| #define HAVE_STRINGS_H 1
| #define HAVE_INTTYPES_H 1
| #define HAVE_STDINT_H 1
| #define HAVE_UNISTD_H 1
| #define __EXTENSIONS__ 1
| #define _ALL_SOURCE 1
| #define _GNU_SOURCE 1
| #define _POSIX_PTHREAD_SEMANTICS 1
| #define _TANDEM_SOURCE 1
| /* end confdefs.h.  */
| #include <stdio.h>
| #ifdef HAVE_SYS_TYPES_H
| # include <sys/types.h>
| #endif
| #ifdef HAVE_SYS_STAT_H
| # include <sys/stat.h>
| #endif
| #ifdef STDC_HEADERS
| # include <stdlib.h>
| # include <stddef.h>
| #else
| # ifdef HAVE_STDLIB_H
| #  include <stdlib.h>
| # endif
| #endif
| #ifdef HAVE_STRING_H
| # if !defined STDC_HEADERS && defined HAVE_MEMORY_H
| #  include <memory.h>
| # endif
| # include <string.h>
| #endif
| #ifdef HAVE_STRINGS_H
| # include <strings.h>
| #endif
| #ifdef HAVE_INTTYPES_H
| # include <inttypes.h>
| #endif
| #ifdef HAVE_STDINT_H
| # include <stdint.h>
| #endif
| #ifdef HAVE_UNISTD_H
| # include <unistd.h>
| #endif
| int
| main ()
| {
| if (sizeof ((size_t)))
| 	    return 0;
|   ;
|   return 0;
| }
configure:4276: result: yes
configure:4289: checking for working alloca.h
configure:4306: aarch64-linux-android-clang -o conftest -fPIE -fPIC -Wno-error -Wno-null-pointer-arithmetic   -pie conftest.c  >&5
configure:4306: $? = 0
configure:4314: result: yes
configure:4322: checking for alloca
configure:4359: aarch64-linux-android-clang -o conftest -fPIE -fPIC -Wno-error -Wno-null-pointer-arithmetic   -pie conftest.c  >&5
configure:4359: $? = 0
configure:4367: result: yes
configure:4479: checking for stdlib.h
configure:4479: result: yes
configure:4479: checking for unistd.h
configure:4479: result: yes
configure:4479: checking for sys/param.h
configure:4479: aarch64-linux-android-clang -c -fPIE -fPIC -Wno-error -Wno-null-pointer-arithmetic  conftest.c >&5
configure:4479: $? = 0
configure:4479: result: yes
configure:4499: checking for getpagesize
configure:4499: aarch64-linux-android-clang -o conftest -fPIE -fPIC -Wno-error -Wno-null-pointer-arithmetic   -pie conftest.c  >&5
configure:4499: $? = 0
configure:4499: result: yes
configure:4508: checking for working mmap
configure:4665: result: no
configure:4675: checking whether we are using the GNU C Library 2.1 or newer
configure:4702: result: no
configure:4710: checking whether integer division by zero raises SIGFPE
configure:4778: result: guessing no
configure:4791: checking for inttypes.h
configure:4808: aarch64-linux-android-clang -c -fPIE -fPIC -Wno-error -Wno-null-pointer-arithmetic  conftest.c >&5
configure:4808: $? = 0
configure:4815: result: yes
configure:4826: checking for stdint.h
configure:4843: aarch64-linux-android-clang -c -fPIE -fPIC -Wno-error -Wno-null-pointer-arithmetic  conftest.c >&5
configure:4843: $? = 0
configure:4850: result: yes
configure:4861: checking for unsigned long long
configure:4878: aarch64-linux-android-clang -o conftest -fPIE -fPIC -Wno-error -Wno-null-pointer-arithmetic   -pie conftest.c  >&5
configure:4878: $? = 0
configure:4886: result: yes
configure:4914: checking for inttypes.h
configure:4932: aarch64-linux-android-clang -c -fPIE -fPIC -Wno-error -Wno-null-pointer-arithmetic  conftest.c >&5
configure:4932: $? = 0
configure:4940: result: yes
configure:4953: checking whether the inttypes.h PRIxNN macros are broken
configure:4974: aarch64-linux-android-clang -c -fPIE -fPIC -Wno-error -Wno-null-pointer-arithmetic  conftest.c >&5
configure:4974: $? = 0
configure:4982: result: no
configure:5033: checking for ld used by GCC
configure:5096: result: aarch64-linux-android-ld
configure:5103: checking if the linker (aarch64-linux-android-ld) is GNU ld
configure:5115: result: no
configure:5121: checking for shared library run path origin
configure:5134: result: done
configure:5540: checking argz.h usability
configure:5540: aarch64-linux-android-clang -c -fPIE -fPIC -Wno-error -Wno-null-pointer-arithmetic  conftest.c >&5
conftest.c:69:10: fatal error: 'argz.h' file not found
#include <argz.h>
         ^~~~~~~~
1 error generated.
configure:5540: $? = 1
configure: failed program was:
| /* confdefs.h */
| #define PACKAGE_NAME ""
| #define PACKAGE_TARNAME ""
| #define PACKAGE_VERSION ""
| #define PACKAGE_STRING ""
| #define PACKAGE_BUGREPORT ""
| #define PACKAGE_URL ""
| #define STDC_HEADERS 1
| #define HAVE_SYS_TYPES_H 1
| #define HAVE_SYS_STAT_H 1
| #define HAVE_STDLIB_H 1
| #define HAVE_STRING_H 1
| #define HAVE_MEMORY_H 1
| #define HAVE_STRINGS_H 1
| #define HAVE_INTTYPES_H 1
| #define HAVE_STDINT_H 1
| #define HAVE_UNISTD_H 1
| #define __EXTENSIONS__ 1
| #define _ALL_SOURCE 1
| #define _GNU_SOURCE 1
| #define _POSIX_PTHREAD_SEMANTICS 1
| #define _TANDEM_SOURCE 1
| #define HAVE_ALLOCA_H 1
| #define HAVE_ALLOCA 1
| #define HAVE_STDLIB_H 1
| #define HAVE_UNISTD_H 1
| #define HAVE_SYS_PARAM_H 1
| #define HAVE_GETPAGESIZE 1
| #define INTDIV0_RAISES_SIGFPE 0
| #define HAVE_INTTYPES_H_WITH_UINTMAX 1
| #define HAVE_STDINT_H_WITH_UINTMAX 1
| #define HAVE_UNSIGNED_LONG_LONG 1
| #define HAVE_UINTMAX_T 1
| #define HAVE_INTTYPES_H 1
| /* end confdefs.h.  */
| #include <stdio.h>
| #ifdef HAVE_SYS_TYPES_H
| # include <sys/types.h>
| #endif
| #ifdef HAVE_SYS_STAT_H
| # include <sys/stat.h>
| #endif
| #ifdef STDC_HEADERS
| # include <stdlib.h>
| # include <stddef.h>
| #else
| # ifdef HAVE_STDLIB_H
| #  include <stdlib.h>
| # endif
| #endif
| #ifdef HAVE_STRING_H
| # if !defined STDC_HEADERS && defined HAVE_MEMORY_H
| #  include <memory.h>
| # endif
| # include <string.h>
| #endif
| #ifdef HAVE_STRINGS_H
| # include <strings.h>
| #endif
| #ifdef HAVE_INTTYPES_H
| # include <inttypes.h>
| #endif
| #ifdef HAVE_STDINT_H
| # include <stdint.h>
| #endif
| #ifdef HAVE_UNISTD_H
| # include <unistd.h>
| #endif
| #include <argz.h>
configure:5540: result: no
configure:5540: checking argz.h presence
configure:5540: aarch64-linux-android-clang -E  conftest.c
conftest.c:36:10: fatal error: 'argz.h' file not found
#include <argz.h>
         ^~~~~~~~
1 error generated.
configure:5540: $? = 1
configure: failed program was:
| /* confdefs.h */
| #define PACKAGE_NAME ""
| #define PACKAGE_TARNAME ""
| #define PACKAGE_VERSION ""
| #define PACKAGE_STRING ""
| #define PACKAGE_BUGREPORT ""
| #define PACKAGE_URL ""
| #define STDC_HEADERS 1
| #define HAVE_SYS_TYPES_H 1
| #define HAVE_SYS_STAT_H 1
| #define HAVE_STDLIB_H 1
| #define HAVE_STRING_H 1
| #define HAVE_MEMORY_H 1
| #define HAVE_STRINGS_H 1
| #define HAVE_INTTYPES_H 1
| #define HAVE_STDINT_H 1
| #define HAVE_UNISTD_H 1
| #define __EXTENSIONS__ 1
| #define _ALL_SOURCE 1
| #define _GNU_SOURCE 1
| #define _POSIX_PTHREAD_SEMANTICS 1
| #define _TANDEM_SOURCE 1
| #define HAVE_ALLOCA_H 1
| #define HAVE_ALLOCA 1
| #define HAVE_STDLIB_H 1
| #define HAVE_UNISTD_H 1
| #define HAVE_SYS_PARAM_H 1
| #define HAVE_GETPAGESIZE 1
| #define INTDIV0_RAISES_SIGFPE 0
| #define HAVE_INTTYPES_H_WITH_UINTMAX 1
| #define HAVE_STDINT_H_WITH_UINTMAX 1
| #define HAVE_UNSIGNED_LONG_LONG 1
| #define HAVE_UINTMAX_T 1
| #define HAVE_INTTYPES_H 1
| /* end confdefs.h.  */
| #include <argz.h>
configure:5540: result: no
configure:5540: checking for argz.h
configure:5540: result: no
configure:5540: checking limits.h usability
configure:5540: aarch64-linux-android-clang -c -fPIE -fPIC -Wno-error -Wno-null-pointer-arithmetic  conftest.c >&5
configure:5540: $? = 0
configure:5540: result: yes
configure:5540: checking limits.h presence
configure:5540: aarch64-linux-android-clang -E  conftest.c
configure:5540: $? = 0
configure:5540: result: yes
configure:5540: checking for limits.h
configure:5540: result: yes
configure:5540: checking locale.h usability
configure:5540: aarch64-linux-android-clang -c -fPIE -fPIC -Wno-error -Wno-null-pointer-arithmetic  conftest.c >&5
configure:5540: $? = 0
configure:5540: result: yes
configure:5540: checking locale.h presence
configure:5540: aarch64-linux-android-clang -E  conftest.c
configure:5540: $? = 0
configure:5540: result: yes
configure:5540: checking for locale.h
configure:5540: result: yes
configure:5540: checking nl_types.h usability
configure:5540: aarch64-linux-android-clang -c -fPIE -fPIC -Wno-error -Wno-null-pointer-arithmetic  conftest.c >&5
configure:5540: $? = 0
configure:5540: result: yes
configure:5540: checking nl_types.h presence
configure:5540: aarch64-linux-android-clang -E  conftest.c
configure:5540: $? = 0
configure:5540: result: yes
configure:5540: checking for nl_types.h
configure:5540: result: yes
configure:5540: checking malloc.h usability
configure:5540: aarch64-linux-android-clang -c -fPIE -fPIC -Wno-error -Wno-null-pointer-arithmetic  conftest.c >&5
configure:5540: $? = 0
configure:5540: result: yes
configure:5540: checking malloc.h presence
configure:5540: aarch64-linux-android-clang -E  conftest.c
configure:5540: $? = 0
configure:5540: result: yes
configure:5540: checking for malloc.h
configure:5540: result: yes
configure:5540: checking stddef.h usability
configure:5540: aarch64-linux-android-clang -c -fPIE -fPIC -Wno-error -Wno-null-pointer-arithmetic  conftest.c >&5
configure:5540: $? = 0
configure:5540: result: yes
configure:5540: checking stddef.h presence
configure:5540: aarch64-linux-android-clang -E  conftest.c
configure:5540: $? = 0
configure:5540: result: yes
configure:5540: checking for stddef.h
configure:5540: result: yes
configure:5540: checking for stdlib.h
configure:5540: result: yes
configure:5540: checking for string.h
configure:5540: result: yes
configure:5540: checking for unistd.h
configure:5540: result: yes
configure:5540: checking for sys/param.h
configure:5540: result: yes
configure:5556: checking for feof_unlocked
configure:5556: aarch64-linux-android-clang -o conftest -fPIE -fPIC -Wno-error -Wno-null-pointer-arithmetic   -pie conftest.c  >&5
configure:5556: $? = 0
configure:5556: result: yes
configure:5556: checking for fgets_unlocked
configure:5556: aarch64-linux-android-clang -o conftest -fPIE -fPIC -Wno-error -Wno-null-pointer-arithmetic   -pie conftest.c  >&5
ld: error: undefined symbol: fgets_unlocked
>>> referenced by conftest.c
>>>               /tmp/conftest-a70588.o:(main)
clang140: error: linker command failed with exit code 1 (use -v to see invocation)
configure:5556: $? = 1
configure: failed program was:
| /* confdefs.h */
| #define PACKAGE_NAME ""
| #define PACKAGE_TARNAME ""
| #define PACKAGE_VERSION ""
| #define PACKAGE_STRING ""
| #define PACKAGE_BUGREPORT ""
| #define PACKAGE_URL ""
| #define STDC_HEADERS 1
| #define HAVE_SYS_TYPES_H 1
| #define HAVE_SYS_STAT_H 1
| #define HAVE_STDLIB_H 1
| #define HAVE_STRING_H 1
| #define HAVE_MEMORY_H 1
| #define HAVE_STRINGS_H 1
| #define HAVE_INTTYPES_H 1
| #define HAVE_STDINT_H 1
| #define HAVE_UNISTD_H 1
| #define __EXTENSIONS__ 1
| #define _ALL_SOURCE 1
| #define _GNU_SOURCE 1
| #define _POSIX_PTHREAD_SEMANTICS 1
| #define _TANDEM_SOURCE 1
| #define HAVE_ALLOCA_H 1
| #define HAVE_ALLOCA 1
| #define HAVE_STDLIB_H 1
| #define HAVE_UNISTD_H 1
| #define HAVE_SYS_PARAM_H 1
| #define HAVE_GETPAGESIZE 1
| #define INTDIV0_RAISES_SIGFPE 0
| #define HAVE_INTTYPES_H_WITH_UINTMAX 1
| #define HAVE_STDINT_H_WITH_UINTMAX 1
| #define HAVE_UNSIGNED_LONG_LONG 1
| #define HAVE_UINTMAX_T 1
| #define HAVE_INTTYPES_H 1
| #define HAVE_LIMITS_H 1
| #define HAVE_LOCALE_H 1
| #define HAVE_NL_TYPES_H 1
| #define HAVE_MALLOC_H 1
| #define HAVE_STDDEF_H 1
| #define HAVE_STDLIB_H 1
| #define HAVE_STRING_H 1
| #define HAVE_UNISTD_H 1
| #define HAVE_SYS_PARAM_H 1
| #define HAVE_FEOF_UNLOCKED 1
| /* end confdefs.h.  */
| /* Define fgets_unlocked to an innocuous variant, in case <limits.h> declares fgets_unlocked.
|    For example, HP-UX 11i <limits.h> declares gettimeofday.  */
| #define fgets_unlocked innocuous_fgets_unlocked
| 
| /* System header to define __stub macros and hopefully few prototypes,
|     which can conflict with char fgets_unlocked (); below.
|     Prefer <limits.h> to <assert.h> if __STDC__ is defined, since
|     <limits.h> exists even on freestanding compilers.  */
| 
| #ifdef __STDC__
| # include <limits.h>
| #else
| # include <assert.h>
| #endif
| 
| #undef fgets_unlocked
| 
| /* Override any GCC internal prototype to avoid an error.
|    Use char because int might match the return type of a GCC
|    builtin and then its argument prototype would still apply.  */
| #ifdef __cplusplus
| extern "C"
| #endif
| char fgets_unlocked ();
| /* The GNU C library defines this for functions which it implements
|     to always fail with ENOSYS.  Some functions are actually named
|     something starting with __ and the normal name is an alias.  */
| #if defined __stub_fgets_unlocked || defined __stub___fgets_unlocked
| choke me
| #endif
| 
| int
| main ()
| {
| return fgets_unlocked ();
|   ;
|   return 0;
| }
configure:5556: result: no
configure:5556: checking for getc_unlocked
configure:5556: aarch64-linux-android-clang -o conftest -fPIE -fPIC -Wno-error -Wno-null-pointer-arithmetic   -pie conftest.c  >&5
configure:5556: $? = 0
configure:5556: result: yes
configure:5556: checking for getcwd
configure:5556: aarch64-linux-android-clang -o conftest -fPIE -fPIC -Wno-error -Wno-null-pointer-arithmetic   -pie conftest.c  >&5
configure:5556: $? = 0
configure:5556: result: yes
configure:5556: checking for getegid
configure:5556: aarch64-linux-android-clang -o conftest -fPIE -fPIC -Wno-error -Wno-null-pointer-arithmetic   -pie conftest.c  >&5
configure:5556: $? = 0
configure:5556: result: yes
configure:5556: checking for geteuid
configure:5556: aarch64-linux-android-clang -o conftest -fPIE -fPIC -Wno-error -Wno-null-pointer-arithmetic   -pie conftest.c  >&5
configure:5556: $? = 0
configure:5556: result: yes
configure:5556: checking for getgid
configure:5556: aarch64-linux-android-clang -o conftest -fPIE -fPIC -Wno-error -Wno-null-pointer-arithmetic   -pie conftest.c  >&5
configure:5556: $? = 0
configure:5556: result: yes
configure:5556: checking for getuid
configure:5556: aarch64-linux-android-clang -o conftest -fPIE -fPIC -Wno-error -Wno-null-pointer-arithmetic   -pie conftest.c  >&5
configure:5556: $? = 0
configure:5556: result: yes
configure:5556: checking for mempcpy
configure:5556: aarch64-linux-android-clang -o conftest -fPIE -fPIC -Wno-error -Wno-null-pointer-arithmetic   -pie conftest.c  >&5
conftest.c:75:6: warning: incompatible redeclaration of library function 'mempcpy' [-Wincompatible-library-redeclaration]
char mempcpy ();
     ^
conftest.c:75:6: note: 'mempcpy' is a builtin with type 'void *(void *, const void *, unsigned long)'
1 warning generated.
configure:5556: $? = 0
configure:5556: result: yes
configure:5556: checking for munmap
configure:5556: aarch64-linux-android-clang -o conftest -fPIE -fPIC -Wno-error -Wno-null-pointer-arithmetic   -pie conftest.c  >&5
configure:5556: $? = 0
configure:5556: result: yes
configure:5556: checking for putenv
configure:5556: aarch64-linux-android-clang -o conftest -fPIE -fPIC -Wno-error -Wno-null-pointer-arithmetic   -pie conftest.c  >&5
configure:5556: $? = 0
configure:5556: result: yes
configure:5556: checking for setenv
configure:5556: aarch64-linux-android-clang -o conftest -fPIE -fPIC -Wno-error -Wno-null-pointer-arithmetic   -pie conftest.c  >&5
configure:5556: $? = 0
configure:5556: result: yes
configure:5556: checking for setlocale
configure:5556: aarch64-linux-android-clang -o conftest -fPIE -fPIC -Wno-error -Wno-null-pointer-arithmetic   -pie conftest.c  >&5
configure:5556: $? = 0
configure:5556: result: yes
configure:5556: checking for stpcpy
configure:5556: aarch64-linux-android-clang -o conftest -fPIE -fPIC -Wno-error -Wno-null-pointer-arithmetic   -pie conftest.c  >&5
conftest.c:80:6: warning: incompatible redeclaration of library function 'stpcpy' [-Wincompatible-library-redeclaration]
char stpcpy ();
     ^
conftest.c:80:6: note: 'stpcpy' is a builtin with type 'char *(char *, const char *)'
1 warning generated.
configure:5556: $? = 0
configure:5556: result: yes
configure:5556: checking for strcasecmp
configure:5556: aarch64-linux-android-clang -o conftest -fPIE -fPIC -Wno-error -Wno-null-pointer-arithmetic   -pie conftest.c  >&5
conftest.c:81:6: warning: incompatible redeclaration of library function 'strcasecmp' [-Wincompatible-library-redeclaration]
char strcasecmp ();
     ^
conftest.c:81:6: note: 'strcasecmp' is a builtin with type 'int (const char *, const char *)'
1 warning generated.
configure:5556: $? = 0
configure:5556: result: yes
configure:5556: checking for strdup
configure:5556: aarch64-linux-android-clang -o conftest -fPIE -fPIC -Wno-error -Wno-null-pointer-arithmetic   -pie conftest.c  >&5
conftest.c:82:6: warning: incompatible redeclaration of library function 'strdup' [-Wincompatible-library-redeclaration]
char strdup ();
     ^
conftest.c:82:6: note: 'strdup' is a builtin with type 'char *(const char *)'
1 warning generated.
configure:5556: $? = 0
configure:5556: result: yes
configure:5556: checking for strtoul
configure:5556: aarch64-linux-android-clang -o conftest -fPIE -fPIC -Wno-error -Wno-null-pointer-arithmetic   -pie conftest.c  >&5
conftest.c:83:6: warning: incompatible redeclaration of library function 'strtoul' [-Wincompatible-library-redeclaration]
char strtoul ();
     ^
conftest.c:83:6: note: 'strtoul' is a builtin with type 'unsigned long (const char *, char **, int)'
1 warning generated.
configure:5556: $? = 0
configure:5556: result: yes
configure:5556: checking for tsearch
configure:5556: aarch64-linux-android-clang -o conftest -fPIE -fPIC -Wno-error -Wno-null-pointer-arithmetic   -pie conftest.c  >&5
configure:5556: $? = 0
configure:5556: result: yes
configure:5556: checking for __argz_count
configure:5556: aarch64-linux-android-clang -o conftest -fPIE -fPIC -Wno-error -Wno-null-pointer-arithmetic   -pie conftest.c  >&5
ld: error: undefined symbol: __argz_count
>>> referenced by conftest.c
>>>               /tmp/conftest-c932fc.o:(main)
clang140: error: linker command failed with exit code 1 (use -v to see invocation)
configure:5556: $? = 1
configure: failed program was:
| /* confdefs.h */
| #define PACKAGE_NAME ""
| #define PACKAGE_TARNAME ""
| #define PACKAGE_VERSION ""
| #define PACKAGE_STRING ""
| #define PACKAGE_BUGREPORT ""
| #define PACKAGE_URL ""
| #define STDC_HEADERS 1
| #define HAVE_SYS_TYPES_H 1
| #define HAVE_SYS_STAT_H 1
| #define HAVE_STDLIB_H 1
| #define HAVE_STRING_H 1
| #define HAVE_MEMORY_H 1
| #define HAVE_STRINGS_H 1
| #define HAVE_INTTYPES_H 1
| #define HAVE_STDINT_H 1
| #define HAVE_UNISTD_H 1
| #define __EXTENSIONS__ 1
| #define _ALL_SOURCE 1
| #define _GNU_SOURCE 1
| #define _POSIX_PTHREAD_SEMANTICS 1
| #define _TANDEM_SOURCE 1
| #define HAVE_ALLOCA_H 1
| #define HAVE_ALLOCA 1
| #define HAVE_STDLIB_H 1
| #define HAVE_UNISTD_H 1
| #define HAVE_SYS_PARAM_H 1
| #define HAVE_GETPAGESIZE 1
| #define INTDIV0_RAISES_SIGFPE 0
| #define HAVE_INTTYPES_H_WITH_UINTMAX 1
| #define HAVE_STDINT_H_WITH_UINTMAX 1
| #define HAVE_UNSIGNED_LONG_LONG 1
| #define HAVE_UINTMAX_T 1
| #define HAVE_INTTYPES_H 1
| #define HAVE_LIMITS_H 1
| #define HAVE_LOCALE_H 1
| #define HAVE_NL_TYPES_H 1
| #define HAVE_MALLOC_H 1
| #define HAVE_STDDEF_H 1
| #define HAVE_STDLIB_H 1
| #define HAVE_STRING_H 1
| #define HAVE_UNISTD_H 1
| #define HAVE_SYS_PARAM_H 1
| #define HAVE_FEOF_UNLOCKED 1
| #define HAVE_GETC_UNLOCKED 1
| #define HAVE_GETCWD 1
| #define HAVE_GETEGID 1
| #define HAVE_GETEUID 1
| #define HAVE_GETGID 1
| #define HAVE_GETUID 1
| #define HAVE_MEMPCPY 1
| #define HAVE_MUNMAP 1
| #define HAVE_PUTENV 1
| #define HAVE_SETENV 1
| #define HAVE_SETLOCALE 1
| #define HAVE_STPCPY 1
| #define HAVE_STRCASECMP 1
| #define HAVE_STRDUP 1
| #define HAVE_STRTOUL 1
| #define HAVE_TSEARCH 1
| /* end confdefs.h.  */
| /* Define __argz_count to an innocuous variant, in case <limits.h> declares __argz_count.
|    For example, HP-UX 11i <limits.h> declares gettimeofday.  */
| #define __argz_count innocuous___argz_count
| 
| /* System header to define __stub macros and hopefully few prototypes,
|     which can conflict with char __argz_count (); below.
|     Prefer <limits.h> to <assert.h> if __STDC__ is defined, since
|     <limits.h> exists even on freestanding compilers.  */
| 
| #ifdef __STDC__
| # include <limits.h>
| #else
| # include <assert.h>
| #endif
| 
| #undef __argz_count
| 
| /* Override any GCC internal prototype to avoid an error.
|    Use char because int might match the return type of a GCC
|    builtin and then its argument prototype would still apply.  */
| #ifdef __cplusplus
| extern "C"
| #endif
| char __argz_count ();
| /* The GNU C library defines this for functions which it implements
|     to always fail with ENOSYS.  Some functions are actually named
|     something starting with __ and the normal name is an alias.  */
| #if defined __stub___argz_count || defined __stub_____argz_count
| choke me
| #endif
| 
| int
| main ()
| {
| return __argz_count ();
|   ;
|   return 0;
| }
configure:5556: result: no
configure:5556: checking for __argz_stringify
configure:5556: aarch64-linux-android-clang -o conftest -fPIE -fPIC -Wno-error -Wno-null-pointer-arithmetic   -pie conftest.c  >&5
ld: error: undefined symbol: __argz_stringify
>>> referenced by conftest.c
>>>               /tmp/conftest-39e52c.o:(main)
clang140: error: linker command failed with exit code 1 (use -v to see invocation)
configure:5556: $? = 1
configure: failed program was:
| /* confdefs.h */
| #define PACKAGE_NAME ""
| #define PACKAGE_TARNAME ""
| #define PACKAGE_VERSION ""
| #define PACKAGE_STRING ""
| #define PACKAGE_BUGREPORT ""
| #define PACKAGE_URL ""
| #define STDC_HEADERS 1
| #define HAVE_SYS_TYPES_H 1
| #define HAVE_SYS_STAT_H 1
| #define HAVE_STDLIB_H 1
| #define HAVE_STRING_H 1
| #define HAVE_MEMORY_H 1
| #define HAVE_STRINGS_H 1
| #define HAVE_INTTYPES_H 1
| #define HAVE_STDINT_H 1
| #define HAVE_UNISTD_H 1
| #define __EXTENSIONS__ 1
| #define _ALL_SOURCE 1
| #define _GNU_SOURCE 1
| #define _POSIX_PTHREAD_SEMANTICS 1
| #define _TANDEM_SOURCE 1
| #define HAVE_ALLOCA_H 1
| #define HAVE_ALLOCA 1
| #define HAVE_STDLIB_H 1
| #define HAVE_UNISTD_H 1
| #define HAVE_SYS_PARAM_H 1
| #define HAVE_GETPAGESIZE 1
| #define INTDIV0_RAISES_SIGFPE 0
| #define HAVE_INTTYPES_H_WITH_UINTMAX 1
| #define HAVE_STDINT_H_WITH_UINTMAX 1
| #define HAVE_UNSIGNED_LONG_LONG 1
| #define HAVE_UINTMAX_T 1
| #define HAVE_INTTYPES_H 1
| #define HAVE_LIMITS_H 1
| #define HAVE_LOCALE_H 1
| #define HAVE_NL_TYPES_H 1
| #define HAVE_MALLOC_H 1
| #define HAVE_STDDEF_H 1
| #define HAVE_STDLIB_H 1
| #define HAVE_STRING_H 1
| #define HAVE_UNISTD_H 1
| #define HAVE_SYS_PARAM_H 1
| #define HAVE_FEOF_UNLOCKED 1
| #define HAVE_GETC_UNLOCKED 1
| #define HAVE_GETCWD 1
| #define HAVE_GETEGID 1
| #define HAVE_GETEUID 1
| #define HAVE_GETGID 1
| #define HAVE_GETUID 1
| #define HAVE_MEMPCPY 1
| #define HAVE_MUNMAP 1
| #define HAVE_PUTENV 1
| #define HAVE_SETENV 1
| #define HAVE_SETLOCALE 1
| #define HAVE_STPCPY 1
| #define HAVE_STRCASECMP 1
| #define HAVE_STRDUP 1
| #define HAVE_STRTOUL 1
| #define HAVE_TSEARCH 1
| /* end confdefs.h.  */
| /* Define __argz_stringify to an innocuous variant, in case <limits.h> declares __argz_stringify.
|    For example, HP-UX 11i <limits.h> declares gettimeofday.  */
| #define __argz_stringify innocuous___argz_stringify
| 
| /* System header to define __stub macros and hopefully few prototypes,
|     which can conflict with char __argz_stringify (); below.
|     Prefer <limits.h> to <assert.h> if __STDC__ is defined, since
|     <limits.h> exists even on freestanding compilers.  */
| 
| #ifdef __STDC__
| # include <limits.h>
| #else
| # include <assert.h>
| #endif
| 
| #undef __argz_stringify
| 
| /* Override any GCC internal prototype to avoid an error.
|    Use char because int might match the return type of a GCC
|    builtin and then its argument prototype would still apply.  */
| #ifdef __cplusplus
| extern "C"
| #endif
| char __argz_stringify ();
| /* The GNU C library defines this for functions which it implements
|     to always fail with ENOSYS.  Some functions are actually named
|     something starting with __ and the normal name is an alias.  */
| #if defined __stub___argz_stringify || defined __stub_____argz_stringify
| choke me
| #endif
| 
| int
| main ()
| {
| return __argz_stringify ();
|   ;
|   return 0;
| }
configure:5556: result: no
configure:5556: checking for __argz_next
configure:5556: aarch64-linux-android-clang -o conftest -fPIE -fPIC -Wno-error -Wno-null-pointer-arithmetic   -pie conftest.c  >&5
ld: error: undefined symbol: __argz_next
>>> referenced by conftest.c
>>>               /tmp/conftest-f11c0f.o:(main)
clang140: error: linker command failed with exit code 1 (use -v to see invocation)
configure:5556: $? = 1
configure: failed program was:
| /* confdefs.h */
| #define PACKAGE_NAME ""
| #define PACKAGE_TARNAME ""
| #define PACKAGE_VERSION ""
| #define PACKAGE_STRING ""
| #define PACKAGE_BUGREPORT ""
| #define PACKAGE_URL ""
| #define STDC_HEADERS 1
| #define HAVE_SYS_TYPES_H 1
| #define HAVE_SYS_STAT_H 1
| #define HAVE_STDLIB_H 1
| #define HAVE_STRING_H 1
| #define HAVE_MEMORY_H 1
| #define HAVE_STRINGS_H 1
| #define HAVE_INTTYPES_H 1
| #define HAVE_STDINT_H 1
| #define HAVE_UNISTD_H 1
| #define __EXTENSIONS__ 1
| #define _ALL_SOURCE 1
| #define _GNU_SOURCE 1
| #define _POSIX_PTHREAD_SEMANTICS 1
| #define _TANDEM_SOURCE 1
| #define HAVE_ALLOCA_H 1
| #define HAVE_ALLOCA 1
| #define HAVE_STDLIB_H 1
| #define HAVE_UNISTD_H 1
| #define HAVE_SYS_PARAM_H 1
| #define HAVE_GETPAGESIZE 1
| #define INTDIV0_RAISES_SIGFPE 0
| #define HAVE_INTTYPES_H_WITH_UINTMAX 1
| #define HAVE_STDINT_H_WITH_UINTMAX 1
| #define HAVE_UNSIGNED_LONG_LONG 1
| #define HAVE_UINTMAX_T 1
| #define HAVE_INTTYPES_H 1
| #define HAVE_LIMITS_H 1
| #define HAVE_LOCALE_H 1
| #define HAVE_NL_TYPES_H 1
| #define HAVE_MALLOC_H 1
| #define HAVE_STDDEF_H 1
| #define HAVE_STDLIB_H 1
| #define HAVE_STRING_H 1
| #define HAVE_UNISTD_H 1
| #define HAVE_SYS_PARAM_H 1
| #define HAVE_FEOF_UNLOCKED 1
| #define HAVE_GETC_UNLOCKED 1
| #define HAVE_GETCWD 1
| #define HAVE_GETEGID 1
| #define HAVE_GETEUID 1
| #define HAVE_GETGID 1
| #define HAVE_GETUID 1
| #define HAVE_MEMPCPY 1
| #define HAVE_MUNMAP 1
| #define HAVE_PUTENV 1
| #define HAVE_SETENV 1
| #define HAVE_SETLOCALE 1
| #define HAVE_STPCPY 1
| #define HAVE_STRCASECMP 1
| #define HAVE_STRDUP 1
| #define HAVE_STRTOUL 1
| #define HAVE_TSEARCH 1
| /* end confdefs.h.  */
| /* Define __argz_next to an innocuous variant, in case <limits.h> declares __argz_next.
|    For example, HP-UX 11i <limits.h> declares gettimeofday.  */
| #define __argz_next innocuous___argz_next
| 
| /* System header to define __stub macros and hopefully few prototypes,
|     which can conflict with char __argz_next (); below.
|     Prefer <limits.h> to <assert.h> if __STDC__ is defined, since
|     <limits.h> exists even on freestanding compilers.  */
| 
| #ifdef __STDC__
| # include <limits.h>
| #else
| # include <assert.h>
| #endif
| 
| #undef __argz_next
| 
| /* Override any GCC internal prototype to avoid an error.
|    Use char because int might match the return type of a GCC
|    builtin and then its argument prototype would still apply.  */
| #ifdef __cplusplus
| extern "C"
| #endif
| char __argz_next ();
| /* The GNU C library defines this for functions which it implements
|     to always fail with ENOSYS.  Some functions are actually named
|     something starting with __ and the normal name is an alias.  */
| #if defined __stub___argz_next || defined __stub_____argz_next
| choke me
| #endif
| 
| int
| main ()
| {
| return __argz_next ();
|   ;
|   return 0;
| }
configure:5556: result: no
configure:5556: checking for __fsetlocking
configure:5556: aarch64-linux-android-clang -o conftest -fPIE -fPIC -Wno-error -Wno-null-pointer-arithmetic   -pie conftest.c  >&5
configure:5556: $? = 0
configure:5556: result: yes
configure:5571: checking for iconv
configure:5595: aarch64-linux-android-clang -o conftest -fPIE -fPIC -Wno-error -Wno-null-pointer-arithmetic    -pie conftest.c  >&5
conftest.c:68:14: warning: implicit declaration of function 'iconv_open' is invalid in C99 [-Wimplicit-function-declaration]
iconv_t cd = iconv_open("","");
             ^
conftest.c:68:9: warning: incompatible integer to pointer conversion initializing 'iconv_t' (aka 'struct __iconv_t *') with an expression of type 'int' [-Wint-conversion]
iconv_t cd = iconv_open("","");
        ^    ~~~~~~~~~~~~~~~~~
conftest.c:69:8: warning: implicit declaration of function 'iconv' is invalid in C99 [-Wimplicit-function-declaration]
       iconv(cd,NULL,NULL,NULL,NULL);
       ^
conftest.c:70:8: warning: implicit declaration of function 'iconv_close' is invalid in C99 [-Wimplicit-function-declaration]
       iconv_close(cd);
       ^
4 warnings generated.
ld: error: undefined symbol: iconv_open
>>> referenced by conftest.c
>>>               /tmp/conftest-f49798.o:(main)

ld: error: undefined symbol: iconv
>>> referenced by conftest.c
>>>               /tmp/conftest-f49798.o:(main)

ld: error: undefined symbol: iconv_close
>>> referenced by conftest.c
>>>               /tmp/conftest-f49798.o:(main)
clang140: error: linker command failed with exit code 1 (use -v to see invocation)
configure:5595: $? = 1
configure: failed program was:
| /* confdefs.h */
| #define PACKAGE_NAME ""
| #define PACKAGE_TARNAME ""
| #define PACKAGE_VERSION ""
| #define PACKAGE_STRING ""
| #define PACKAGE_BUGREPORT ""
| #define PACKAGE_URL ""
| #define STDC_HEADERS 1
| #define HAVE_SYS_TYPES_H 1
| #define HAVE_SYS_STAT_H 1
| #define HAVE_STDLIB_H 1
| #define HAVE_STRING_H 1
| #define HAVE_MEMORY_H 1
| #define HAVE_STRINGS_H 1
| #define HAVE_INTTYPES_H 1
| #define HAVE_STDINT_H 1
| #define HAVE_UNISTD_H 1
| #define __EXTENSIONS__ 1
| #define _ALL_SOURCE 1
| #define _GNU_SOURCE 1
| #define _POSIX_PTHREAD_SEMANTICS 1
| #define _TANDEM_SOURCE 1
| #define HAVE_ALLOCA_H 1
| #define HAVE_ALLOCA 1
| #define HAVE_STDLIB_H 1
| #define HAVE_UNISTD_H 1
| #define HAVE_SYS_PARAM_H 1
| #define HAVE_GETPAGESIZE 1
| #define INTDIV0_RAISES_SIGFPE 0
| #define HAVE_INTTYPES_H_WITH_UINTMAX 1
| #define HAVE_STDINT_H_WITH_UINTMAX 1
| #define HAVE_UNSIGNED_LONG_LONG 1
| #define HAVE_UINTMAX_T 1
| #define HAVE_INTTYPES_H 1
| #define HAVE_LIMITS_H 1
| #define HAVE_LOCALE_H 1
| #define HAVE_NL_TYPES_H 1
| #define HAVE_MALLOC_H 1
| #define HAVE_STDDEF_H 1
| #define HAVE_STDLIB_H 1
| #define HAVE_STRING_H 1
| #define HAVE_UNISTD_H 1
| #define HAVE_SYS_PARAM_H 1
| #define HAVE_FEOF_UNLOCKED 1
| #define HAVE_GETC_UNLOCKED 1
| #define HAVE_GETCWD 1
| #define HAVE_GETEGID 1
| #define HAVE_GETEUID 1
| #define HAVE_GETGID 1
| #define HAVE_GETUID 1
| #define HAVE_MEMPCPY 1
| #define HAVE_MUNMAP 1
| #define HAVE_PUTENV 1
| #define HAVE_SETENV 1
| #define HAVE_SETLOCALE 1
| #define HAVE_STPCPY 1
| #define HAVE_STRCASECMP 1
| #define HAVE_STRDUP 1
| #define HAVE_STRTOUL 1
| #define HAVE_TSEARCH 1
| #define HAVE___FSETLOCKING 1
| /* end confdefs.h.  */
| #include <stdlib.h>
| #include <iconv.h>
| int
| main ()
| {
| iconv_t cd = iconv_open("","");
|        iconv(cd,NULL,NULL,NULL,NULL);
|        iconv_close(cd);
|   ;
|   return 0;
| }
configure:5658: aarch64-linux-android-clang -o conftest -fPIE -fPIC -Wno-error -Wno-null-pointer-arithmetic    -pie conftest.c  -liconv >&5
conftest.c:68:14: warning: implicit declaration of function 'iconv_open' is invalid in C99 [-Wimplicit-function-declaration]
iconv_t cd = iconv_open("","");
             ^
conftest.c:68:9: warning: incompatible integer to pointer conversion initializing 'iconv_t' (aka 'struct __iconv_t *') with an expression of type 'int' [-Wint-conversion]
iconv_t cd = iconv_open("","");
        ^    ~~~~~~~~~~~~~~~~~
conftest.c:69:10: warning: implicit declaration of function 'iconv' is invalid in C99 [-Wimplicit-function-declaration]
         iconv(cd,NULL,NULL,NULL,NULL);
         ^
conftest.c:70:10: warning: implicit declaration of function 'iconv_close' is invalid in C99 [-Wimplicit-function-declaration]
         iconv_close(cd);
         ^
4 warnings generated.
ld: error: unable to find library -liconv
clang140: error: linker command failed with exit code 1 (use -v to see invocation)
configure:5658: $? = 1
configure: failed program was:
| /* confdefs.h */
| #define PACKAGE_NAME ""
| #define PACKAGE_TARNAME ""
| #define PACKAGE_VERSION ""
| #define PACKAGE_STRING ""
| #define PACKAGE_BUGREPORT ""
| #define PACKAGE_URL ""
| #define STDC_HEADERS 1
| #define HAVE_SYS_TYPES_H 1
| #define HAVE_SYS_STAT_H 1
| #define HAVE_STDLIB_H 1
| #define HAVE_STRING_H 1
| #define HAVE_MEMORY_H 1
| #define HAVE_STRINGS_H 1
| #define HAVE_INTTYPES_H 1
| #define HAVE_STDINT_H 1
| #define HAVE_UNISTD_H 1
| #define __EXTENSIONS__ 1
| #define _ALL_SOURCE 1
| #define _GNU_SOURCE 1
| #define _POSIX_PTHREAD_SEMANTICS 1
| #define _TANDEM_SOURCE 1
| #define HAVE_ALLOCA_H 1
| #define HAVE_ALLOCA 1
| #define HAVE_STDLIB_H 1
| #define HAVE_UNISTD_H 1
| #define HAVE_SYS_PARAM_H 1
| #define HAVE_GETPAGESIZE 1
| #define INTDIV0_RAISES_SIGFPE 0
| #define HAVE_INTTYPES_H_WITH_UINTMAX 1
| #define HAVE_STDINT_H_WITH_UINTMAX 1
| #define HAVE_UNSIGNED_LONG_LONG 1
| #define HAVE_UINTMAX_T 1
| #define HAVE_INTTYPES_H 1
| #define HAVE_LIMITS_H 1
| #define HAVE_LOCALE_H 1
| #define HAVE_NL_TYPES_H 1
| #define HAVE_MALLOC_H 1
| #define HAVE_STDDEF_H 1
| #define HAVE_STDLIB_H 1
| #define HAVE_STRING_H 1
| #define HAVE_UNISTD_H 1
| #define HAVE_SYS_PARAM_H 1
| #define HAVE_FEOF_UNLOCKED 1
| #define HAVE_GETC_UNLOCKED 1
| #define HAVE_GETCWD 1
| #define HAVE_GETEGID 1
| #define HAVE_GETEUID 1
| #define HAVE_GETGID 1
| #define HAVE_GETUID 1
| #define HAVE_MEMPCPY 1
| #define HAVE_MUNMAP 1
| #define HAVE_PUTENV 1
| #define HAVE_SETENV 1
| #define HAVE_SETLOCALE 1
| #define HAVE_STPCPY 1
| #define HAVE_STRCASECMP 1
| #define HAVE_STRDUP 1
| #define HAVE_STRTOUL 1
| #define HAVE_TSEARCH 1
| #define HAVE___FSETLOCKING 1
| /* end confdefs.h.  */
| #include <stdlib.h>
| #include <iconv.h>
| int
| main ()
| {
| iconv_t cd = iconv_open("","");
|          iconv(cd,NULL,NULL,NULL,NULL);
|          iconv_close(cd);
|   ;
|   return 0;
| }
configure:5669: result: no, consider installing GNU libiconv
configure:5763: checking for nl_langinfo and CODESET
configure:5779: aarch64-linux-android-clang -o conftest -fPIE -fPIC -Wno-error -Wno-null-pointer-arithmetic   -pie conftest.c  >&5
configure:5779: $? = 0
configure:5788: result: yes
configure:5798: checking for LC_MESSAGES
configure:5814: aarch64-linux-android-clang -o conftest -fPIE -fPIC -Wno-error -Wno-null-pointer-arithmetic   -pie conftest.c  >&5
configure:5814: $? = 0
configure:5822: result: yes
configure:5836: checking for bison
configure:5852: found /usr/bin/bison
configure:5863: result: bison
configure:5877: checking version of bison
configure:5886: result: 3.8.2, ok
configure:5908: checking whether NLS is requested
configure:5917: result: yes
configure:5933: checking whether included gettext is requested
configure:5943: result: no
configure:5954: checking for GNU gettext in libc
configure:5973: aarch64-linux-android-clang -o conftest -fPIE -fPIC -Wno-error -Wno-null-pointer-arithmetic   -pie conftest.c  >&5
conftest.c:65:10: fatal error: 'libintl.h' file not found
#include <libintl.h>
         ^~~~~~~~~~~
1 error generated.
configure:5973: $? = 1
configure: failed program was:
| /* confdefs.h */
| #define PACKAGE_NAME ""
| #define PACKAGE_TARNAME ""
| #define PACKAGE_VERSION ""
| #define PACKAGE_STRING ""
| #define PACKAGE_BUGREPORT ""
| #define PACKAGE_URL ""
| #define STDC_HEADERS 1
| #define HAVE_SYS_TYPES_H 1
| #define HAVE_SYS_STAT_H 1
| #define HAVE_STDLIB_H 1
| #define HAVE_STRING_H 1
| #define HAVE_MEMORY_H 1
| #define HAVE_STRINGS_H 1
| #define HAVE_INTTYPES_H 1
| #define HAVE_STDINT_H 1
| #define HAVE_UNISTD_H 1
| #define __EXTENSIONS__ 1
| #define _ALL_SOURCE 1
| #define _GNU_SOURCE 1
| #define _POSIX_PTHREAD_SEMANTICS 1
| #define _TANDEM_SOURCE 1
| #define HAVE_ALLOCA_H 1
| #define HAVE_ALLOCA 1
| #define HAVE_STDLIB_H 1
| #define HAVE_UNISTD_H 1
| #define HAVE_SYS_PARAM_H 1
| #define HAVE_GETPAGESIZE 1
| #define INTDIV0_RAISES_SIGFPE 0
| #define HAVE_INTTYPES_H_WITH_UINTMAX 1
| #define HAVE_STDINT_H_WITH_UINTMAX 1
| #define HAVE_UNSIGNED_LONG_LONG 1
| #define HAVE_UINTMAX_T 1
| #define HAVE_INTTYPES_H 1
| #define HAVE_LIMITS_H 1
| #define HAVE_LOCALE_H 1
| #define HAVE_NL_TYPES_H 1
| #define HAVE_MALLOC_H 1
| #define HAVE_STDDEF_H 1
| #define HAVE_STDLIB_H 1
| #define HAVE_STRING_H 1
| #define HAVE_UNISTD_H 1
| #define HAVE_SYS_PARAM_H 1
| #define HAVE_FEOF_UNLOCKED 1
| #define HAVE_GETC_UNLOCKED 1
| #define HAVE_GETCWD 1
| #define HAVE_GETEGID 1
| #define HAVE_GETEUID 1
| #define HAVE_GETGID 1
| #define HAVE_GETUID 1
| #define HAVE_MEMPCPY 1
| #define HAVE_MUNMAP 1
| #define HAVE_PUTENV 1
| #define HAVE_SETENV 1
| #define HAVE_SETLOCALE 1
| #define HAVE_STPCPY 1
| #define HAVE_STRCASECMP 1
| #define HAVE_STRDUP 1
| #define HAVE_STRTOUL 1
| #define HAVE_TSEARCH 1
| #define HAVE___FSETLOCKING 1
| #define HAVE_LANGINFO_CODESET 1
| #define HAVE_LC_MESSAGES 1
| /* end confdefs.h.  */
| #include <libintl.h>
| extern int _nl_msg_cat_cntr;
| extern int *_nl_domain_bindings;
| int
| main ()
| {
| bindtextdomain ("", "");
| return (int) gettext ("") + (int) ngettext ("", "", 0) + _nl_msg_cat_cntr + *_nl_domain_bindings
|   ;
|   return 0;
| }
configure:5981: result: no
configure:6364: checking for GNU gettext in libintl
configure:6391: aarch64-linux-android-clang -o conftest -fPIE -fPIC -Wno-error -Wno-null-pointer-arithmetic    -pie conftest.c  -lintl >&5
conftest.c:65:10: fatal error: 'libintl.h' file not found
#include <libintl.h>
         ^~~~~~~~~~~
1 error generated.
configure:6391: $? = 1
configure: failed program was:
| /* confdefs.h */
| #define PACKAGE_NAME ""
| #define PACKAGE_TARNAME ""
| #define PACKAGE_VERSION ""
| #define PACKAGE_STRING ""
| #define PACKAGE_BUGREPORT ""
| #define PACKAGE_URL ""
| #define STDC_HEADERS 1
| #define HAVE_SYS_TYPES_H 1
| #define HAVE_SYS_STAT_H 1
| #define HAVE_STDLIB_H 1
| #define HAVE_STRING_H 1
| #define HAVE_MEMORY_H 1
| #define HAVE_STRINGS_H 1
| #define HAVE_INTTYPES_H 1
| #define HAVE_STDINT_H 1
| #define HAVE_UNISTD_H 1
| #define __EXTENSIONS__ 1
| #define _ALL_SOURCE 1
| #define _GNU_SOURCE 1
| #define _POSIX_PTHREAD_SEMANTICS 1
| #define _TANDEM_SOURCE 1
| #define HAVE_ALLOCA_H 1
| #define HAVE_ALLOCA 1
| #define HAVE_STDLIB_H 1
| #define HAVE_UNISTD_H 1
| #define HAVE_SYS_PARAM_H 1
| #define HAVE_GETPAGESIZE 1
| #define INTDIV0_RAISES_SIGFPE 0
| #define HAVE_INTTYPES_H_WITH_UINTMAX 1
| #define HAVE_STDINT_H_WITH_UINTMAX 1
| #define HAVE_UNSIGNED_LONG_LONG 1
| #define HAVE_UINTMAX_T 1
| #define HAVE_INTTYPES_H 1
| #define HAVE_LIMITS_H 1
| #define HAVE_LOCALE_H 1
| #define HAVE_NL_TYPES_H 1
| #define HAVE_MALLOC_H 1
| #define HAVE_STDDEF_H 1
| #define HAVE_STDLIB_H 1
| #define HAVE_STRING_H 1
| #define HAVE_UNISTD_H 1
| #define HAVE_SYS_PARAM_H 1
| #define HAVE_FEOF_UNLOCKED 1
| #define HAVE_GETC_UNLOCKED 1
| #define HAVE_GETCWD 1
| #define HAVE_GETEGID 1
| #define HAVE_GETEUID 1
| #define HAVE_GETGID 1
| #define HAVE_GETUID 1
| #define HAVE_MEMPCPY 1
| #define HAVE_MUNMAP 1
| #define HAVE_PUTENV 1
| #define HAVE_SETENV 1
| #define HAVE_SETLOCALE 1
| #define HAVE_STPCPY 1
| #define HAVE_STRCASECMP 1
| #define HAVE_STRDUP 1
| #define HAVE_STRTOUL 1
| #define HAVE_TSEARCH 1
| #define HAVE___FSETLOCKING 1
| #define HAVE_LANGINFO_CODESET 1
| #define HAVE_LC_MESSAGES 1
| /* end confdefs.h.  */
| #include <libintl.h>
| extern int _nl_msg_cat_cntr;
| extern
| #ifdef __cplusplus
| "C"
| #endif
| const char *_nl_expand_alias ();
| int
| main ()
| {
| bindtextdomain ("", "");
| return (int) gettext ("") + (int) ngettext ("", "", 0) + _nl_msg_cat_cntr + *_nl_expand_alias (0)
|   ;
|   return 0;
| }
configure:6430: result: no
configure:6475: checking whether to use NLS
configure:6477: result: yes
configure:6480: checking where the gettext function comes from
configure:6491: result: included intl directory
configure:6605: checking for aclocal
configure:6621: found /usr/bin/aclocal
configure:6632: result: aclocal
configure:6648: checking for autoconf
configure:6664: found /usr/bin/autoconf
configure:6675: result: autoconf
configure:6691: checking for autoheader
configure:6707: found /usr/bin/autoheader
configure:6718: result: autoheader
configure:6819: updating cache ./config.cache
configure:6868: creating ./config.status

## ---------------------- ##
## Running config.status. ##
## ---------------------- ##

This file was extended by config.status, which was
generated by GNU Autoconf 2.69.  Invocation command line was

  CONFIG_FILES    = 
  CONFIG_HEADERS  = 
  CONFIG_LINKS    = 
  CONFIG_COMMANDS = 
  $ ./config.status 

on r0env

config.status:912: creating Makefile
config.status:912: creating config.intl
config.status:912: creating config.h
config.status:1101: executing default-1 commands

## ---------------- ##
## Cache variables. ##
## ---------------- ##

ac_cv_build=x86_64-pc-linux-gnu
ac_cv_c_compiler_gnu=yes
ac_cv_c_const=yes
ac_cv_c_inline=inline
ac_cv_env_CC_set=set
ac_cv_env_CC_value=aarch64-linux-android-clang
ac_cv_env_CFLAGS_set=set
ac_cv_env_CFLAGS_value='-fPIE -fPIC -Wno-error -Wno-null-pointer-arithmetic'
ac_cv_env_CPPFLAGS_set=
ac_cv_env_CPPFLAGS_value=
ac_cv_env_CPP_set=
ac_cv_env_CPP_value=
ac_cv_env_LDFLAGS_set=set
ac_cv_env_LDFLAGS_value=' -pie'
ac_cv_env_LIBS_set=
ac_cv_env_LIBS_value=
ac_cv_env_build_alias_set=set
ac_cv_env_build_alias_value=x86_64-pc-linux-gnu
ac_cv_env_host_alias_set=set
ac_cv_env_host_alias_value=aarch64-linux-android
ac_cv_env_target_alias_set=set
ac_cv_env_target_alias_value=aarch64-linux-android
ac_cv_func___argz_count=no
ac_cv_func___argz_next=no
ac_cv_func___argz_stringify=no
ac_cv_func___fsetlocking=yes
ac_cv_func_alloca_works=yes
ac_cv_func_feof_unlocked=yes
ac_cv_func_fgets_unlocked=no
ac_cv_func_getc_unlocked=yes
ac_cv_func_getcwd=yes
ac_cv_func_getegid=yes
ac_cv_func_geteuid=yes
ac_cv_func_getgid=yes
ac_cv_func_getpagesize=yes
ac_cv_func_getuid=yes
ac_cv_func_mempcpy=yes
ac_cv_func_mmap_fixed_mapped=no
ac_cv_func_munmap=yes
ac_cv_func_putenv=yes
ac_cv_func_setenv=yes
ac_cv_func_setlocale=yes
ac_cv_func_stpcpy=yes
ac_cv_func_strcasecmp=yes
ac_cv_func_strdup=yes
ac_cv_func_strtoul=yes
ac_cv_func_tsearch=yes
ac_cv_gnu_library_2_1=no
ac_cv_header_argz_h=no
ac_cv_header_inttypes_h=yes
ac_cv_header_limits_h=yes
ac_cv_header_locale_h=yes
ac_cv_header_malloc_h=yes
ac_cv_header_memory_h=yes
ac_cv_header_minix_config_h=no
ac_cv_header_nl_types_h=yes
ac_cv_header_stdc=yes
ac_cv_header_stddef_h=yes
ac_cv_header_stdint_h=yes
ac_cv_header_stdlib_h=yes
ac_cv_header_string_h=yes
ac_cv_header_strings_h=yes
ac_cv_header_sys_param_h=yes
ac_cv_header_sys_stat_h=yes
ac_cv_header_sys_types_h=yes
ac_cv_header_unistd_h=yes
ac_cv_host=aarch64-unknown-linux-android
ac_cv_objext=o
ac_cv_path_EGREP='/usr/bin/grep -E'
ac_cv_path_GMSGFMT=:
ac_cv_path_GREP=/usr/bin/grep
ac_cv_path_MSGFMT=:
ac_cv_path_MSGMERGE=:
ac_cv_path_XGETTEXT=:
ac_cv_prog_ACLOCAL=aclocal
ac_cv_prog_AUTOCONF=autoconf
ac_cv_prog_AUTOHEADER=autoheader
ac_cv_prog_CC=aarch64-linux-android-clang
ac_cv_prog_CPP='aarch64-linux-android-clang -E'
ac_cv_prog_INTLBISON=bison
ac_cv_prog_RANLIB=true
ac_cv_prog_cc_c89=
ac_cv_prog_cc_g=yes
ac_cv_prog_make_make_set=yes
ac_cv_safe_to_define___extensions__=yes
ac_cv_search_strerror='none required'
ac_cv_type_off_t=yes
ac_cv_type_size_t=yes
ac_cv_type_unsigned_long_long=yes
ac_cv_working_alloca_h=yes
acl_cv_hardcode_direct=no
acl_cv_hardcode_libdir_flag_spec=
acl_cv_hardcode_libdir_separator=
acl_cv_hardcode_minus_L=no
acl_cv_libext=a
acl_cv_path_LD=aarch64-linux-android-ld
acl_cv_prog_gnu_ld=no
acl_cv_rpath=done
acl_cv_shlibext=so
acl_cv_wl=-Wl,
am_cv_func_iconv='no, consider installing GNU libiconv'
am_cv_langinfo_codeset=yes
am_cv_lib_iconv=no
am_cv_val_LC_MESSAGES=yes
gt_cv_func_gnugettext2_libc=no
gt_cv_func_gnugettext2_libintl=no
gt_cv_header_inttypes_h=yes
gt_cv_int_divbyzero_sigfpe='guessing no'
gt_cv_inttypes_pri_broken=no
jm_ac_cv_header_inttypes_h=yes
jm_ac_cv_header_stdint_h=yes
nls_cv_force_use_gnu_gettext=no
nls_cv_header_intl=
nls_cv_header_libgt=
nls_cv_use_gnu_gettext=yes

## ----------------- ##
## Output variables. ##
## ----------------- ##

ACLOCAL='aclocal'
ALLOCA=''
AUTOCONF='autoconf'
AUTOHEADER='autoheader'
BUILD_INCLUDED_LIBINTL='yes'
CATOBJEXT='.gmo'
CC='aarch64-linux-android-clang'
CFLAGS='-fPIE -fPIC -Wno-error -Wno-null-pointer-arithmetic'
CPP='aarch64-linux-android-clang -E'
CPPFLAGS=''
DATADIRNAME='share'
DEFS='-DHAVE_CONFIG_H'
ECHO_C=''
ECHO_N='-n'
ECHO_T=''
EGREP='/usr/bin/grep -E'
EXEEXT=''
GENCAT='gencat'
GLIBC21='no'
GMSGFMT=':'
GREP='/usr/bin/grep'
INCINTL='-I${top_builddir}/../intl'
INSTALL_DATA='/usr/bin/install -c -m 644'
INSTALL_PROGRAM='/usr/bin/install -c'
INSTALL_SCRIPT='/usr/bin/install -c'
INSTOBJEXT='.mo'
INTLBISON='bison'
INTLLIBS='${top_builddir}/intl/libintl.a '
INTLOBJS='$(GETTOBJS)'
INTL_LIBTOOL_SUFFIX_PREFIX=''
LDFLAGS=' -pie'
LIBICONV=''
LIBINTL='${top_builddir}/../intl/libintl.a'
LIBINTL_DEP='${top_builddir}/../intl/libintl.a'
LIBOBJS=''
LIBS=''
LTLIBICONV=''
LTLIBINTL='${top_builddir}/../intl/libintl.a'
LTLIBOBJS=''
MAINT='#'
MKINSTALLDIRS='$(top_builddir)/./../mkinstalldirs'
MSGFMT=':'
MSGMERGE=':'
OBJEXT='o'
PACKAGE_BUGREPORT=''
PACKAGE_NAME=''
PACKAGE_STRING=''
PACKAGE_TARNAME=''
PACKAGE_URL=''
PACKAGE_VERSION=''
PATH_SEPARATOR=':'
POSUB='po'
RANLIB='true'
SET_MAKE=''
SHELL='/bin/bash'
USE_INCLUDED_LIBINTL='yes'
USE_NLS='yes'
XGETTEXT=':'
ac_ct_CC=''
bindir='${exec_prefix}/bin'
build='x86_64-pc-linux-gnu'
build_alias='x86_64-pc-linux-gnu'
build_cpu='x86_64'
build_os='linux-gnu'
build_vendor='pc'
datadir='${datarootdir}'
datarootdir='${prefix}/share'
docdir='${datarootdir}/doc/${PACKAGE}'
dvidir='${docdir}'
exec_prefix='${prefix}'
host='aarch64-unknown-linux-android'
host_alias='aarch64-linux-android'
host_cpu='aarch64'
host_os='linux-android'
host_vendor='unknown'
htmldir='${docdir}'
includedir='${prefix}/include'
infodir='${datarootdir}/info'
libdir='${exec_prefix}/lib'
libexecdir='${exec_prefix}/libexec'
localedir='${datarootdir}/locale'
localstatedir='${prefix}/var'
mandir='${datarootdir}/man'
oldincludedir='/usr/include'
pdfdir='${docdir}'
prefix='/root/hxz/binutils_for_android/binutils-2.33.1/install'
program_transform_name='s,y,y,'
psdir='${docdir}'
sbindir='${exec_prefix}/sbin'
sharedstatedir='${prefix}/com'
sysconfdir='${prefix}/etc'
target_alias='aarch64-linux-android'

## ----------- ##
## confdefs.h. ##
## ----------- ##

/* confdefs.h */
#define PACKAGE_NAME ""
#define PACKAGE_TARNAME ""
#define PACKAGE_VERSION ""
#define PACKAGE_STRING ""
#define PACKAGE_BUGREPORT ""
#define PACKAGE_URL ""
#define STDC_HEADERS 1
#define HAVE_SYS_TYPES_H 1
#define HAVE_SYS_STAT_H 1
#define HAVE_STDLIB_H 1
#define HAVE_STRING_H 1
#define HAVE_MEMORY_H 1
#define HAVE_STRINGS_H 1
#define HAVE_INTTYPES_H 1
#define HAVE_STDINT_H 1
#define HAVE_UNISTD_H 1
#define __EXTENSIONS__ 1
#define _ALL_SOURCE 1
#define _GNU_SOURCE 1
#define _POSIX_PTHREAD_SEMANTICS 1
#define _TANDEM_SOURCE 1
#define HAVE_ALLOCA_H 1
#define HAVE_ALLOCA 1
#define HAVE_STDLIB_H 1
#define HAVE_UNISTD_H 1
#define HAVE_SYS_PARAM_H 1
#define HAVE_GETPAGESIZE 1
#define INTDIV0_RAISES_SIGFPE 0
#define HAVE_INTTYPES_H_WITH_UINTMAX 1
#define HAVE_STDINT_H_WITH_UINTMAX 1
#define HAVE_UNSIGNED_LONG_LONG 1
#define HAVE_UINTMAX_T 1
#define HAVE_INTTYPES_H 1
#define HAVE_LIMITS_H 1
#define HAVE_LOCALE_H 1
#define HAVE_NL_TYPES_H 1
#define HAVE_MALLOC_H 1
#define HAVE_STDDEF_H 1
#define HAVE_STDLIB_H 1
#define HAVE_STRING_H 1
#define HAVE_UNISTD_H 1
#define HAVE_SYS_PARAM_H 1
#define HAVE_FEOF_UNLOCKED 1
#define HAVE_GETC_UNLOCKED 1
#define HAVE_GETCWD 1
#define HAVE_GETEGID 1
#define HAVE_GETEUID 1
#define HAVE_GETGID 1
#define HAVE_GETUID 1
#define HAVE_MEMPCPY 1
#define HAVE_MUNMAP 1
#define HAVE_PUTENV 1
#define HAVE_SETENV 1
#define HAVE_SETLOCALE 1
#define HAVE_STPCPY 1
#define HAVE_STRCASECMP 1
#define HAVE_STRDUP 1
#define HAVE_STRTOUL 1
#define HAVE_TSEARCH 1
#define HAVE___FSETLOCKING 1
#define HAVE_LANGINFO_CODESET 1
#define HAVE_LC_MESSAGES 1
#define ENABLE_NLS 1
#define IN_LIBINTL 1
#define IN_LIBRARY 1
#define DEPENDS_ON_LIBICONV 1
#define ENABLE_RELOCATABLE 1
#define NO_XMALLOC 1
#define set_relocation_prefix libintl_set_relocation_prefix
#define relocate libintl_relocate

configure: exit 0

## ---------------------- ##
## Running config.status. ##
## ---------------------- ##

This file was extended by config.status, which was
generated by GNU Autoconf 2.69.  Invocation command line was

  CONFIG_FILES    = 
  CONFIG_HEADERS  = 
  CONFIG_LINKS    = 
  CONFIG_COMMANDS = 
  $ ./config.status config.h

on r0env

config.status:912: creating config.h
config.status:1087: config.h is unchanged

## ---------------------- ##
## Running config.status. ##
## ---------------------- ##

This file was extended by config.status, which was
generated by GNU Autoconf 2.69.  Invocation command line was

  CONFIG_FILES    = 
  CONFIG_HEADERS  = 
  CONFIG_LINKS    = 
  CONFIG_COMMANDS = 
  $ ./config.status config.h

on r0env

config.status:912: creating config.h
config.status:1087: config.h is unchanged
