This file contains any messages produced by compilers while
running configure, to aid debugging if configure makes a mistake.

It was created by libctf library configure 1.2.0-pre, which was
generated by GNU Autoconf 2.69.  Invocation command line was

  $ /root/hxz/binutils_for_android/binutils-2.33.1/libctf/configure --srcdir=.././libctf --cache-file=./config.cache --with-gnu-as --with-gnu-ld --prefix=/root/hxz/binutils_for_android/binutils-2.33.1/install --program-transform-name=s,y,y, --disable-option-checking --build=x86_64-pc-linux-gnu --host=aarch64-linux-android --target=aarch64-linux-android

## --------- ##
## Platform. ##
## --------- ##

hostname = r0env
uname -m = x86_64
uname -r = 6.6.9-amd64
uname -s = Linux
uname -v = #1 SMP PREEMPT_DYNAMIC Kali 6.6.9-1kali1 (2024-01-08)

/usr/bin/uname -p = unknown
/bin/uname -X     = unknown

/bin/arch              = x86_64
/usr/bin/arch -k       = unknown
/usr/convex/getsysinfo = unknown
/usr/bin/hostinfo      = unknown
/bin/machine           = unknown
/usr/bin/oslevel       = unknown
/bin/universe          = unknown

PATH: /usr/local/go/bin
PATH: .
PATH: /root/.pyenv/shims
PATH: /root/.pyenv/bin
PATH: /usr/local/sbin
PATH: /usr/local/bin
PATH: /usr/sbin
PATH: /usr/bin
PATH: /sbin
PATH: /bin
PATH: /usr/local/games
PATH: /usr/games
PATH: /opt/010editor
PATH: /root/Android/Sdk/platform-tools
PATH: /root/Documents/idea-IC-231.9011.34/bin
PATH: /root/go/bin
PATH: /root/Desktop/androidfile/binutils/aarch64-linux-android-4.9/bin/
PATH: /root/hxz/binutils_for_android/aarch64-linux-android-toolchain/bin


## ----------- ##
## Core tests. ##
## ----------- ##

configure:2094: creating cache ./config.cache
configure:2216: checking for aarch64-linux-android-gcc
configure:2243: result: aarch64-linux-android-clang
configure:2512: checking for C compiler version
configure:2521: aarch64-linux-android-clang --version >&5
Android (9352603, based on r450784d1) clang version 14.0.7 (https://android.googlesource.com/toolchain/llvm-project 4c603efb0cca074e9238af8b4106c30add4418f6)
Target: aarch64-unknown-linux-android26
Thread model: posix
InstalledDir: /root/hxz/binutils_for_android/aarch64-linux-android-toolchain/bin
configure:2532: $? = 0
configure:2521: aarch64-linux-android-clang -v >&5
Android (9352603, based on r450784d1) clang version 14.0.7 (https://android.googlesource.com/toolchain/llvm-project 4c603efb0cca074e9238af8b4106c30add4418f6)
Target: aarch64-unknown-linux-android26
Thread model: posix
InstalledDir: /root/hxz/binutils_for_android/aarch64-linux-android-toolchain/bin
configure:2532: $? = 0
configure:2521: aarch64-linux-android-clang -V >&5
clang140: error: argument to '-V' is missing (expected 1 value)
clang140: error: no input files
configure:2532: $? = 1
configure:2521: aarch64-linux-android-clang -qversion >&5
clang140: error: unknown argument '-qversion'; did you mean '--version'?
clang140: error: no input files
configure:2532: $? = 1
configure:2552: checking whether the C compiler works
configure:2574: aarch64-linux-android-clang -fPIE -fPIC -Wno-error -Wno-null-pointer-arithmetic   -pie conftest.c  >&5
configure:2578: $? = 0
configure:2626: result: yes
configure:2629: checking for C compiler default output file name
configure:2631: result: a.out
configure:2637: checking for suffix of executables
configure:2644: aarch64-linux-android-clang -o conftest -fPIE -fPIC -Wno-error -Wno-null-pointer-arithmetic   -pie conftest.c  >&5
configure:2648: $? = 0
configure:2670: result: 
configure:2692: checking whether we are cross compiling
configure:2730: result: yes
configure:2735: checking for suffix of object files
configure:2757: aarch64-linux-android-clang -c -fPIE -fPIC -Wno-error -Wno-null-pointer-arithmetic  conftest.c >&5
configure:2761: $? = 0
configure:2782: result: o
configure:2786: checking whether we are using the GNU C compiler
configure:2805: aarch64-linux-android-clang -c -fPIE -fPIC -Wno-error -Wno-null-pointer-arithmetic  conftest.c >&5
configure:2805: $? = 0
configure:2814: result: yes
configure:2823: checking whether aarch64-linux-android-clang accepts -g
configure:2843: aarch64-linux-android-clang -c -g  conftest.c >&5
configure:2843: $? = 0
configure:2884: result: yes
configure:2901: checking for aarch64-linux-android-clang option to accept ISO C89
configure:2964: aarch64-linux-android-clang  -c -fPIE -fPIC -Wno-error -Wno-null-pointer-arithmetic  conftest.c >&5
configure:2964: $? = 0
configure:2977: result: none needed
configure:3002: checking whether aarch64-linux-android-clang understands -c and -o together
configure:3024: aarch64-linux-android-clang -c conftest.c -o conftest2.o
configure:3027: $? = 0
configure:3024: aarch64-linux-android-clang -c conftest.c -o conftest2.o
configure:3027: $? = 0
configure:3039: result: yes
configure:3062: checking how to run the C preprocessor
configure:3093: aarch64-linux-android-clang -E  conftest.c
configure:3093: $? = 0
configure:3107: aarch64-linux-android-clang -E  conftest.c
conftest.c:9:10: fatal error: 'ac_nonexistent.h' file not found
#include <ac_nonexistent.h>
         ^~~~~~~~~~~~~~~~~~
1 error generated.
configure:3107: $? = 1
configure: failed program was:
| /* confdefs.h */
| #define PACKAGE_NAME "libctf library"
| #define PACKAGE_TARNAME "libctf-library"
| #define PACKAGE_VERSION "1.2.0-pre"
| #define PACKAGE_STRING "libctf library 1.2.0-pre"
| #define PACKAGE_BUGREPORT ""
| #define PACKAGE_URL ""
| /* end confdefs.h.  */
| #include <ac_nonexistent.h>
configure:3132: result: aarch64-linux-android-clang -E
configure:3152: aarch64-linux-android-clang -E  conftest.c
configure:3152: $? = 0
configure:3166: aarch64-linux-android-clang -E  conftest.c
conftest.c:9:10: fatal error: 'ac_nonexistent.h' file not found
#include <ac_nonexistent.h>
         ^~~~~~~~~~~~~~~~~~
1 error generated.
configure:3166: $? = 1
configure: failed program was:
| /* confdefs.h */
| #define PACKAGE_NAME "libctf library"
| #define PACKAGE_TARNAME "libctf-library"
| #define PACKAGE_VERSION "1.2.0-pre"
| #define PACKAGE_STRING "libctf library 1.2.0-pre"
| #define PACKAGE_BUGREPORT ""
| #define PACKAGE_URL ""
| /* end confdefs.h.  */
| #include <ac_nonexistent.h>
configure:3195: checking for grep that handles long lines and -e
configure:3253: result: /usr/bin/grep
configure:3258: checking for egrep
configure:3320: result: /usr/bin/grep -E
configure:3325: checking for ANSI C header files
configure:3345: aarch64-linux-android-clang -c -fPIE -fPIC -Wno-error -Wno-null-pointer-arithmetic  conftest.c >&5
configure:3345: $? = 0
configure:3429: result: yes
configure:3442: checking for sys/types.h
configure:3442: aarch64-linux-android-clang -c -fPIE -fPIC -Wno-error -Wno-null-pointer-arithmetic  conftest.c >&5
configure:3442: $? = 0
configure:3442: result: yes
configure:3442: checking for sys/stat.h
configure:3442: aarch64-linux-android-clang -c -fPIE -fPIC -Wno-error -Wno-null-pointer-arithmetic  conftest.c >&5
configure:3442: $? = 0
configure:3442: result: yes
configure:3442: checking for stdlib.h
configure:3442: aarch64-linux-android-clang -c -fPIE -fPIC -Wno-error -Wno-null-pointer-arithmetic  conftest.c >&5
configure:3442: $? = 0
configure:3442: result: yes
configure:3442: checking for string.h
configure:3442: aarch64-linux-android-clang -c -fPIE -fPIC -Wno-error -Wno-null-pointer-arithmetic  conftest.c >&5
configure:3442: $? = 0
configure:3442: result: yes
configure:3442: checking for memory.h
configure:3442: aarch64-linux-android-clang -c -fPIE -fPIC -Wno-error -Wno-null-pointer-arithmetic  conftest.c >&5
configure:3442: $? = 0
configure:3442: result: yes
configure:3442: checking for strings.h
configure:3442: aarch64-linux-android-clang -c -fPIE -fPIC -Wno-error -Wno-null-pointer-arithmetic  conftest.c >&5
configure:3442: $? = 0
configure:3442: result: yes
configure:3442: checking for inttypes.h
configure:3442: aarch64-linux-android-clang -c -fPIE -fPIC -Wno-error -Wno-null-pointer-arithmetic  conftest.c >&5
configure:3442: $? = 0
configure:3442: result: yes
configure:3442: checking for stdint.h
configure:3442: aarch64-linux-android-clang -c -fPIE -fPIC -Wno-error -Wno-null-pointer-arithmetic  conftest.c >&5
configure:3442: $? = 0
configure:3442: result: yes
configure:3442: checking for unistd.h
configure:3442: aarch64-linux-android-clang -c -fPIE -fPIC -Wno-error -Wno-null-pointer-arithmetic  conftest.c >&5
configure:3442: $? = 0
configure:3442: result: yes
configure:3455: checking minix/config.h usability
configure:3455: aarch64-linux-android-clang -c -fPIE -fPIC -Wno-error -Wno-null-pointer-arithmetic  conftest.c >&5
conftest.c:52:10: fatal error: 'minix/config.h' file not found
#include <minix/config.h>
         ^~~~~~~~~~~~~~~~
1 error generated.
configure:3455: $? = 1
configure: failed program was:
| /* confdefs.h */
| #define PACKAGE_NAME "libctf library"
| #define PACKAGE_TARNAME "libctf-library"
| #define PACKAGE_VERSION "1.2.0-pre"
| #define PACKAGE_STRING "libctf library 1.2.0-pre"
| #define PACKAGE_BUGREPORT ""
| #define PACKAGE_URL ""
| #define STDC_HEADERS 1
| #define HAVE_SYS_TYPES_H 1
| #define HAVE_SYS_STAT_H 1
| #define HAVE_STDLIB_H 1
| #define HAVE_STRING_H 1
| #define HAVE_MEMORY_H 1
| #define HAVE_STRINGS_H 1
| #define HAVE_INTTYPES_H 1
| #define HAVE_STDINT_H 1
| #define HAVE_UNISTD_H 1
| /* end confdefs.h.  */
| #include <stdio.h>
| #ifdef HAVE_SYS_TYPES_H
| # include <sys/types.h>
| #endif
| #ifdef HAVE_SYS_STAT_H
| # include <sys/stat.h>
| #endif
| #ifdef STDC_HEADERS
| # include <stdlib.h>
| # include <stddef.h>
| #else
| # ifdef HAVE_STDLIB_H
| #  include <stdlib.h>
| # endif
| #endif
| #ifdef HAVE_STRING_H
| # if !defined STDC_HEADERS && defined HAVE_MEMORY_H
| #  include <memory.h>
| # endif
| # include <string.h>
| #endif
| #ifdef HAVE_STRINGS_H
| # include <strings.h>
| #endif
| #ifdef HAVE_INTTYPES_H
| # include <inttypes.h>
| #endif
| #ifdef HAVE_STDINT_H
| # include <stdint.h>
| #endif
| #ifdef HAVE_UNISTD_H
| # include <unistd.h>
| #endif
| #include <minix/config.h>
configure:3455: result: no
configure:3455: checking minix/config.h presence
configure:3455: aarch64-linux-android-clang -E  conftest.c
conftest.c:19:10: fatal error: 'minix/config.h' file not found
#include <minix/config.h>
         ^~~~~~~~~~~~~~~~
1 error generated.
configure:3455: $? = 1
configure: failed program was:
| /* confdefs.h */
| #define PACKAGE_NAME "libctf library"
| #define PACKAGE_TARNAME "libctf-library"
| #define PACKAGE_VERSION "1.2.0-pre"
| #define PACKAGE_STRING "libctf library 1.2.0-pre"
| #define PACKAGE_BUGREPORT ""
| #define PACKAGE_URL ""
| #define STDC_HEADERS 1
| #define HAVE_SYS_TYPES_H 1
| #define HAVE_SYS_STAT_H 1
| #define HAVE_STDLIB_H 1
| #define HAVE_STRING_H 1
| #define HAVE_MEMORY_H 1
| #define HAVE_STRINGS_H 1
| #define HAVE_INTTYPES_H 1
| #define HAVE_STDINT_H 1
| #define HAVE_UNISTD_H 1
| /* end confdefs.h.  */
| #include <minix/config.h>
configure:3455: result: no
configure:3455: checking for minix/config.h
configure:3455: result: no
configure:3476: checking whether it is safe to define __EXTENSIONS__
configure:3494: aarch64-linux-android-clang -c -fPIE -fPIC -Wno-error -Wno-null-pointer-arithmetic  conftest.c >&5
configure:3494: $? = 0
configure:3501: result: yes
configure:3531: checking for a BSD-compatible install
configure:3599: result: /usr/bin/install -c
configure:3610: checking whether build environment is sane
configure:3665: result: yes
configure:3721: checking for aarch64-linux-android-strip
configure:3748: result: aarch64-linux-android-strip
configure:3813: checking for a thread-safe mkdir -p
configure:3852: result: /usr/bin/mkdir -p
configure:3859: checking for gawk
configure:3886: result: gawk
configure:3897: checking whether make sets $(MAKE)
configure:3919: result: yes
configure:3949: checking for style of include used by make
configure:3977: result: GNU
configure:4011: checking whether make supports nested variables
configure:4028: result: yes
configure:4113: checking dependency style of aarch64-linux-android-clang
configure:4224: result: gcc3
configure:4284: checking whether make sets $(MAKE)
configure:4306: result: yes
configure:4323: checking for aarch64-linux-android-gcc
configure:4350: result: aarch64-linux-android-clang
configure:4619: checking for C compiler version
configure:4628: aarch64-linux-android-clang --version >&5
Android (9352603, based on r450784d1) clang version 14.0.7 (https://android.googlesource.com/toolchain/llvm-project 4c603efb0cca074e9238af8b4106c30add4418f6)
Target: aarch64-unknown-linux-android26
Thread model: posix
InstalledDir: /root/hxz/binutils_for_android/aarch64-linux-android-toolchain/bin
configure:4639: $? = 0
configure:4628: aarch64-linux-android-clang -v >&5
Android (9352603, based on r450784d1) clang version 14.0.7 (https://android.googlesource.com/toolchain/llvm-project 4c603efb0cca074e9238af8b4106c30add4418f6)
Target: aarch64-unknown-linux-android26
Thread model: posix
InstalledDir: /root/hxz/binutils_for_android/aarch64-linux-android-toolchain/bin
configure:4639: $? = 0
configure:4628: aarch64-linux-android-clang -V >&5
clang140: error: argument to '-V' is missing (expected 1 value)
clang140: error: no input files
configure:4639: $? = 1
configure:4628: aarch64-linux-android-clang -qversion >&5
clang140: error: unknown argument '-qversion'; did you mean '--version'?
clang140: error: no input files
configure:4639: $? = 1
configure:4643: checking whether we are using the GNU C compiler
configure:4671: result: yes
configure:4680: checking whether aarch64-linux-android-clang accepts -g
configure:4741: result: yes
configure:4758: checking for aarch64-linux-android-clang option to accept ISO C89
configure:4834: result: none needed
configure:4859: checking whether aarch64-linux-android-clang understands -c and -o together
configure:4896: result: yes
configure:4916: checking for aarch64-linux-android-ranlib
configure:4943: result: true
configure:5010: checking for aarch64-linux-android-ar
configure:5037: result: aarch64-linux-android-ar
configure:5107: checking the archiver (aarch64-linux-android-ar) interface
configure:5123: aarch64-linux-android-clang -c -fPIE -fPIC -Wno-error -Wno-null-pointer-arithmetic  conftest.c >&5
configure:5123: $? = 0
configure:5125: aarch64-linux-android-ar cru libconftest.a conftest.o >&5
configure:5128: $? = 0
configure:5156: result: ar
configure:5184: checking for special C compiler options needed for large files
configure:5229: result: no
configure:5235: checking for _FILE_OFFSET_BITS value needed for large files
configure:5260: aarch64-linux-android-clang -c -fPIE -fPIC -Wno-error -Wno-null-pointer-arithmetic  conftest.c >&5
configure:5260: $? = 0
configure:5292: result: no
configure:5383: checking for aclocal
configure:5410: result: ${SHELL} /root/hxz/binutils_for_android/binutils-2.33.1/missing aclocal-1.15
configure:5426: checking for autoconf
configure:5453: result: ${SHELL} /root/hxz/binutils_for_android/binutils-2.33.1/missing autoconf
configure:5469: checking for autoheader
configure:5496: result: ${SHELL} /root/hxz/binutils_for_android/binutils-2.33.1/missing autoheader
configure:5530: checking whether aarch64-linux-android-clang supports -W
configure:5547: aarch64-linux-android-clang -c -W  conftest.c >&5
configure:5547: $? = 0
configure:5556: result: yes
configure:5530: checking whether aarch64-linux-android-clang supports -Wall
configure:5547: aarch64-linux-android-clang -c -Wall  conftest.c >&5
configure:5547: $? = 0
configure:5556: result: yes
configure:5530: checking whether aarch64-linux-android-clang supports -Wnarrowing
configure:5547: aarch64-linux-android-clang -c -Wnarrowing  conftest.c >&5
configure:5547: $? = 0
configure:5556: result: yes
configure:5530: checking whether aarch64-linux-android-clang supports -Wwrite-strings
configure:5547: aarch64-linux-android-clang -c -Wwrite-strings  conftest.c >&5
configure:5547: $? = 0
configure:5556: result: yes
configure:5530: checking whether aarch64-linux-android-clang supports -Wmissing-format-attribute
configure:5547: aarch64-linux-android-clang -c -Wmissing-format-attribute  conftest.c >&5
configure:5547: $? = 0
configure:5556: result: yes
configure:5588: checking whether aarch64-linux-android-clang supports -Wstrict-prototypes
configure:5605: aarch64-linux-android-clang -c -Wstrict-prototypes  conftest.c >&5
configure:5605: $? = 0
configure:5614: result: yes
configure:5588: checking whether aarch64-linux-android-clang supports -Wmissing-prototypes
configure:5605: aarch64-linux-android-clang -c -Wmissing-prototypes  conftest.c >&5
configure:5605: $? = 0
configure:5614: result: yes
configure:5588: checking whether aarch64-linux-android-clang supports -Wold-style-definition
configure:5605: aarch64-linux-android-clang -c -Wold-style-definition  conftest.c >&5
configure:5605: $? = 0
configure:5614: result: yes
configure:5638: checking whether aarch64-linux-android-clang supports -pedantic -Wlong-long
configure:5656: aarch64-linux-android-clang -c -pedantic -Wlong-long  conftest.c >&5
configure:5656: $? = 0
configure:5664: result: yes
configure:5708: checking whether to enable maintainer-specific portions of Makefiles
configure:5717: result: no
configure:5747: checking whether aarch64-linux-android-clang supports -Wall
configure:5773: result: yes
configure:5794: checking for stdlib.h
configure:5794: result: yes
configure:5794: checking for unistd.h
configure:5794: result: yes
configure:5794: checking for sys/param.h
configure:5794: aarch64-linux-android-clang -c -fPIE -fPIC -Wno-error -Wno-null-pointer-arithmetic  conftest.c >&5
configure:5794: $? = 0
configure:5794: result: yes
configure:5814: checking for getpagesize
configure:5814: aarch64-linux-android-clang -o conftest -fPIE -fPIC -Wno-error -Wno-null-pointer-arithmetic   -pie conftest.c  >&5
configure:5814: $? = 0
configure:5814: result: yes
configure:5823: checking for working mmap
configure:5980: result: no
configure:5989: checking for library containing dlopen
configure:6020: aarch64-linux-android-clang -o conftest -fPIE -fPIC -Wno-error -Wno-null-pointer-arithmetic   -pie conftest.c  >&5
configure:6020: $? = 0
configure:6037: result: none required
configure:6075: checking for ELF support in BFD
configure:6094: aarch64-linux-android-clang -o conftest -I./../include -I../bfd -I./../bfd -fPIE -fPIC -Wno-error -Wno-null-pointer-arithmetic  -L../bfd -L../libiberty -L../zlib  -pie conftest.c -lbfd -liberty -lz   >&5
ld: error: undefined symbol: libintl_dgettext
>>> referenced by elf.c
>>>               elf.o:(bfd_elf_string_from_elf_section) in archive ../bfd/libbfd.a
>>> referenced by elf.c
>>>               elf.o:(bfd_elf_string_from_elf_section) in archive ../bfd/libbfd.a
>>> referenced by elf.c
>>>               elf.o:(bfd_elf_get_elf_syms) in archive ../bfd/libbfd.a
>>> referenced 469 more times
clang140: error: linker command failed with exit code 1 (use -v to see invocation)
configure:6094: $? = 1
configure: failed program was:
| /* confdefs.h */
| #define PACKAGE_NAME "libctf library"
| #define PACKAGE_TARNAME "libctf-library"
| #define PACKAGE_VERSION "1.2.0-pre"
| #define PACKAGE_STRING "libctf library 1.2.0-pre"
| #define PACKAGE_BUGREPORT ""
| #define PACKAGE_URL ""
| #define STDC_HEADERS 1
| #define HAVE_SYS_TYPES_H 1
| #define HAVE_SYS_STAT_H 1
| #define HAVE_STDLIB_H 1
| #define HAVE_STRING_H 1
| #define HAVE_MEMORY_H 1
| #define HAVE_STRINGS_H 1
| #define HAVE_INTTYPES_H 1
| #define HAVE_STDINT_H 1
| #define HAVE_UNISTD_H 1
| #define __EXTENSIONS__ 1
| #define _ALL_SOURCE 1
| #define _GNU_SOURCE 1
| #define _POSIX_PTHREAD_SEMANTICS 1
| #define _TANDEM_SOURCE 1
| #define PACKAGE "libctf-library"
| #define VERSION "1.2.0-pre"
| #define HAVE_STDLIB_H 1
| #define HAVE_UNISTD_H 1
| #define HAVE_SYS_PARAM_H 1
| #define HAVE_GETPAGESIZE 1
| /* end confdefs.h.  */
| #include <stdlib.h>
| 	     #include "bfd.h"
| 	     #include "elf-bfd.h"
| int
| main ()
| {
| (void) bfd_section_from_elf_index (NULL, 0);
| 	     return 0;
|   ;
|   return 0;
| }
configure:6102: result: no
configure:6114: checking whether byte ordering is bigendian
configure:6129: aarch64-linux-android-clang -c -fPIE -fPIC -Wno-error -Wno-null-pointer-arithmetic  conftest.c >&5
conftest.c:31:9: error: unknown type name 'not'
               not a universal capable compiler
               ^
conftest.c:31:14: error: expected ';' after top level declarator
               not a universal capable compiler
                    ^
                    ;
2 errors generated.
configure:6129: $? = 1
configure: failed program was:
| /* confdefs.h */
| #define PACKAGE_NAME "libctf library"
| #define PACKAGE_TARNAME "libctf-library"
| #define PACKAGE_VERSION "1.2.0-pre"
| #define PACKAGE_STRING "libctf library 1.2.0-pre"
| #define PACKAGE_BUGREPORT ""
| #define PACKAGE_URL ""
| #define STDC_HEADERS 1
| #define HAVE_SYS_TYPES_H 1
| #define HAVE_SYS_STAT_H 1
| #define HAVE_STDLIB_H 1
| #define HAVE_STRING_H 1
| #define HAVE_MEMORY_H 1
| #define HAVE_STRINGS_H 1
| #define HAVE_INTTYPES_H 1
| #define HAVE_STDINT_H 1
| #define HAVE_UNISTD_H 1
| #define __EXTENSIONS__ 1
| #define _ALL_SOURCE 1
| #define _GNU_SOURCE 1
| #define _POSIX_PTHREAD_SEMANTICS 1
| #define _TANDEM_SOURCE 1
| #define PACKAGE "libctf-library"
| #define VERSION "1.2.0-pre"
| #define HAVE_STDLIB_H 1
| #define HAVE_UNISTD_H 1
| #define HAVE_SYS_PARAM_H 1
| #define HAVE_GETPAGESIZE 1
| /* end confdefs.h.  */
| #ifndef __APPLE_CC__
| 	       not a universal capable compiler
| 	     #endif
| 	     typedef int dummy;
| 
configure:6174: aarch64-linux-android-clang -c -fPIE -fPIC -Wno-error -Wno-null-pointer-arithmetic  conftest.c >&5
configure:6174: $? = 0
configure:6192: aarch64-linux-android-clang -c -fPIE -fPIC -Wno-error -Wno-null-pointer-arithmetic  conftest.c >&5
conftest.c:37:4: error: use of undeclared identifier 'not'
                 not big endian
                 ^
1 error generated.
configure:6192: $? = 1
configure: failed program was:
| /* confdefs.h */
| #define PACKAGE_NAME "libctf library"
| #define PACKAGE_TARNAME "libctf-library"
| #define PACKAGE_VERSION "1.2.0-pre"
| #define PACKAGE_STRING "libctf library 1.2.0-pre"
| #define PACKAGE_BUGREPORT ""
| #define PACKAGE_URL ""
| #define STDC_HEADERS 1
| #define HAVE_SYS_TYPES_H 1
| #define HAVE_SYS_STAT_H 1
| #define HAVE_STDLIB_H 1
| #define HAVE_STRING_H 1
| #define HAVE_MEMORY_H 1
| #define HAVE_STRINGS_H 1
| #define HAVE_INTTYPES_H 1
| #define HAVE_STDINT_H 1
| #define HAVE_UNISTD_H 1
| #define __EXTENSIONS__ 1
| #define _ALL_SOURCE 1
| #define _GNU_SOURCE 1
| #define _POSIX_PTHREAD_SEMANTICS 1
| #define _TANDEM_SOURCE 1
| #define PACKAGE "libctf-library"
| #define VERSION "1.2.0-pre"
| #define HAVE_STDLIB_H 1
| #define HAVE_UNISTD_H 1
| #define HAVE_SYS_PARAM_H 1
| #define HAVE_GETPAGESIZE 1
| /* end confdefs.h.  */
| #include <sys/types.h>
| 		#include <sys/param.h>
| 
| int
| main ()
| {
| #if BYTE_ORDER != BIG_ENDIAN
| 		 not big endian
| 		#endif
| 
|   ;
|   return 0;
| }
configure:6320: result: no
configure:6341: checking byteswap.h usability
configure:6341: aarch64-linux-android-clang -c -fPIE -fPIC -Wno-error -Wno-null-pointer-arithmetic  conftest.c >&5
configure:6341: $? = 0
configure:6341: result: yes
configure:6341: checking byteswap.h presence
configure:6341: aarch64-linux-android-clang -E  conftest.c
configure:6341: $? = 0
configure:6341: result: yes
configure:6341: checking for byteswap.h
configure:6341: result: yes
configure:6341: checking endian.h usability
configure:6341: aarch64-linux-android-clang -c -fPIE -fPIC -Wno-error -Wno-null-pointer-arithmetic  conftest.c >&5
configure:6341: $? = 0
configure:6341: result: yes
configure:6341: checking endian.h presence
configure:6341: aarch64-linux-android-clang -E  conftest.c
configure:6341: $? = 0
configure:6341: result: yes
configure:6341: checking for endian.h
configure:6341: result: yes
configure:6353: checking for pread
configure:6353: aarch64-linux-android-clang -o conftest -fPIE -fPIC -Wno-error -Wno-null-pointer-arithmetic   -pie conftest.c  >&5
configure:6353: $? = 0
configure:6353: result: yes
configure:6369: checking for qsort_r
configure:6369: aarch64-linux-android-clang -o conftest -fPIE -fPIC -Wno-error -Wno-null-pointer-arithmetic   -pie conftest.c  >&5
ld: error: undefined symbol: qsort_r
>>> referenced by conftest.c
>>>               /tmp/conftest-16c3ea.o:(main)
clang140: error: linker command failed with exit code 1 (use -v to see invocation)
configure:6369: $? = 1
configure: failed program was:
| /* confdefs.h */
| #define PACKAGE_NAME "libctf library"
| #define PACKAGE_TARNAME "libctf-library"
| #define PACKAGE_VERSION "1.2.0-pre"
| #define PACKAGE_STRING "libctf library 1.2.0-pre"
| #define PACKAGE_BUGREPORT ""
| #define PACKAGE_URL ""
| #define STDC_HEADERS 1
| #define HAVE_SYS_TYPES_H 1
| #define HAVE_SYS_STAT_H 1
| #define HAVE_STDLIB_H 1
| #define HAVE_STRING_H 1
| #define HAVE_MEMORY_H 1
| #define HAVE_STRINGS_H 1
| #define HAVE_INTTYPES_H 1
| #define HAVE_STDINT_H 1
| #define HAVE_UNISTD_H 1
| #define __EXTENSIONS__ 1
| #define _ALL_SOURCE 1
| #define _GNU_SOURCE 1
| #define _POSIX_PTHREAD_SEMANTICS 1
| #define _TANDEM_SOURCE 1
| #define PACKAGE "libctf-library"
| #define VERSION "1.2.0-pre"
| #define HAVE_STDLIB_H 1
| #define HAVE_UNISTD_H 1
| #define HAVE_SYS_PARAM_H 1
| #define HAVE_GETPAGESIZE 1
| #define HAVE_BYTESWAP_H 1
| #define HAVE_ENDIAN_H 1
| #define HAVE_PREAD 1
| /* end confdefs.h.  */
| /* Define qsort_r to an innocuous variant, in case <limits.h> declares qsort_r.
|    For example, HP-UX 11i <limits.h> declares gettimeofday.  */
| #define qsort_r innocuous_qsort_r
| 
| /* System header to define __stub macros and hopefully few prototypes,
|     which can conflict with char qsort_r (); below.
|     Prefer <limits.h> to <assert.h> if __STDC__ is defined, since
|     <limits.h> exists even on freestanding compilers.  */
| 
| #ifdef __STDC__
| # include <limits.h>
| #else
| # include <assert.h>
| #endif
| 
| #undef qsort_r
| 
| /* Override any GCC internal prototype to avoid an error.
|    Use char because int might match the return type of a GCC
|    builtin and then its argument prototype would still apply.  */
| #ifdef __cplusplus
| extern "C"
| #endif
| char qsort_r ();
| /* The GNU C library defines this for functions which it implements
|     to always fail with ENOSYS.  Some functions are actually named
|     something starting with __ and the normal name is an alias.  */
| #if defined __stub_qsort_r || defined __stub___qsort_r
| choke me
| #endif
| 
| int
| main ()
| {
| return qsort_r ();
|   ;
|   return 0;
| }
configure:6369: result: no
configure:6465: checking for O_CLOEXEC
configure:6485: aarch64-linux-android-clang -o conftest -fPIE -fPIC -Wno-error -Wno-null-pointer-arithmetic   -pie conftest.c  >&5
configure:6485: $? = 0
configure:6493: result: yes
configure:6563: updating cache ./config.cache
configure:6607: checking that generated files are newer than configure
configure:6613: result: done
configure:6645: creating ./config.status

## ---------------------- ##
## Running config.status. ##
## ---------------------- ##

This file was extended by libctf library config.status 1.2.0-pre, which was
generated by GNU Autoconf 2.69.  Invocation command line was

  CONFIG_FILES    = 
  CONFIG_HEADERS  = 
  CONFIG_LINKS    = 
  CONFIG_COMMANDS = 
  $ ./config.status 

on r0env

config.status:880: creating Makefile
config.status:880: creating config.h
config.status:1109: executing depfiles commands

## ---------------- ##
## Cache variables. ##
## ---------------- ##

ac_cv_c_bigendian=no
ac_cv_c_compiler_gnu=yes
ac_cv_env_CC_set=set
ac_cv_env_CC_value=aarch64-linux-android-clang
ac_cv_env_CFLAGS_set=set
ac_cv_env_CFLAGS_value='-fPIE -fPIC -Wno-error -Wno-null-pointer-arithmetic'
ac_cv_env_CPPFLAGS_set=
ac_cv_env_CPPFLAGS_value=
ac_cv_env_CPP_set=
ac_cv_env_CPP_value=
ac_cv_env_LDFLAGS_set=set
ac_cv_env_LDFLAGS_value=' -pie'
ac_cv_env_LIBS_set=
ac_cv_env_LIBS_value=
ac_cv_env_build_alias_set=set
ac_cv_env_build_alias_value=x86_64-pc-linux-gnu
ac_cv_env_host_alias_set=set
ac_cv_env_host_alias_value=aarch64-linux-android
ac_cv_env_target_alias_set=set
ac_cv_env_target_alias_value=aarch64-linux-android
ac_cv_func_getpagesize=yes
ac_cv_func_mmap_fixed_mapped=no
ac_cv_func_pread=yes
ac_cv_func_qsort_r=no
ac_cv_header_byteswap_h=yes
ac_cv_header_endian_h=yes
ac_cv_header_inttypes_h=yes
ac_cv_header_memory_h=yes
ac_cv_header_minix_config_h=no
ac_cv_header_stdc=yes
ac_cv_header_stdint_h=yes
ac_cv_header_stdlib_h=yes
ac_cv_header_string_h=yes
ac_cv_header_strings_h=yes
ac_cv_header_sys_param_h=yes
ac_cv_header_sys_stat_h=yes
ac_cv_header_sys_types_h=yes
ac_cv_header_unistd_h=yes
ac_cv_libctf_bfd_elf=no
ac_cv_libctf_macro_O_CLOEXEC=yes
ac_cv_libctf_qsort_r_signature=unknown
ac_cv_objext=o
ac_cv_path_EGREP='/usr/bin/grep -E'
ac_cv_path_GREP=/usr/bin/grep
ac_cv_path_mkdir=/usr/bin/mkdir
ac_cv_prog_ACLOCAL='${SHELL} /root/hxz/binutils_for_android/binutils-2.33.1/missing aclocal-1.15'
ac_cv_prog_AR=aarch64-linux-android-ar
ac_cv_prog_AUTOCONF='${SHELL} /root/hxz/binutils_for_android/binutils-2.33.1/missing autoconf'
ac_cv_prog_AUTOHEADER='${SHELL} /root/hxz/binutils_for_android/binutils-2.33.1/missing autoheader'
ac_cv_prog_AWK=gawk
ac_cv_prog_CC=aarch64-linux-android-clang
ac_cv_prog_CPP='aarch64-linux-android-clang -E'
ac_cv_prog_RANLIB=true
ac_cv_prog_STRIP=aarch64-linux-android-strip
ac_cv_prog_cc_c89=
ac_cv_prog_cc_g=yes
ac_cv_prog_make_make_set=yes
ac_cv_safe_to_define___extensions__=yes
ac_cv_search_dlopen='none required'
ac_cv_sys_file_offset_bits=no
ac_cv_sys_largefile_CC=no
acx_cv_prog_cc_pedantic__Wlong_long=yes
acx_cv_prog_cc_warning__W=yes
acx_cv_prog_cc_warning__Wall=yes
acx_cv_prog_cc_warning__Wmissing_format_attribute=yes
acx_cv_prog_cc_warning__Wmissing_prototypes=yes
acx_cv_prog_cc_warning__Wnarrowing=yes
acx_cv_prog_cc_warning__Wold_style_definition=yes
acx_cv_prog_cc_warning__Wstrict_prototypes=yes
acx_cv_prog_cc_warning__Wwrite_strings=yes
am_cv_CC_dependencies_compiler_type=gcc3
am_cv_ar_interface=ar
am_cv_make_support_nested_variables=yes
am_cv_prog_cc_c_o=yes

## ----------------- ##
## Output variables. ##
## ----------------- ##

ACLOCAL='${SHELL} /root/hxz/binutils_for_android/binutils-2.33.1/missing aclocal-1.15'
AMDEPBACKSLASH='\'
AMDEP_FALSE='#'
AMDEP_TRUE=''
AMTAR='$${TAR-tar}'
AM_BACKSLASH='\'
AM_DEFAULT_V='$(AM_DEFAULT_VERBOSITY)'
AM_DEFAULT_VERBOSITY='1'
AM_V='$(V)'
AR='aarch64-linux-android-ar'
AUTOCONF='${SHELL} /root/hxz/binutils_for_android/binutils-2.33.1/missing autoconf'
AUTOHEADER='${SHELL} /root/hxz/binutils_for_android/binutils-2.33.1/missing autoheader'
AUTOMAKE='${SHELL} /root/hxz/binutils_for_android/binutils-2.33.1/missing automake-1.15'
AWK='gawk'
CC='aarch64-linux-android-clang'
CCDEPMODE='depmode=gcc3'
CFLAGS='-fPIE -fPIC -Wno-error -Wno-null-pointer-arithmetic'
CPP='aarch64-linux-android-clang -E'
CPPFLAGS=''
CYGPATH_W='echo'
DEFS='-DHAVE_CONFIG_H'
DEPDIR='.deps'
ECHO_C=''
ECHO_N='-n'
ECHO_T=''
EGREP='/usr/bin/grep -E'
EXEEXT=''
GREP='/usr/bin/grep'
INSTALL_DATA='/usr/bin/install -c -m 644'
INSTALL_PROGRAM='/usr/bin/install -c'
INSTALL_SCRIPT='/usr/bin/install -c'
INSTALL_STRIP_PROGRAM='$(install_sh) -c -s'
LDFLAGS=' -pie'
LIBOBJS=''
LIBS=''
LTLIBOBJS=''
MAINT='#'
MAINTAINER_MODE_FALSE=''
MAINTAINER_MODE_TRUE='#'
MAKEINFO='/root/hxz/binutils_for_android/binutils-2.33.1/missing makeinfo --split-size=5000000'
MKDIR_P='/usr/bin/mkdir -p'
NEED_CTF_QSORT_R_FALSE='#'
NEED_CTF_QSORT_R_TRUE=''
OBJEXT='o'
PACKAGE='libctf-library'
PACKAGE_BUGREPORT=''
PACKAGE_NAME='libctf library'
PACKAGE_STRING='libctf library 1.2.0-pre'
PACKAGE_TARNAME='libctf-library'
PACKAGE_URL=''
PACKAGE_VERSION='1.2.0-pre'
PATH_SEPARATOR=':'
RANLIB='true'
SET_MAKE=''
SHELL='/bin/bash'
STRIP='aarch64-linux-android-strip'
VERSION='1.2.0-pre'
WARN_PEDANTIC='-pedantic -Wno-long-long'
WERROR=''
ac_ct_AR=''
ac_ct_CC=''
ac_libctf_warn_cflags='-Wall'
am__EXEEXT_FALSE=''
am__EXEEXT_TRUE='#'
am__fastdepCC_FALSE='#'
am__fastdepCC_TRUE=''
am__include='include'
am__isrc=''
am__leading_dot='.'
am__nodep='_no'
am__quote=''
am__tar='$${TAR-tar} chof - "$$tardir"'
am__untar='$${TAR-tar} xf -'
bindir='${exec_prefix}/bin'
build_alias='x86_64-pc-linux-gnu'
c_warn='-Wstrict-prototypes -Wmissing-prototypes -Wold-style-definition'
datadir='${datarootdir}'
datarootdir='${prefix}/share'
docdir='${datarootdir}/doc/${PACKAGE_TARNAME}'
dvidir='${docdir}'
exec_prefix='${prefix}'
host_alias='aarch64-linux-android'
htmldir='${docdir}'
includedir='${prefix}/include'
infodir='${datarootdir}/info'
install_sh='${SHELL} /root/hxz/binutils_for_android/binutils-2.33.1/install-sh'
libdir='${exec_prefix}/lib'
libexecdir='${exec_prefix}/libexec'
localedir='${datarootdir}/locale'
localstatedir='${prefix}/var'
mandir='${datarootdir}/man'
mkdir_p='$(MKDIR_P)'
oldincludedir='/usr/include'
pdfdir='${docdir}'
prefix='/root/hxz/binutils_for_android/binutils-2.33.1/install'
program_transform_name='s,y,y,'
psdir='${docdir}'
sbindir='${exec_prefix}/sbin'
sharedstatedir='${prefix}/com'
sysconfdir='${prefix}/etc'
target_alias='aarch64-linux-android'
warn='-W -Wall -Wno-narrowing -Wwrite-strings -Wmissing-format-attribute'
zlibdir='-L$(top_builddir)/../zlib'
zlibinc='-I$(top_srcdir)/../zlib'

## ----------- ##
## confdefs.h. ##
## ----------- ##

/* confdefs.h */
#define PACKAGE_NAME "libctf library"
#define PACKAGE_TARNAME "libctf-library"
#define PACKAGE_VERSION "1.2.0-pre"
#define PACKAGE_STRING "libctf library 1.2.0-pre"
#define PACKAGE_BUGREPORT ""
#define PACKAGE_URL ""
#define STDC_HEADERS 1
#define HAVE_SYS_TYPES_H 1
#define HAVE_SYS_STAT_H 1
#define HAVE_STDLIB_H 1
#define HAVE_STRING_H 1
#define HAVE_MEMORY_H 1
#define HAVE_STRINGS_H 1
#define HAVE_INTTYPES_H 1
#define HAVE_STDINT_H 1
#define HAVE_UNISTD_H 1
#define __EXTENSIONS__ 1
#define _ALL_SOURCE 1
#define _GNU_SOURCE 1
#define _POSIX_PTHREAD_SEMANTICS 1
#define _TANDEM_SOURCE 1
#define PACKAGE "libctf-library"
#define VERSION "1.2.0-pre"
#define HAVE_STDLIB_H 1
#define HAVE_UNISTD_H 1
#define HAVE_SYS_PARAM_H 1
#define HAVE_GETPAGESIZE 1
#define HAVE_BYTESWAP_H 1
#define HAVE_ENDIAN_H 1
#define HAVE_PREAD 1
#define HAVE_O_CLOEXEC 1

configure: exit 0
