This file contains any messages produced by compilers while
running configure, to aid debugging if configure makes a mistake.

It was created by opcodes configure 2.33.1, which was
generated by GNU Autoconf 2.69.  Invocation command line was

  $ /root/hxz/binutils_for_android/binutils-2.33.1/opcodes/configure --srcdir=.././opcodes --cache-file=./config.cache --with-gnu-as --with-gnu-ld --prefix=/root/hxz/binutils_for_android/binutils-2.33.1/install --program-transform-name=s,y,y, --disable-option-checking --build=x86_64-pc-linux-gnu --host=aarch64-linux-android --target=aarch64-linux-android

## --------- ##
## Platform. ##
## --------- ##

hostname = r0env
uname -m = x86_64
uname -r = 6.6.9-amd64
uname -s = Linux
uname -v = #1 SMP PREEMPT_DYNAMIC Kali 6.6.9-1kali1 (2024-01-08)

/usr/bin/uname -p = unknown
/bin/uname -X     = unknown

/bin/arch              = x86_64
/usr/bin/arch -k       = unknown
/usr/convex/getsysinfo = unknown
/usr/bin/hostinfo      = unknown
/bin/machine           = unknown
/usr/bin/oslevel       = unknown
/bin/universe          = unknown

PATH: /usr/local/go/bin
PATH: .
PATH: /root/.pyenv/shims
PATH: /root/.pyenv/bin
PATH: /usr/local/sbin
PATH: /usr/local/bin
PATH: /usr/sbin
PATH: /usr/bin
PATH: /sbin
PATH: /bin
PATH: /usr/local/games
PATH: /usr/games
PATH: /opt/010editor
PATH: /root/Android/Sdk/platform-tools
PATH: /root/Documents/idea-IC-231.9011.34/bin
PATH: /root/go/bin
PATH: /root/Desktop/androidfile/binutils/aarch64-linux-android-4.9/bin/
PATH: /root/hxz/binutils_for_android/aarch64-linux-android-toolchain/bin


## ----------- ##
## Core tests. ##
## ----------- ##

configure:2228: creating cache ./config.cache
configure:2339: checking build system type
configure:2353: result: x86_64-pc-linux-gnu
configure:2373: checking host system type
configure:2386: result: aarch64-unknown-linux-android
configure:2406: checking target system type
configure:2419: result: aarch64-unknown-linux-android
configure:2456: checking for aarch64-linux-android-gcc
configure:2483: result: aarch64-linux-android-clang
configure:2752: checking for C compiler version
configure:2761: aarch64-linux-android-clang --version >&5
Android (9352603, based on r450784d1) clang version 14.0.7 (https://android.googlesource.com/toolchain/llvm-project 4c603efb0cca074e9238af8b4106c30add4418f6)
Target: aarch64-unknown-linux-android26
Thread model: posix
InstalledDir: /root/hxz/binutils_for_android/aarch64-linux-android-toolchain/bin
configure:2772: $? = 0
configure:2761: aarch64-linux-android-clang -v >&5
Android (9352603, based on r450784d1) clang version 14.0.7 (https://android.googlesource.com/toolchain/llvm-project 4c603efb0cca074e9238af8b4106c30add4418f6)
Target: aarch64-unknown-linux-android26
Thread model: posix
InstalledDir: /root/hxz/binutils_for_android/aarch64-linux-android-toolchain/bin
configure:2772: $? = 0
configure:2761: aarch64-linux-android-clang -V >&5
clang140: error: argument to '-V' is missing (expected 1 value)
clang140: error: no input files
configure:2772: $? = 1
configure:2761: aarch64-linux-android-clang -qversion >&5
clang140: error: unknown argument '-qversion'; did you mean '--version'?
clang140: error: no input files
configure:2772: $? = 1
configure:2792: checking whether the C compiler works
configure:2814: aarch64-linux-android-clang -fPIE -fPIC -Wno-error -Wno-null-pointer-arithmetic   -pie conftest.c  >&5
configure:2818: $? = 0
configure:2866: result: yes
configure:2869: checking for C compiler default output file name
configure:2871: result: a.out
configure:2877: checking for suffix of executables
configure:2884: aarch64-linux-android-clang -o conftest -fPIE -fPIC -Wno-error -Wno-null-pointer-arithmetic   -pie conftest.c  >&5
configure:2888: $? = 0
configure:2910: result: 
configure:2932: checking whether we are cross compiling
configure:2970: result: yes
configure:2975: checking for suffix of object files
configure:2997: aarch64-linux-android-clang -c -fPIE -fPIC -Wno-error -Wno-null-pointer-arithmetic  conftest.c >&5
configure:3001: $? = 0
configure:3022: result: o
configure:3026: checking whether we are using the GNU C compiler
configure:3045: aarch64-linux-android-clang -c -fPIE -fPIC -Wno-error -Wno-null-pointer-arithmetic  conftest.c >&5
configure:3045: $? = 0
configure:3054: result: yes
configure:3063: checking whether aarch64-linux-android-clang accepts -g
configure:3083: aarch64-linux-android-clang -c -g  conftest.c >&5
configure:3083: $? = 0
configure:3124: result: yes
configure:3141: checking for aarch64-linux-android-clang option to accept ISO C89
configure:3204: aarch64-linux-android-clang  -c -fPIE -fPIC -Wno-error -Wno-null-pointer-arithmetic  conftest.c >&5
configure:3204: $? = 0
configure:3217: result: none needed
configure:3242: checking whether aarch64-linux-android-clang understands -c and -o together
configure:3264: aarch64-linux-android-clang -c conftest.c -o conftest2.o
configure:3267: $? = 0
configure:3264: aarch64-linux-android-clang -c conftest.c -o conftest2.o
configure:3267: $? = 0
configure:3279: result: yes
configure:3297: checking for library containing strerror
configure:3328: aarch64-linux-android-clang -o conftest -fPIE -fPIC -Wno-error -Wno-null-pointer-arithmetic   -pie conftest.c  >&5
conftest.c:16:6: warning: incompatible redeclaration of library function 'strerror' [-Wincompatible-library-redeclaration]
char strerror ();
     ^
conftest.c:16:6: note: 'strerror' is a builtin with type 'char *(int)'
1 warning generated.
configure:3328: $? = 0
configure:3345: result: none required
configure:3370: checking for a BSD-compatible install
configure:3438: result: /usr/bin/install -c
configure:3449: checking whether build environment is sane
configure:3504: result: yes
configure:3560: checking for aarch64-linux-android-strip
configure:3587: result: aarch64-linux-android-strip
configure:3652: checking for a thread-safe mkdir -p
configure:3691: result: /usr/bin/mkdir -p
configure:3698: checking for gawk
configure:3725: result: gawk
configure:3736: checking whether make sets $(MAKE)
configure:3758: result: yes
configure:3788: checking for style of include used by make
configure:3816: result: GNU
configure:3850: checking whether make supports nested variables
configure:3867: result: yes
configure:3952: checking dependency style of aarch64-linux-android-clang
configure:4063: result: gcc3
configure:4130: checking for aarch64-linux-android-gcc
configure:4157: result: aarch64-linux-android-clang
configure:4426: checking for C compiler version
configure:4435: aarch64-linux-android-clang --version >&5
Android (9352603, based on r450784d1) clang version 14.0.7 (https://android.googlesource.com/toolchain/llvm-project 4c603efb0cca074e9238af8b4106c30add4418f6)
Target: aarch64-unknown-linux-android26
Thread model: posix
InstalledDir: /root/hxz/binutils_for_android/aarch64-linux-android-toolchain/bin
configure:4446: $? = 0
configure:4435: aarch64-linux-android-clang -v >&5
Android (9352603, based on r450784d1) clang version 14.0.7 (https://android.googlesource.com/toolchain/llvm-project 4c603efb0cca074e9238af8b4106c30add4418f6)
Target: aarch64-unknown-linux-android26
Thread model: posix
InstalledDir: /root/hxz/binutils_for_android/aarch64-linux-android-toolchain/bin
configure:4446: $? = 0
configure:4435: aarch64-linux-android-clang -V >&5
clang140: error: argument to '-V' is missing (expected 1 value)
clang140: error: no input files
configure:4446: $? = 1
configure:4435: aarch64-linux-android-clang -qversion >&5
clang140: error: unknown argument '-qversion'; did you mean '--version'?
clang140: error: no input files
configure:4446: $? = 1
configure:4450: checking whether we are using the GNU C compiler
configure:4478: result: yes
configure:4487: checking whether aarch64-linux-android-clang accepts -g
configure:4548: result: yes
configure:4565: checking for aarch64-linux-android-clang option to accept ISO C89
configure:4641: result: none needed
configure:4666: checking whether aarch64-linux-android-clang understands -c and -o together
configure:4703: result: yes
configure:4725: checking how to run the C preprocessor
configure:4756: aarch64-linux-android-clang -E  conftest.c
configure:4756: $? = 0
configure:4770: aarch64-linux-android-clang -E  conftest.c
conftest.c:11:10: fatal error: 'ac_nonexistent.h' file not found
#include <ac_nonexistent.h>
         ^~~~~~~~~~~~~~~~~~
1 error generated.
configure:4770: $? = 1
configure: failed program was:
| /* confdefs.h */
| #define PACKAGE_NAME "opcodes"
| #define PACKAGE_TARNAME "opcodes"
| #define PACKAGE_VERSION "2.33.1"
| #define PACKAGE_STRING "opcodes 2.33.1"
| #define PACKAGE_BUGREPORT ""
| #define PACKAGE_URL ""
| #define PACKAGE "opcodes"
| #define VERSION "2.33.1"
| /* end confdefs.h.  */
| #include <ac_nonexistent.h>
configure:4795: result: aarch64-linux-android-clang -E
configure:4815: aarch64-linux-android-clang -E  conftest.c
configure:4815: $? = 0
configure:4829: aarch64-linux-android-clang -E  conftest.c
conftest.c:11:10: fatal error: 'ac_nonexistent.h' file not found
#include <ac_nonexistent.h>
         ^~~~~~~~~~~~~~~~~~
1 error generated.
configure:4829: $? = 1
configure: failed program was:
| /* confdefs.h */
| #define PACKAGE_NAME "opcodes"
| #define PACKAGE_TARNAME "opcodes"
| #define PACKAGE_VERSION "2.33.1"
| #define PACKAGE_STRING "opcodes 2.33.1"
| #define PACKAGE_BUGREPORT ""
| #define PACKAGE_URL ""
| #define PACKAGE "opcodes"
| #define VERSION "2.33.1"
| /* end confdefs.h.  */
| #include <ac_nonexistent.h>
configure:4858: checking for grep that handles long lines and -e
configure:4916: result: /usr/bin/grep
configure:4921: checking for egrep
configure:4983: result: /usr/bin/grep -E
configure:4988: checking for ANSI C header files
configure:5008: aarch64-linux-android-clang -c -fPIE -fPIC -Wno-error -Wno-null-pointer-arithmetic  conftest.c >&5
configure:5008: $? = 0
configure:5092: result: yes
configure:5105: checking for sys/types.h
configure:5105: aarch64-linux-android-clang -c -fPIE -fPIC -Wno-error -Wno-null-pointer-arithmetic  conftest.c >&5
configure:5105: $? = 0
configure:5105: result: yes
configure:5105: checking for sys/stat.h
configure:5105: aarch64-linux-android-clang -c -fPIE -fPIC -Wno-error -Wno-null-pointer-arithmetic  conftest.c >&5
configure:5105: $? = 0
configure:5105: result: yes
configure:5105: checking for stdlib.h
configure:5105: aarch64-linux-android-clang -c -fPIE -fPIC -Wno-error -Wno-null-pointer-arithmetic  conftest.c >&5
configure:5105: $? = 0
configure:5105: result: yes
configure:5105: checking for string.h
configure:5105: aarch64-linux-android-clang -c -fPIE -fPIC -Wno-error -Wno-null-pointer-arithmetic  conftest.c >&5
configure:5105: $? = 0
configure:5105: result: yes
configure:5105: checking for memory.h
configure:5105: aarch64-linux-android-clang -c -fPIE -fPIC -Wno-error -Wno-null-pointer-arithmetic  conftest.c >&5
configure:5105: $? = 0
configure:5105: result: yes
configure:5105: checking for strings.h
configure:5105: aarch64-linux-android-clang -c -fPIE -fPIC -Wno-error -Wno-null-pointer-arithmetic  conftest.c >&5
configure:5105: $? = 0
configure:5105: result: yes
configure:5105: checking for inttypes.h
configure:5105: aarch64-linux-android-clang -c -fPIE -fPIC -Wno-error -Wno-null-pointer-arithmetic  conftest.c >&5
configure:5105: $? = 0
configure:5105: result: yes
configure:5105: checking for stdint.h
configure:5105: aarch64-linux-android-clang -c -fPIE -fPIC -Wno-error -Wno-null-pointer-arithmetic  conftest.c >&5
configure:5105: $? = 0
configure:5105: result: yes
configure:5105: checking for unistd.h
configure:5105: aarch64-linux-android-clang -c -fPIE -fPIC -Wno-error -Wno-null-pointer-arithmetic  conftest.c >&5
configure:5105: $? = 0
configure:5105: result: yes
configure:5118: checking minix/config.h usability
configure:5118: aarch64-linux-android-clang -c -fPIE -fPIC -Wno-error -Wno-null-pointer-arithmetic  conftest.c >&5
conftest.c:54:10: fatal error: 'minix/config.h' file not found
#include <minix/config.h>
         ^~~~~~~~~~~~~~~~
1 error generated.
configure:5118: $? = 1
configure: failed program was:
| /* confdefs.h */
| #define PACKAGE_NAME "opcodes"
| #define PACKAGE_TARNAME "opcodes"
| #define PACKAGE_VERSION "2.33.1"
| #define PACKAGE_STRING "opcodes 2.33.1"
| #define PACKAGE_BUGREPORT ""
| #define PACKAGE_URL ""
| #define PACKAGE "opcodes"
| #define VERSION "2.33.1"
| #define STDC_HEADERS 1
| #define HAVE_SYS_TYPES_H 1
| #define HAVE_SYS_STAT_H 1
| #define HAVE_STDLIB_H 1
| #define HAVE_STRING_H 1
| #define HAVE_MEMORY_H 1
| #define HAVE_STRINGS_H 1
| #define HAVE_INTTYPES_H 1
| #define HAVE_STDINT_H 1
| #define HAVE_UNISTD_H 1
| /* end confdefs.h.  */
| #include <stdio.h>
| #ifdef HAVE_SYS_TYPES_H
| # include <sys/types.h>
| #endif
| #ifdef HAVE_SYS_STAT_H
| # include <sys/stat.h>
| #endif
| #ifdef STDC_HEADERS
| # include <stdlib.h>
| # include <stddef.h>
| #else
| # ifdef HAVE_STDLIB_H
| #  include <stdlib.h>
| # endif
| #endif
| #ifdef HAVE_STRING_H
| # if !defined STDC_HEADERS && defined HAVE_MEMORY_H
| #  include <memory.h>
| # endif
| # include <string.h>
| #endif
| #ifdef HAVE_STRINGS_H
| # include <strings.h>
| #endif
| #ifdef HAVE_INTTYPES_H
| # include <inttypes.h>
| #endif
| #ifdef HAVE_STDINT_H
| # include <stdint.h>
| #endif
| #ifdef HAVE_UNISTD_H
| # include <unistd.h>
| #endif
| #include <minix/config.h>
configure:5118: result: no
configure:5118: checking minix/config.h presence
configure:5118: aarch64-linux-android-clang -E  conftest.c
conftest.c:21:10: fatal error: 'minix/config.h' file not found
#include <minix/config.h>
         ^~~~~~~~~~~~~~~~
1 error generated.
configure:5118: $? = 1
configure: failed program was:
| /* confdefs.h */
| #define PACKAGE_NAME "opcodes"
| #define PACKAGE_TARNAME "opcodes"
| #define PACKAGE_VERSION "2.33.1"
| #define PACKAGE_STRING "opcodes 2.33.1"
| #define PACKAGE_BUGREPORT ""
| #define PACKAGE_URL ""
| #define PACKAGE "opcodes"
| #define VERSION "2.33.1"
| #define STDC_HEADERS 1
| #define HAVE_SYS_TYPES_H 1
| #define HAVE_SYS_STAT_H 1
| #define HAVE_STDLIB_H 1
| #define HAVE_STRING_H 1
| #define HAVE_MEMORY_H 1
| #define HAVE_STRINGS_H 1
| #define HAVE_INTTYPES_H 1
| #define HAVE_STDINT_H 1
| #define HAVE_UNISTD_H 1
| /* end confdefs.h.  */
| #include <minix/config.h>
configure:5118: result: no
configure:5118: checking for minix/config.h
configure:5118: result: no
configure:5139: checking whether it is safe to define __EXTENSIONS__
configure:5157: aarch64-linux-android-clang -c -fPIE -fPIC -Wno-error -Wno-null-pointer-arithmetic  conftest.c >&5
configure:5157: $? = 0
configure:5164: result: yes
configure:5184: checking for aarch64-linux-android-ar
configure:5211: result: aarch64-linux-android-ar
configure:5276: checking for aarch64-linux-android-ranlib
configure:5303: result: true
configure:5444: checking how to print strings
configure:5471: result: printf
configure:5492: checking for a sed that does not truncate output
configure:5556: result: /usr/bin/sed
configure:5574: checking for fgrep
configure:5636: result: /usr/bin/grep -F
configure:5671: checking for ld used by aarch64-linux-android-clang
configure:5738: result: aarch64-linux-android-ld
configure:5745: checking if the linker (aarch64-linux-android-ld) is GNU ld
configure:5760: result: no
configure:5772: checking for BSD- or MS-compatible name lister (nm)
configure:5821: result: aarch64-linux-android-nm
configure:5951: checking the name lister (aarch64-linux-android-nm) interface
configure:5958: aarch64-linux-android-clang -c -fPIE -fPIC -Wno-error -Wno-null-pointer-arithmetic  conftest.c >&5
configure:5961: aarch64-linux-android-nm "conftest.o"
/root/hxz/binutils_for_android/binutils-2.33.1/opcodes/configure: line 5962: aarch64-linux-android-nm: command not found
configure:5964: output
configure:5971: result: BSD nm
configure:5974: checking whether ln -s works
configure:5978: result: yes
configure:5986: checking the maximum length of command line arguments
configure:6111: result: 1572864
configure:6128: checking whether the shell understands some XSI constructs
configure:6138: result: yes
configure:6142: checking whether the shell understands "+="
configure:6148: result: yes
configure:6183: checking for aarch64-linux-android-ld option to reload object files
configure:6190: result: -r
configure:6219: checking for aarch64-linux-android-objdump
configure:6246: result: aarch64-linux-android-objdump
configure:6318: checking how to recognize dependent libraries
configure:6519: result: pass_all
configure:6539: checking for aarch64-linux-android-ar
configure:6566: result: aarch64-linux-android-ar
configure:6644: checking for aarch64-linux-android-strip
configure:6671: result: aarch64-linux-android-strip
configure:6743: checking for aarch64-linux-android-ranlib
configure:6770: result: true
configure:6912: checking command to parse aarch64-linux-android-nm output from aarch64-linux-android-clang object
configure:7030: aarch64-linux-android-clang -c -fPIE -fPIC -Wno-error -Wno-null-pointer-arithmetic  conftest.c >&5
configure:7033: $? = 0
configure:7037: aarch64-linux-android-nm conftest.o \| sed -n -e 's/^.*[ ]\([BCDEGRST][BCDEGRST]*\)[ ][ ]*\([_A-Za-z][_A-Za-z0-9]*\)$/\1 \2 \2/p' \> conftest.nm
/root/hxz/binutils_for_android/binutils-2.33.1/opcodes/configure: line 7038: aarch64-linux-android-nm: command not found
configure:7040: $? = 0
cannot run sed -n -e 's/^.*[	 ]\([BCDEGRST][BCDEGRST]*\)[	 ][	 ]*\([_A-Za-z][_A-Za-z0-9]*\)$/\1 \2 \2/p'
configure:7030: aarch64-linux-android-clang -c -fPIE -fPIC -Wno-error -Wno-null-pointer-arithmetic  conftest.c >&5
configure:7033: $? = 0
configure:7037: aarch64-linux-android-nm conftest.o \| sed -n -e 's/^.*[ ]\([BCDEGRST][BCDEGRST]*\)[ ][ ]*_\([_A-Za-z][_A-Za-z0-9]*\)$/\1 _\2 \2/p' \> conftest.nm
/root/hxz/binutils_for_android/binutils-2.33.1/opcodes/configure: line 7038: aarch64-linux-android-nm: command not found
configure:7040: $? = 0
cannot run sed -n -e 's/^.*[	 ]\([BCDEGRST][BCDEGRST]*\)[	 ][	 ]*_\([_A-Za-z][_A-Za-z0-9]*\)$/\1 _\2 \2/p'
configure:7132: result: failed
configure:7983: checking for dlfcn.h
configure:7983: aarch64-linux-android-clang -c -fPIE -fPIC -Wno-error -Wno-null-pointer-arithmetic  conftest.c >&5
configure:7983: $? = 0
configure:7983: result: yes
configure:8140: checking for objdir
configure:8155: result: .libs
configure:8426: checking if aarch64-linux-android-clang supports -fno-rtti -fno-exceptions
configure:8444: aarch64-linux-android-clang -c -fPIE -fPIC -Wno-error -Wno-null-pointer-arithmetic  -fno-rtti -fno-exceptions conftest.c >&5
configure:8448: $? = 0
configure:8461: result: yes
configure:8481: checking for aarch64-linux-android-clang option to produce PIC
configure:8767: result: -fPIC -DPIC
configure:8779: checking if aarch64-linux-android-clang PIC flag -fPIC -DPIC works
configure:8797: aarch64-linux-android-clang -c -fPIE -fPIC -Wno-error -Wno-null-pointer-arithmetic  -fPIC -DPIC -DPIC conftest.c >&5
configure:8801: $? = 0
configure:8814: result: yes
configure:8838: checking if aarch64-linux-android-clang static flag -static works
clang140: warning: argument unused during compilation: '-pie' [-Wunused-command-line-argument]
configure:8866: result: no
configure:8881: checking if aarch64-linux-android-clang supports -c -o file.o
configure:8902: aarch64-linux-android-clang -c -fPIE -fPIC -Wno-error -Wno-null-pointer-arithmetic  -o out/conftest2.o conftest.c >&5
configure:8906: $? = 0
configure:8928: result: yes
configure:8936: checking if aarch64-linux-android-clang supports -c -o file.o
configure:8983: result: yes
configure:9016: checking whether the aarch64-linux-android-clang linker (aarch64-linux-android-ld) supports shared libraries
configure:10087: result: no
configure:10332: checking dynamic linker characteristics
configure:10783: aarch64-linux-android-clang -o conftest -fPIE -fPIC -Wno-error -Wno-null-pointer-arithmetic   -pie  conftest.c  >&5
configure:10783: $? = 0
configure:11005: result: GNU/Linux ld.so
configure:11112: checking how to hardcode library paths into programs
configure:11137: result: unsupported
configure:11677: checking whether stripping libraries is possible
configure:11699: result: no
configure:11717: checking if libtool supports shared libraries
configure:11719: result: no
configure:11722: checking whether to build shared libraries
configure:11743: result: no
configure:11746: checking whether to build static libraries
configure:11750: result: yes
configure:11960: checking whether to enable maintainer-specific portions of Makefiles
configure:11969: result: no
configure:11997: checking whether to install libbfd
configure:12010: result: yes
configure:12056: checking whether NLS is requested
configure:12062: result: yes
configure:12068: checking for catalogs to be installed
configure:12100: result:  da de es fi fr ga id it nl pt_BR ro sr sv tr uk vi zh_CN da de es fi fr ga id it nl pt_BR ro sr sv tr uk vi zh_CN
configure:12127: checking whether NLS is requested
configure:12136: result: yes
configure:12174: checking for msgfmt
configure:12208: result: no
configure:12214: checking for gmsgfmt
configure:12245: result: :
configure:12285: checking for xgettext
configure:12319: result: no
configure:12356: checking for msgmerge
configure:12389: result: no
configure:12437: checking for build system executable suffix
configure:12455: result: no
configure:12468: checking for string.h
configure:12468: result: yes
configure:12468: checking for strings.h
configure:12468: result: yes
configure:12468: checking for stdlib.h
configure:12468: result: yes
configure:12468: checking limits.h usability
configure:12468: aarch64-linux-android-clang -c -fPIE -fPIC -Wno-error -Wno-null-pointer-arithmetic  conftest.c >&5
configure:12468: $? = 0
configure:12468: result: yes
configure:12468: checking limits.h presence
configure:12468: aarch64-linux-android-clang -E  conftest.c
configure:12468: $? = 0
configure:12468: result: yes
configure:12468: checking for limits.h
configure:12468: result: yes
configure:12478: checking whether string.h and strings.h may both be included
configure:12495: aarch64-linux-android-clang -c -fPIE -fPIC -Wno-error -Wno-null-pointer-arithmetic  conftest.c >&5
configure:12495: $? = 0
configure:12502: result: yes
configure:12511: checking whether basename is declared
configure:12511: aarch64-linux-android-clang -c -fPIE -fPIC -Wno-error -Wno-null-pointer-arithmetic  conftest.c >&5
configure:12511: $? = 0
configure:12511: result: yes
configure:12521: checking whether stpcpy is declared
configure:12521: aarch64-linux-android-clang -c -fPIE -fPIC -Wno-error -Wno-null-pointer-arithmetic  conftest.c >&5
configure:12521: $? = 0
configure:12521: result: yes
configure:12535: checking for sigsetjmp
configure:12553: aarch64-linux-android-clang -c -fPIE -fPIC -Wno-error -Wno-null-pointer-arithmetic  conftest.c >&5
configure:12553: $? = 0
configure:12560: result: 
configure:12604: checking linker --as-needed support
configure:12615: result: no
configure:12706: checking for cos in -lm
configure:12731: aarch64-linux-android-clang -o conftest -fPIE -fPIC -Wno-error -Wno-null-pointer-arithmetic   -pie conftest.c -lm   >&5
conftest.c:44:6: warning: incompatible redeclaration of library function 'cos' [-Wincompatible-library-redeclaration]
char cos ();
     ^
conftest.c:44:6: note: 'cos' is a builtin with type 'double (double)'
1 warning generated.
configure:12731: $? = 0
configure:12740: result: yes
configure:13052: updating cache ./config.cache
configure:13096: checking that generated files are newer than configure
configure:13102: result: done
configure:13137: creating ./config.status

## ---------------------- ##
## Running config.status. ##
## ---------------------- ##

This file was extended by opcodes config.status 2.33.1, which was
generated by GNU Autoconf 2.69.  Invocation command line was

  CONFIG_FILES    = 
  CONFIG_HEADERS  = 
  CONFIG_LINKS    = 
  CONFIG_COMMANDS = 
  $ ./config.status 

on r0env

config.status:1134: creating Makefile
config.status:1134: creating po/Makefile.in
config.status:1134: creating config.h
config.status:1363: executing depfiles commands
config.status:1363: executing libtool commands
config.status:1363: executing default-1 commands

## ---------------- ##
## Cache variables. ##
## ---------------- ##

ac_cv_build=x86_64-pc-linux-gnu
ac_cv_c_compiler_gnu=yes
ac_cv_env_CC_set=set
ac_cv_env_CC_value=aarch64-linux-android-clang
ac_cv_env_CFLAGS_set=set
ac_cv_env_CFLAGS_value='-fPIE -fPIC -Wno-error -Wno-null-pointer-arithmetic'
ac_cv_env_CPPFLAGS_set=
ac_cv_env_CPPFLAGS_value=
ac_cv_env_CPP_set=
ac_cv_env_CPP_value=
ac_cv_env_LDFLAGS_set=set
ac_cv_env_LDFLAGS_value=' -pie'
ac_cv_env_LIBS_set=
ac_cv_env_LIBS_value=
ac_cv_env_build_alias_set=set
ac_cv_env_build_alias_value=x86_64-pc-linux-gnu
ac_cv_env_host_alias_set=set
ac_cv_env_host_alias_value=aarch64-linux-android
ac_cv_env_target_alias_set=set
ac_cv_env_target_alias_value=aarch64-linux-android
ac_cv_have_decl_basename=yes
ac_cv_have_decl_stpcpy=yes
ac_cv_header_dlfcn_h=yes
ac_cv_header_inttypes_h=yes
ac_cv_header_limits_h=yes
ac_cv_header_memory_h=yes
ac_cv_header_minix_config_h=no
ac_cv_header_stdc=yes
ac_cv_header_stdint_h=yes
ac_cv_header_stdlib_h=yes
ac_cv_header_string_h=yes
ac_cv_header_strings_h=yes
ac_cv_header_sys_stat_h=yes
ac_cv_header_sys_types_h=yes
ac_cv_header_unistd_h=yes
ac_cv_host=aarch64-unknown-linux-android
ac_cv_lib_m_cos=yes
ac_cv_objext=o
ac_cv_path_EGREP='/usr/bin/grep -E'
ac_cv_path_FGREP='/usr/bin/grep -F'
ac_cv_path_GMSGFMT=:
ac_cv_path_GREP=/usr/bin/grep
ac_cv_path_MSGFMT=:
ac_cv_path_MSGMERGE=:
ac_cv_path_SED=/usr/bin/sed
ac_cv_path_XGETTEXT=:
ac_cv_path_mkdir=/usr/bin/mkdir
ac_cv_prog_AR=aarch64-linux-android-ar
ac_cv_prog_AWK=gawk
ac_cv_prog_CC=aarch64-linux-android-clang
ac_cv_prog_CPP='aarch64-linux-android-clang -E'
ac_cv_prog_OBJDUMP=aarch64-linux-android-objdump
ac_cv_prog_RANLIB=true
ac_cv_prog_STRIP=aarch64-linux-android-strip
ac_cv_prog_cc_c89=
ac_cv_prog_cc_g=yes
ac_cv_prog_make_make_set=yes
ac_cv_safe_to_define___extensions__=yes
ac_cv_search_strerror='none required'
ac_cv_target=aarch64-unknown-linux-android
am_cv_CC_dependencies_compiler_type=gcc3
am_cv_make_support_nested_variables=yes
am_cv_prog_cc_c_o=yes
bfd_cv_build_exeext=no
bfd_cv_func_sigsetjmp=yes
bfd_cv_ld_as_needed=no
gcc_cv_header_string=yes
lt_cv_deplibs_check_method=pass_all
lt_cv_file_magic_cmd='$MAGIC_CMD'
lt_cv_file_magic_test_file=
lt_cv_ld_reload_flag=-r
lt_cv_nm_interface='BSD nm'
lt_cv_objdir=.libs
lt_cv_path_LD=aarch64-linux-android-ld
lt_cv_path_NM=aarch64-linux-android-nm
lt_cv_prog_compiler_c_o=yes
lt_cv_prog_compiler_pic_works=yes
lt_cv_prog_compiler_rtti_exceptions=yes
lt_cv_prog_compiler_static_works=no
lt_cv_prog_gnu_ld=no
lt_cv_shlibpath_overrides_runpath=no
lt_cv_sys_global_symbol_pipe=
lt_cv_sys_global_symbol_to_c_name_address='sed -n -e '\''s/^: \([^ ]*\) $/  {\"\1\", (void *) 0},/p'\'' -e '\''s/^[BCDEGRST]* \([^ ]*\) \([^ ]*\)$/  {"\2", (void *) \&\2},/p'\'''
lt_cv_sys_global_symbol_to_c_name_address_lib_prefix='sed -n -e '\''s/^: \([^ ]*\) $/  {\"\1\", (void *) 0},/p'\'' -e '\''s/^[BCDEGRST]* \([^ ]*\) \(lib[^ ]*\)$/  {"\2", (void *) \&\2},/p'\'' -e '\''s/^[BCDEGRST]* \([^ ]*\) \([^ ]*\)$/  {"lib\2", (void *) \&\2},/p'\'''
lt_cv_sys_global_symbol_to_cdecl=
lt_cv_sys_max_cmd_len=1572864

## ----------------- ##
## Output variables. ##
## ----------------- ##

ACLOCAL='${SHELL} /root/hxz/binutils_for_android/binutils-2.33.1/missing aclocal-1.15'
AMDEPBACKSLASH='\'
AMDEP_FALSE='#'
AMDEP_TRUE=''
AMTAR='$${TAR-tar}'
AM_BACKSLASH='\'
AM_DEFAULT_V='$(AM_DEFAULT_VERBOSITY)'
AM_DEFAULT_VERBOSITY='1'
AM_V='$(V)'
AR='aarch64-linux-android-ar'
AUTOCONF='${SHELL} /root/hxz/binutils_for_android/binutils-2.33.1/missing autoconf'
AUTOHEADER='${SHELL} /root/hxz/binutils_for_android/binutils-2.33.1/missing autoheader'
AUTOMAKE='${SHELL} /root/hxz/binutils_for_android/binutils-2.33.1/missing automake-1.15'
AWK='gawk'
BFD_MACHINES=' aarch64-asm.lo aarch64-dis.lo aarch64-opc.lo aarch64-asm-2.lo aarch64-dis-2.lo aarch64-opc-2.lo arm-dis.lo'
BUILD_LIBS='-liberty ${top_builddir}/../intl/libintl.a'
BUILD_LIB_DEPS=' ${top_builddir}/../intl/libintl.a'
CATALOGS=' da.gmo de.gmo es.gmo fi.gmo fr.gmo ga.gmo id.gmo it.gmo nl.gmo pt_BR.gmo ro.gmo sr.gmo sv.gmo tr.gmo uk.gmo vi.gmo zh_CN.gmo da.gmo de.gmo es.gmo fi.gmo fr.gmo ga.gmo id.gmo it.gmo nl.gmo pt_BR.gmo ro.gmo sr.gmo sv.gmo tr.gmo uk.gmo vi.gmo zh_CN.gmo'
CATOBJEXT='.gmo'
CC='aarch64-linux-android-clang'
CCDEPMODE='depmode=gcc3'
CC_FOR_BUILD='gcc'
CFLAGS='-fPIE -fPIC -Wno-error -Wno-null-pointer-arithmetic'
CGEN_MAINT_FALSE=''
CGEN_MAINT_TRUE='#'
CPP='aarch64-linux-android-clang -E'
CPPFLAGS=''
CYGPATH_W='echo'
DATADIRNAME='share'
DEFS='-DHAVE_CONFIG_H'
DEPDIR='.deps'
DSYMUTIL=''
DUMPBIN=''
ECHO_C=''
ECHO_N='-n'
ECHO_T=''
EGREP='/usr/bin/grep -E'
EXEEXT=''
EXEEXT_FOR_BUILD=''
FGREP='/usr/bin/grep -F'
GENCAT='gencat'
GMSGFMT=':'
GREP='/usr/bin/grep'
HDEFINES=''
INCINTL='-I${top_builddir}/../intl'
INSTALL_DATA='/usr/bin/install -c -m 644'
INSTALL_LIBBFD_FALSE='#'
INSTALL_LIBBFD_TRUE=''
INSTALL_PROGRAM='/usr/bin/install -c'
INSTALL_SCRIPT='/usr/bin/install -c'
INSTALL_STRIP_PROGRAM='$(install_sh) -c -s'
INSTOBJEXT='.mo'
LD='aarch64-linux-android-ld'
LDFLAGS=' -pie'
LIBINTL='${top_builddir}/../intl/libintl.a'
LIBINTL_DEP='${top_builddir}/../intl/libintl.a'
LIBM='-lm'
LIBOBJS=''
LIBS=''
LIBTOOL='$(SHELL) $(top_builddir)/libtool'
LIPO=''
LN_S='ln -s'
LTLIBOBJS=''
MAINT='#'
MAINTAINER_MODE_FALSE=''
MAINTAINER_MODE_TRUE='#'
MAKEINFO='/root/hxz/binutils_for_android/binutils-2.33.1/missing makeinfo --split-size=5000000'
MKDIR_P='/usr/bin/mkdir -p'
MKINSTALLDIRS='$(top_builddir)/./../mkinstalldirs'
MSGFMT=':'
MSGMERGE=':'
NM='aarch64-linux-android-nm'
NMEDIT=''
NO_WERROR=''
OBJDUMP='aarch64-linux-android-objdump'
OBJEXT='o'
OTOOL64=''
OTOOL=''
PACKAGE='opcodes'
PACKAGE_BUGREPORT=''
PACKAGE_NAME='opcodes'
PACKAGE_STRING='opcodes 2.33.1'
PACKAGE_TARNAME='opcodes'
PACKAGE_URL=''
PACKAGE_VERSION='2.33.1'
PATH_SEPARATOR=':'
POSUB='po'
RANLIB='true'
SED='/usr/bin/sed'
SET_MAKE=''
SHARED_DEPENDENCIES=''
SHARED_LDFLAGS=''
SHARED_LIBADD=''
SHELL='/bin/bash'
STRIP='aarch64-linux-android-strip'
USE_NLS='yes'
VERSION='2.33.1'
WARN_CFLAGS='-W -Wall -Wstrict-prototypes -Wmissing-prototypes -Wshadow'
WARN_CFLAGS_FOR_BUILD='-W -Wall -Wstrict-prototypes -Wmissing-prototypes -Wshadow -Wstack-usage=262144'
WARN_WRITE_STRINGS='-Wwrite-strings'
XGETTEXT=':'
ac_ct_CC=''
ac_ct_DUMPBIN=''
am__EXEEXT_FALSE=''
am__EXEEXT_TRUE='#'
am__fastdepCC_FALSE='#'
am__fastdepCC_TRUE=''
am__include='include'
am__isrc=''
am__leading_dot='.'
am__nodep='_no'
am__quote=''
am__tar='$${TAR-tar} chof - "$$tardir"'
am__untar='$${TAR-tar} xf -'
archdefs=' -DARCH_aarch64 -DARCH_arm'
bfdincludedir='$(includedir)'
bfdlibdir='$(libdir)'
bindir='${exec_prefix}/bin'
build='x86_64-pc-linux-gnu'
build_alias='x86_64-pc-linux-gnu'
build_cpu='x86_64'
build_os='linux-gnu'
build_vendor='pc'
cgendir='$(srcdir)/../cgen'
datadir='${datarootdir}'
datarootdir='${prefix}/share'
docdir='${datarootdir}/doc/${PACKAGE_TARNAME}'
dvidir='${docdir}'
exec_prefix='${prefix}'
host='aarch64-unknown-linux-android'
host_alias='aarch64-linux-android'
host_cpu='aarch64'
host_noncanonical='aarch64-linux-android'
host_os='linux-android'
host_vendor='unknown'
htmldir='${docdir}'
includedir='${prefix}/include'
infodir='${datarootdir}/info'
install_sh='${SHELL} /root/hxz/binutils_for_android/binutils-2.33.1/install-sh'
libdir='${exec_prefix}/lib'
libexecdir='${exec_prefix}/libexec'
localedir='${datarootdir}/locale'
localstatedir='${prefix}/var'
mandir='${datarootdir}/man'
mkdir_p='$(MKDIR_P)'
oldincludedir='/usr/include'
pdfdir='${docdir}'
prefix='/root/hxz/binutils_for_android/binutils-2.33.1/install'
program_transform_name='s,y,y,'
psdir='${docdir}'
sbindir='${exec_prefix}/sbin'
sharedstatedir='${prefix}/com'
sysconfdir='${prefix}/etc'
target='aarch64-unknown-linux-android'
target_alias='aarch64-linux-android'
target_cpu='aarch64'
target_noncanonical='aarch64-linux-android'
target_os='linux-android'
target_vendor='unknown'

## ----------- ##
## confdefs.h. ##
## ----------- ##

/* confdefs.h */
#define PACKAGE_NAME "opcodes"
#define PACKAGE_TARNAME "opcodes"
#define PACKAGE_VERSION "2.33.1"
#define PACKAGE_STRING "opcodes 2.33.1"
#define PACKAGE_BUGREPORT ""
#define PACKAGE_URL ""
#define PACKAGE "opcodes"
#define VERSION "2.33.1"
#define STDC_HEADERS 1
#define HAVE_SYS_TYPES_H 1
#define HAVE_SYS_STAT_H 1
#define HAVE_STDLIB_H 1
#define HAVE_STRING_H 1
#define HAVE_MEMORY_H 1
#define HAVE_STRINGS_H 1
#define HAVE_INTTYPES_H 1
#define HAVE_STDINT_H 1
#define HAVE_UNISTD_H 1
#define __EXTENSIONS__ 1
#define _ALL_SOURCE 1
#define _GNU_SOURCE 1
#define _POSIX_PTHREAD_SEMANTICS 1
#define _TANDEM_SOURCE 1
#define HAVE_DLFCN_H 1
#define LT_OBJDIR ".libs/"
#define ENABLE_NLS 1
#define HAVE_STRING_H 1
#define HAVE_STRINGS_H 1
#define HAVE_STDLIB_H 1
#define HAVE_LIMITS_H 1
#define STRING_WITH_STRINGS 1
#define HAVE_DECL_BASENAME 1
#define HAVE_DECL_STPCPY 1
#define HAVE_SIGSETJMP 1

configure: exit 0
