This file contains any messages produced by compilers while
running configure, to aid debugging if configure makes a mistake.

It was created by configure, which was
generated by GNU Autoconf 2.69.  Invocation command line was

  $ ./configure --host=aarch64-linux-android --prefix=/root/hxz/binutils_for_android/binutils-2.33.1/install

## --------- ##
## Platform. ##
## --------- ##

hostname = r0env
uname -m = x86_64
uname -r = 6.6.9-amd64
uname -s = Linux
uname -v = #1 SMP PREEMPT_DYNAMIC Kali 6.6.9-1kali1 (2024-01-08)

/usr/bin/uname -p = unknown
/bin/uname -X     = unknown

/bin/arch              = x86_64
/usr/bin/arch -k       = unknown
/usr/convex/getsysinfo = unknown
/usr/bin/hostinfo      = unknown
/bin/machine           = unknown
/usr/bin/oslevel       = unknown
/bin/universe          = unknown

PATH: /usr/local/go/bin
PATH: .
PATH: /root/.pyenv/shims
PATH: /root/.pyenv/bin
PATH: /usr/local/sbin
PATH: /usr/local/bin
PATH: /usr/sbin
PATH: /usr/bin
PATH: /sbin
PATH: /bin
PATH: /usr/local/games
PATH: /usr/games
PATH: /opt/010editor
PATH: /root/Android/Sdk/platform-tools
PATH: /root/Documents/idea-IC-231.9011.34/bin
PATH: /root/go/bin
PATH: /root/Desktop/androidfile/binutils/aarch64-linux-android-4.9/bin/
PATH: /root/hxz/binutils_for_android/aarch64-linux-android-toolchain/bin


## ----------- ##
## Core tests. ##
## ----------- ##

configure:2344: checking build system type
configure:2358: result: x86_64-pc-linux-gnu
configure:2405: checking host system type
configure:2418: result: aarch64-unknown-linux-android
configure:2438: checking target system type
configure:2451: result: aarch64-unknown-linux-android
configure:2505: checking for a BSD-compatible install
configure:2573: result: /usr/bin/install -c
configure:2584: checking whether ln works
configure:2606: result: yes
configure:2610: checking whether ln -s works
configure:2614: result: yes
configure:2621: checking for a sed that does not truncate output
configure:2685: result: /usr/bin/sed
configure:2694: checking for gawk
configure:2710: found /usr/bin/gawk
configure:2721: result: gawk
configure:3998: checking for aarch64-linux-android-gcc
configure:4025: result: aarch64-linux-android-clang
configure:4294: checking for C compiler version
configure:4303: aarch64-linux-android-clang --version >&5
Android (9352603, based on r450784d1) clang version 14.0.7 (https://android.googlesource.com/toolchain/llvm-project 4c603efb0cca074e9238af8b4106c30add4418f6)
Target: aarch64-unknown-linux-android26
Thread model: posix
InstalledDir: /root/hxz/binutils_for_android/aarch64-linux-android-toolchain/bin
configure:4314: $? = 0
configure:4303: aarch64-linux-android-clang -v >&5
Android (9352603, based on r450784d1) clang version 14.0.7 (https://android.googlesource.com/toolchain/llvm-project 4c603efb0cca074e9238af8b4106c30add4418f6)
Target: aarch64-unknown-linux-android26
Thread model: posix
InstalledDir: /root/hxz/binutils_for_android/aarch64-linux-android-toolchain/bin
configure:4314: $? = 0
configure:4303: aarch64-linux-android-clang -V >&5
clang140: error: argument to '-V' is missing (expected 1 value)
clang140: error: no input files
configure:4314: $? = 1
configure:4303: aarch64-linux-android-clang -qversion >&5
clang140: error: unknown argument '-qversion'; did you mean '--version'?
clang140: error: no input files
configure:4314: $? = 1
configure:4334: checking whether the C compiler works
configure:4356: aarch64-linux-android-clang -fPIE -fPIC -Wno-error -Wno-null-pointer-arithmetic  -pie conftest.c  >&5
configure:4360: $? = 0
configure:4408: result: yes
configure:4411: checking for C compiler default output file name
configure:4413: result: a.out
configure:4419: checking for suffix of executables
configure:4426: aarch64-linux-android-clang -o conftest -fPIE -fPIC -Wno-error -Wno-null-pointer-arithmetic  -pie conftest.c  >&5
configure:4430: $? = 0
configure:4452: result: 
configure:4474: checking whether we are cross compiling
configure:4482: aarch64-linux-android-clang -o conftest -fPIE -fPIC -Wno-error -Wno-null-pointer-arithmetic  -pie conftest.c  >&5
configure:4486: $? = 0
configure:4493: ./conftest
./configure: line 4495: ./conftest: cannot execute binary file: Exec format error
configure:4497: $? = 126
configure:4512: result: yes
configure:4517: checking for suffix of object files
configure:4539: aarch64-linux-android-clang -c -fPIE -fPIC -Wno-error -Wno-null-pointer-arithmetic  conftest.c >&5
configure:4543: $? = 0
configure:4564: result: o
configure:4568: checking whether we are using the GNU C compiler
configure:4587: aarch64-linux-android-clang -c -fPIE -fPIC -Wno-error -Wno-null-pointer-arithmetic  conftest.c >&5
configure:4587: $? = 0
configure:4596: result: yes
configure:4605: checking whether aarch64-linux-android-clang accepts -g
configure:4625: aarch64-linux-android-clang -c -g  conftest.c >&5
configure:4625: $? = 0
configure:4666: result: yes
configure:4683: checking for aarch64-linux-android-clang option to accept ISO C89
configure:4746: aarch64-linux-android-clang  -c -fPIE -fPIC -Wno-error -Wno-null-pointer-arithmetic  conftest.c >&5
configure:4746: $? = 0
configure:4759: result: none needed
configure:4891: checking for C++ compiler version
configure:4900: aarch64-linux-android-clang++ --version >&5
Android (9352603, based on r450784d1) clang version 14.0.7 (https://android.googlesource.com/toolchain/llvm-project 4c603efb0cca074e9238af8b4106c30add4418f6)
Target: aarch64-unknown-linux-android26
Thread model: posix
InstalledDir: /root/hxz/binutils_for_android/aarch64-linux-android-toolchain/bin
configure:4911: $? = 0
configure:4900: aarch64-linux-android-clang++ -v >&5
Android (9352603, based on r450784d1) clang version 14.0.7 (https://android.googlesource.com/toolchain/llvm-project 4c603efb0cca074e9238af8b4106c30add4418f6)
Target: aarch64-unknown-linux-android26
Thread model: posix
InstalledDir: /root/hxz/binutils_for_android/aarch64-linux-android-toolchain/bin
configure:4911: $? = 0
configure:4900: aarch64-linux-android-clang++ -V >&5
clang140++: error: argument to '-V' is missing (expected 1 value)
clang140++: error: no input files
configure:4911: $? = 1
configure:4900: aarch64-linux-android-clang++ -qversion >&5
clang140++: error: unknown argument '-qversion'; did you mean '--version'?
clang140++: error: no input files
configure:4911: $? = 1
configure:4915: checking whether we are using the GNU C++ compiler
configure:4934: aarch64-linux-android-clang++ -c   conftest.cpp >&5
configure:4934: $? = 0
configure:4943: result: yes
configure:4952: checking whether aarch64-linux-android-clang++ accepts -g
configure:4972: aarch64-linux-android-clang++ -c -g  conftest.cpp >&5
configure:4972: $? = 0
configure:5013: result: yes
configure:5062: checking whether g++ accepts -static-libstdc++ -static-libgcc
configure:5079: aarch64-linux-android-clang++ -o conftest -g -O2  -pie -static-libstdc++ -static-libgcc conftest.cpp  >&5
conftest.cpp:11:2: error: -static-libstdc++ not implemented
#error -static-libstdc++ not implemented
 ^
1 error generated.
configure:5079: $? = 1
configure: failed program was:
| /* confdefs.h */
| #define PACKAGE_NAME ""
| #define PACKAGE_TARNAME ""
| #define PACKAGE_VERSION ""
| #define PACKAGE_STRING ""
| #define PACKAGE_BUGREPORT ""
| #define PACKAGE_URL ""
| /* end confdefs.h.  */
| 
| #if (__GNUC__ < 4) || (__GNUC__ == 4 && __GNUC_MINOR__ < 5)
| #error -static-libstdc++ not implemented
| #endif
| int main() {}
configure:5083: result: no
configure:5104: checking for aarch64-linux-android-gnatbind
configure:5134: result: no
configure:5144: checking for gnatbind
configure:5174: result: no
configure:5196: checking for aarch64-linux-android-gnatmake
configure:5226: result: no
configure:5236: checking for gnatmake
configure:5266: result: no
configure:5285: checking whether compiler driver understands Ada
configure:5308: result: no
configure:5317: checking how to compare bootstrapped objects
configure:5342: result: cmp --ignore-initial=16 $$f1 $$f2
configure:5402: checking for objdir
configure:5417: result: .libs
configure:5983: checking for isl 0.15 or later
configure:5996: aarch64-linux-android-clang -o conftest -fPIE -fPIC -Wno-error -Wno-null-pointer-arithmetic    -pie  -lisl -lmpc -lmpfr -lgmp conftest.c  -lisl -lgmp >&5
conftest.c:10:10: fatal error: 'isl/schedule.h' file not found
#include <isl/schedule.h>
         ^~~~~~~~~~~~~~~~
1 error generated.
configure:5996: $? = 1
configure: failed program was:
| /* confdefs.h */
| #define PACKAGE_NAME ""
| #define PACKAGE_TARNAME ""
| #define PACKAGE_VERSION ""
| #define PACKAGE_STRING ""
| #define PACKAGE_BUGREPORT ""
| #define PACKAGE_URL ""
| #define LT_OBJDIR ".libs/"
| /* end confdefs.h.  */
| #include <isl/schedule.h>
| int
| main ()
| {
| isl_options_set_schedule_serialize_sccs (NULL, 0);
|   ;
|   return 0;
| }
configure:6003: result: no
configure:6007: result: required isl version is 0.15 or later
configure:7100: checking for default BUILD_CONFIG
configure:7132: result: 
configure:7137: checking for --enable-vtable-verify
configure:7150: result: no
configure:7758: checking for bison
configure:7774: found /usr/bin/bison
configure:7785: result: bison -y
configure:7805: checking for bison
configure:7821: found /usr/bin/bison
configure:7832: result: bison
configure:7852: checking for gm4
configure:7882: result: no
configure:7852: checking for gnum4
configure:7882: result: no
configure:7852: checking for m4
configure:7868: found /usr/bin/m4
configure:7879: result: m4
configure:7899: checking for flex
configure:7915: found /usr/bin/flex
configure:7926: result: flex
configure:7947: checking for flex
configure:7963: found /usr/bin/flex
configure:7974: result: flex
configure:7994: checking for makeinfo
configure:8024: result: no
configure:8055: checking for expect
configure:8071: found /usr/bin/expect
configure:8082: result: expect
configure:8104: checking for runtest
configure:8134: result: no
configure:8168: checking for ar
configure:8195: result: aarch64-linux-android-ar
configure:8210: checking for aarch64-linux-android-ar
configure:8237: result: aarch64-linux-android-ar
configure:8309: checking for as
configure:8336: result: aarch64-linux-android-clang
configure:8351: checking for aarch64-linux-android-as
configure:8378: result: aarch64-linux-android-clang
configure:8492: checking for aarch64-linux-android-dlltool
configure:8522: result: no
configure:8591: checking for ld
configure:8618: result: aarch64-linux-android-ld
configure:8633: checking for aarch64-linux-android-ld
configure:8660: result: aarch64-linux-android-ld
configure:8774: checking for aarch64-linux-android-lipo
configure:8804: result: no
configure:8915: checking for aarch64-linux-android-nm
configure:8945: result: no
configure:9056: checking for aarch64-linux-android-ranlib
configure:9086: result: no
configure:9150: checking for strip
configure:9177: result: aarch64-linux-android-strip
configure:9192: checking for aarch64-linux-android-strip
configure:9219: result: aarch64-linux-android-strip
configure:9328: checking for aarch64-linux-android-windres
configure:9358: result: no
configure:9469: checking for aarch64-linux-android-windmc
configure:9499: result: no
configure:9610: checking for aarch64-linux-android-objcopy
configure:9640: result: no
configure:9751: checking for aarch64-linux-android-objdump
configure:9781: result: no
configure:9892: checking for aarch64-linux-android-readelf
configure:9922: result: no
configure:13809: checking where to find the target ar
configure:13819: result: pre-installed
configure:13851: checking where to find the target as
configure:13861: result: pre-installed
configure:13893: checking where to find the target cc
configure:13903: result: pre-installed
configure:13935: checking where to find the target c++
configure:13945: result: pre-installed
configure:13980: checking where to find the target c++ for libstdc++
configure:13990: result: pre-installed
configure:14025: checking where to find the target dlltool
configure:14035: result: pre-installed
configure:14067: checking where to find the target gcc
configure:14077: result: pre-installed
configure:14109: checking where to find the target gfortran
configure:14119: result: pre-installed
configure:14154: checking where to find the target gccgo
configure:14164: result: pre-installed
configure:14199: checking where to find the target ld
configure:14209: result: pre-installed
configure:14241: checking where to find the target lipo
configure:14251: result: pre-installed
configure:14272: checking where to find the target nm
configure:14282: result: pre-installed
configure:14314: checking where to find the target objcopy
configure:14324: result: pre-installed
configure:14356: checking where to find the target objdump
configure:14366: result: pre-installed
configure:14398: checking where to find the target ranlib
configure:14408: result: pre-installed
configure:14440: checking where to find the target readelf
configure:14450: result: pre-installed
configure:14482: checking where to find the target strip
configure:14492: result: pre-installed
configure:14524: checking where to find the target windres
configure:14534: result: pre-installed
configure:14566: checking where to find the target windmc
configure:14576: result: pre-installed
configure:14636: checking whether to enable maintainer-specific portions of Makefiles
configure:14645: result: no
configure:14880: creating ./config.status

## ---------------------- ##
## Running config.status. ##
## ---------------------- ##

This file was extended by config.status, which was
generated by GNU Autoconf 2.69.  Invocation command line was

  CONFIG_FILES    = 
  CONFIG_HEADERS  = 
  CONFIG_LINKS    = 
  CONFIG_COMMANDS = 
  $ ./config.status 

on r0env

config.status:974: creating Makefile

## ---------------- ##
## Cache variables. ##
## ---------------- ##

ac_cv_build=x86_64-pc-linux-gnu
ac_cv_c_compiler_gnu=yes
ac_cv_cxx_compiler_gnu=yes
ac_cv_env_AR_FOR_TARGET_set=
ac_cv_env_AR_FOR_TARGET_value=
ac_cv_env_AR_set=set
ac_cv_env_AR_value=aarch64-linux-android-ar
ac_cv_env_AS_FOR_TARGET_set=
ac_cv_env_AS_FOR_TARGET_value=
ac_cv_env_AS_set=set
ac_cv_env_AS_value=aarch64-linux-android-clang
ac_cv_env_CCC_set=
ac_cv_env_CCC_value=
ac_cv_env_CC_FOR_TARGET_set=
ac_cv_env_CC_FOR_TARGET_value=
ac_cv_env_CC_set=set
ac_cv_env_CC_value=aarch64-linux-android-clang
ac_cv_env_CFLAGS_set=set
ac_cv_env_CFLAGS_value='-fPIE -fPIC -Wno-error -Wno-null-pointer-arithmetic'
ac_cv_env_CPPFLAGS_set=
ac_cv_env_CPPFLAGS_value=
ac_cv_env_CXXFLAGS_set=
ac_cv_env_CXXFLAGS_value=
ac_cv_env_CXX_FOR_TARGET_set=
ac_cv_env_CXX_FOR_TARGET_value=
ac_cv_env_CXX_set=set
ac_cv_env_CXX_value=aarch64-linux-android-clang++
ac_cv_env_DLLTOOL_FOR_TARGET_set=
ac_cv_env_DLLTOOL_FOR_TARGET_value=
ac_cv_env_DLLTOOL_set=
ac_cv_env_DLLTOOL_value=
ac_cv_env_GCC_FOR_TARGET_set=
ac_cv_env_GCC_FOR_TARGET_value=
ac_cv_env_GFORTRAN_FOR_TARGET_set=
ac_cv_env_GFORTRAN_FOR_TARGET_value=
ac_cv_env_GOC_FOR_TARGET_set=
ac_cv_env_GOC_FOR_TARGET_value=
ac_cv_env_LDFLAGS_set=set
ac_cv_env_LDFLAGS_value=-pie
ac_cv_env_LD_FOR_TARGET_set=
ac_cv_env_LD_FOR_TARGET_value=
ac_cv_env_LD_set=set
ac_cv_env_LD_value=aarch64-linux-android-ld
ac_cv_env_LIBS_set=
ac_cv_env_LIBS_value=
ac_cv_env_LIPO_FOR_TARGET_set=
ac_cv_env_LIPO_FOR_TARGET_value=
ac_cv_env_LIPO_set=
ac_cv_env_LIPO_value=
ac_cv_env_NM_FOR_TARGET_set=
ac_cv_env_NM_FOR_TARGET_value=
ac_cv_env_NM_set=
ac_cv_env_NM_value=
ac_cv_env_OBJCOPY_FOR_TARGET_set=
ac_cv_env_OBJCOPY_FOR_TARGET_value=
ac_cv_env_OBJCOPY_set=
ac_cv_env_OBJCOPY_value=
ac_cv_env_OBJDUMP_FOR_TARGET_set=
ac_cv_env_OBJDUMP_FOR_TARGET_value=
ac_cv_env_OBJDUMP_set=
ac_cv_env_OBJDUMP_value=
ac_cv_env_RANLIB_FOR_TARGET_set=
ac_cv_env_RANLIB_FOR_TARGET_value=
ac_cv_env_RANLIB_set=
ac_cv_env_RANLIB_value=
ac_cv_env_READELF_FOR_TARGET_set=
ac_cv_env_READELF_FOR_TARGET_value=
ac_cv_env_READELF_set=
ac_cv_env_READELF_value=
ac_cv_env_STRIP_FOR_TARGET_set=
ac_cv_env_STRIP_FOR_TARGET_value=
ac_cv_env_STRIP_set=set
ac_cv_env_STRIP_value=aarch64-linux-android-strip
ac_cv_env_WINDMC_FOR_TARGET_set=
ac_cv_env_WINDMC_FOR_TARGET_value=
ac_cv_env_WINDMC_set=
ac_cv_env_WINDMC_value=
ac_cv_env_WINDRES_FOR_TARGET_set=
ac_cv_env_WINDRES_FOR_TARGET_value=
ac_cv_env_WINDRES_set=
ac_cv_env_WINDRES_value=
ac_cv_env_build_alias_set=
ac_cv_env_build_alias_value=
ac_cv_env_build_configargs_set=
ac_cv_env_build_configargs_value=
ac_cv_env_host_alias_set=set
ac_cv_env_host_alias_value=aarch64-linux-android
ac_cv_env_host_configargs_set=
ac_cv_env_host_configargs_value=
ac_cv_env_target_alias_set=
ac_cv_env_target_alias_value=
ac_cv_env_target_configargs_set=
ac_cv_env_target_configargs_value=
ac_cv_host=aarch64-unknown-linux-android
ac_cv_objext=o
ac_cv_path_SED=/usr/bin/sed
ac_cv_path_install='/usr/bin/install -c'
ac_cv_prog_AR=aarch64-linux-android-ar
ac_cv_prog_AS=aarch64-linux-android-clang
ac_cv_prog_AWK=gawk
ac_cv_prog_BISON=bison
ac_cv_prog_CC=aarch64-linux-android-clang
ac_cv_prog_EXPECT=expect
ac_cv_prog_FLEX=flex
ac_cv_prog_LD=aarch64-linux-android-ld
ac_cv_prog_LEX=flex
ac_cv_prog_M4=m4
ac_cv_prog_STRIP=aarch64-linux-android-strip
ac_cv_prog_YACC='bison -y'
ac_cv_prog_cc_c89=
ac_cv_prog_cc_g=yes
ac_cv_prog_cxx_g=yes
ac_cv_target=aarch64-unknown-linux-android
acx_cv_cc_gcc_supports_ada=no
acx_cv_prog_LN=ln
gcc_cv_isl=no
gcc_cv_prog_cmp_skip='cmp --ignore-initial=16 $$f1 $$f2'
gcc_cv_tool_dirs=
gcc_cv_tool_prefix=/root/hxz/binutils_for_android/binutils-2.33.1/install
lt_cv_objdir=.libs

## ----------------- ##
## Output variables. ##
## ----------------- ##

AR='aarch64-linux-android-ar'
AR_FOR_BUILD='ar'
AR_FOR_TARGET='ar'
AS='aarch64-linux-android-clang'
AS_FOR_BUILD='as'
AS_FOR_TARGET='as'
AWK='gawk'
BISON='bison'
BUILD_CONFIG=''
CC='aarch64-linux-android-clang'
CC_FOR_BUILD='gcc'
CC_FOR_TARGET='cc'
CFLAGS='-fPIE -fPIC -Wno-error -Wno-null-pointer-arithmetic'
CFLAGS_FOR_BUILD=''
CFLAGS_FOR_TARGET='-g -O2 -fPIE -fPIC -Wno-error -Wno-null-pointer-arithmetic'
COMPILER_AS_FOR_TARGET='$(AS_FOR_TARGET)'
COMPILER_LD_FOR_TARGET='$(LD_FOR_TARGET)'
COMPILER_NM_FOR_TARGET='$(NM_FOR_TARGET)'
CONFIGURE_GDB_TK=''
CPPFLAGS=''
CXX='aarch64-linux-android-clang++'
CXXFLAGS='-g -O2'
CXXFLAGS_FOR_BUILD=''
CXXFLAGS_FOR_TARGET='-g -O2'
CXX_FOR_BUILD='g++'
CXX_FOR_TARGET='c++'
DEBUG_PREFIX_CFLAGS_FOR_TARGET=''
DEFS='-DPACKAGE_NAME=\"\" -DPACKAGE_TARNAME=\"\" -DPACKAGE_VERSION=\"\" -DPACKAGE_STRING=\"\" -DPACKAGE_BUGREPORT=\"\" -DPACKAGE_URL=\"\" -DLT_OBJDIR=\".libs/\"'
DLLTOOL='aarch64-linux-android-dlltool'
DLLTOOL_FOR_BUILD='dlltool'
DLLTOOL_FOR_TARGET='dlltool'
ECHO_C=''
ECHO_N='-n'
ECHO_T=''
EXEEXT=''
EXPECT='expect'
FLAGS_FOR_TARGET=' -L$$r/$(HOST_SUBDIR)/ld'
FLEX='flex'
GCC_FOR_TARGET='cc'
GCC_SHLIB_SUBDIR=''
GDB_TK=''
GFORTRAN_FOR_BUILD='gfortran'
GFORTRAN_FOR_TARGET='gfortran'
GNATBIND='no'
GNATMAKE='no'
GOC_FOR_BUILD='gccgo'
GOC_FOR_TARGET='gccgo'
INSTALL_DATA='${INSTALL} -m 644'
INSTALL_GDB_TK=''
INSTALL_PROGRAM='${INSTALL}'
INSTALL_SCRIPT='${INSTALL}'
LD='aarch64-linux-android-ld'
LDFLAGS='-pie'
LDFLAGS_FOR_BUILD=''
LDFLAGS_FOR_TARGET=''
LD_FOR_BUILD='ld'
LD_FOR_TARGET='ld'
LEX='flex'
LIBOBJS=''
LIBS=''
LIPO='aarch64-linux-android-lipo'
LIPO_FOR_TARGET='lipo'
LN='ln'
LN_S='ln -s'
LTLIBOBJS=''
M4='m4'
MAINT='#'
MAINTAINER_MODE_FALSE=''
MAINTAINER_MODE_TRUE='#'
MAKEINFO='/root/hxz/binutils_for_android/binutils-2.33.1/missing makeinfo'
NM='aarch64-linux-android-nm'
NM_FOR_BUILD='nm'
NM_FOR_TARGET='nm'
OBJCOPY='aarch64-linux-android-objcopy'
OBJCOPY_FOR_TARGET='objcopy'
OBJDUMP='aarch64-linux-android-objdump'
OBJDUMP_FOR_TARGET='objdump'
OBJEXT='o'
PACKAGE_BUGREPORT=''
PACKAGE_NAME=''
PACKAGE_STRING=''
PACKAGE_TARNAME=''
PACKAGE_URL=''
PACKAGE_VERSION=''
PATH_SEPARATOR=':'
RANLIB='true'
RANLIB_FOR_BUILD='ranlib'
RANLIB_FOR_TARGET='ranlib'
RAW_CXX_FOR_TARGET='c++'
READELF='aarch64-linux-android-readelf'
READELF_FOR_TARGET='readelf'
RPATH_ENVVAR='LD_LIBRARY_PATH'
RUNTEST='runtest'
SED='/usr/bin/sed'
SHELL='/bin/bash'
STRIP='aarch64-linux-android-strip'
STRIP_FOR_TARGET='strip'
SYSROOT_CFLAGS_FOR_TARGET=''
TOPLEVEL_CONFIGURE_ARGUMENTS='./configure --host=aarch64-linux-android --prefix=/root/hxz/binutils_for_android/binutils-2.33.1/install'
WINDMC='aarch64-linux-android-windmc'
WINDMC_FOR_BUILD='windmc'
WINDMC_FOR_TARGET='windmc'
WINDRES='aarch64-linux-android-windres'
WINDRES_FOR_BUILD='windres'
WINDRES_FOR_TARGET='windres'
YACC='bison -y'
ac_ct_CC=''
ac_ct_CXX=''
bindir='${exec_prefix}/bin'
build='x86_64-pc-linux-gnu'
build_alias=''
build_configargs=' --cache-file=./config.cache '\''--prefix=/root/hxz/binutils_for_android/binutils-2.33.1/install'\'' --program-transform-name='\''s,y,y,'\'' --disable-option-checking'
build_configdirs=' libiberty'
build_cpu='x86_64'
build_libsubdir='build-x86_64-pc-linux-gnu'
build_noncanonical='x86_64-pc-linux-gnu'
build_os='linux-gnu'
build_subdir='build-x86_64-pc-linux-gnu'
build_tooldir='${exec_prefix}/aarch64-linux-android'
build_vendor='pc'
compare_exclusions='gcc/cc*-checksum$(objext) | gcc/ada/*tools/*'
configdirs=' intl libiberty opcodes bfd zlib libctf binutils gas ld gprof etc'
datadir='${datarootdir}'
datarootdir='${prefix}/share'
do_compare='cmp --ignore-initial=16 $$f1 $$f2'
docdir='${datarootdir}/doc/${PACKAGE}'
dvidir='${docdir}'
exec_prefix='${prefix}'
extra_host_libiberty_configure_flags=''
extra_host_zlib_configure_flags=''
extra_isl_gmp_configure_flags=''
extra_liboffloadmic_configure_flags=''
extra_linker_plugin_configure_flags=''
extra_linker_plugin_flags=''
extra_mpc_gmp_configure_flags=''
extra_mpc_mpfr_configure_flags=''
extra_mpfr_configure_flags=''
get_gcc_base_ver='cat'
gmpinc=''
gmplibs='-lmpc -lmpfr -lgmp'
host='aarch64-unknown-linux-android'
host_alias='aarch64-linux-android'
host_configargs=' --cache-file=./config.cache  --with-gnu-as --with-gnu-ld '\''--prefix=/root/hxz/binutils_for_android/binutils-2.33.1/install'\'' --program-transform-name='\''s,y,y,'\'' --disable-option-checking'
host_cpu='aarch64'
host_noncanonical='aarch64-linux-android'
host_os='linux-android'
host_shared='no'
host_subdir='.'
host_vendor='unknown'
htmldir='${docdir}'
includedir='${prefix}/include'
infodir='${datarootdir}/info'
islinc=''
isllibs=''
libdir='${exec_prefix}/lib'
libexecdir='${exec_prefix}/libexec'
localedir='${datarootdir}/locale'
localstatedir='${prefix}/var'
mandir='${datarootdir}/man'
oldincludedir='/usr/include'
pdfdir='${docdir}'
poststage1_ldflags='-static-libstdc++ -static-libgcc'
poststage1_libs=''
prefix='/root/hxz/binutils_for_android/binutils-2.33.1/install'
program_transform_name='s,y,y,'
psdir='${docdir}'
sbindir='${exec_prefix}/sbin'
sharedstatedir='${prefix}/com'
stage1_cflags='-g'
stage1_checking='--enable-checking=yes,types'
stage1_languages=',c,'
stage1_ldflags=''
stage1_libs=''
stage2_werror_flag=''
sysconfdir='${prefix}/etc'
target='aarch64-unknown-linux-android'
target_alias=''
target_configargs='--cache-file=./config.cache --enable-multilib   '\''--prefix=/root/hxz/binutils_for_android/binutils-2.33.1/install'\'' --program-transform-name='\''s,y,y,'\'' --disable-option-checking'
target_configdirs=''
target_cpu='aarch64'
target_noncanonical='aarch64-linux-android'
target_os='linux-android'
target_subdir='aarch64-linux-android'
target_vendor='unknown'
tooldir='${exec_prefix}/aarch64-linux-android'

## ------------------- ##
## File substitutions. ##
## ------------------- ##

alphaieee_frag='/dev/null'
host_makefile_frag='/dev/null'
ospace_frag='/dev/null'
serialization_dependencies='serdep.tmp'
target_makefile_frag='./config/mt-android'

## ----------- ##
## confdefs.h. ##
## ----------- ##

/* confdefs.h */
#define PACKAGE_NAME ""
#define PACKAGE_TARNAME ""
#define PACKAGE_VERSION ""
#define PACKAGE_STRING ""
#define PACKAGE_BUGREPORT ""
#define PACKAGE_URL ""
#define LT_OBJDIR ".libs/"

configure: exit 0
